[ENV] Reusing portable venv: /home/rsadve1/scratch/.vevn_upair_potable
[ENV] Checking installed package metadata only; TensorFlow/Sionna are not imported here.
[ENV] Python 3.11.5
[ENV] numpy 1.26.4+computecanada
[ENV] pandas 2.2.3+computecanada
[ENV] matplotlib 3.10.0+computecanada
[ENV] PyYAML 6.0.2+computecanada
[ENV] scipy 1.15.1+computecanada
[ENV] tensorflow 2.15.1+computecanada
[ENV] sionna-no-rt 1.2.1
[ENV] optuna 4.8.0+computecanada
[ENV] Skipping TensorFlow/Sionna import check on this node. Set UPAIR_DEEP_IMPORT_CHECK=1 to test imports explicitly.
[ENV] Ready: REPO=/home/rsadve1/scratch/Extended_UPAIR_Narval_b32m16_portable
[ENV] Ready: VENV=/home/rsadve1/scratch/.vevn_upair_potable
[ENV] Reusing portable venv: /home/rsadve1/scratch/.vevn_upair_potable
[ENV] Checking installed package metadata only; TensorFlow/Sionna are not imported here.
[ENV] Python 3.11.5
[ENV] numpy 1.26.4+computecanada
[ENV] pandas 2.2.3+computecanada
[ENV] matplotlib 3.10.0+computecanada
[ENV] PyYAML 6.0.2+computecanada
[ENV] scipy 1.15.1+computecanada
[ENV] tensorflow 2.15.1+computecanada
[ENV] sionna-no-rt 1.2.1
[ENV] optuna 4.8.0+computecanada
[ENV] Skipping TensorFlow/Sionna import check on this node. Set UPAIR_DEEP_IMPORT_CHECK=1 to test imports explicitly.
[ENV] Ready: REPO=/home/rsadve1/scratch/Extended_UPAIR_Narval_b32m16_portable
[ENV] Ready: VENV=/home/rsadve1/scratch/.vevn_upair_potable
================================================================================
[PIPELINE] variant=wide_d320_b4_r2
[PIPELINE] root=/home/rsadve1/scratch/Extended_UPAIR_Narval_b32m16_portable
[PIPELINE] stageB_prefix=clean_b32_prb8_d256_40k_smart_trueDMRS_u34610_1dmrs_stageB
[PIPELINE] receivers=upair5g_lmmse,baseline_ls_lmmse,baseline_ls_2dlmmse_lmmse,perfect_csi_lmmse
[PIPELINE] users=3
[PIPELINE] ebnos=-4,-3,-2,-1,0,1,2,3,4
[PIPELINE] chunk_batches=20 micro=8
================================================================================
[PIPELINE] training missing/incomplete for wide_d320_b4_r2; running training-only resume.
2026-06-10 07:21:01.919384: E external/local_xla/xla/stream_executor/cuda/cuda_dnn.cc:9261] Unable to register cuDNN factory: Attempting to register factory for plugin cuDNN when one has already been registered
2026-06-10 07:21:01.919450: E external/local_xla/xla/stream_executor/cuda/cuda_fft.cc:607] Unable to register cuFFT factory: Attempting to register factory for plugin cuFFT when one has already been registered
2026-06-10 07:21:02.265173: E external/local_xla/xla/stream_executor/cuda/cuda_blas.cc:1515] Unable to register cuBLAS factory: Attempting to register factory for plugin cuBLAS when one has already been registered
[COMPREHENSIVE] loaded Optuna best JSON for wide_d320_b4_r2 from /home/rsadve1/scratch/Extended_UPAIR_Narval_b32m16_portable/optuna/clean_b32_prb8_d256_40k_smart_trueDMRS_u34610_1dmrs_stageB_wide_d320_b4_r2_best_params.json
[TRAIN] optimizer lr_schedule=polynomial_decay learning_rate=0.000875052 weight_decay=8.74509e-06
[TRAIN] seeds active_seed=7 training_seed=7 evaluation_seed=1007
[TRAIN] starting from scratch
2026-06-10 07:22:01.576485: E tensorflow/core/grappler/optimizers/meta_optimizer.cc:961] layout failed: INVALID_ARGUMENT: Size of values 0 does not match size of permutation 4 @ fanin shape inaxial_block_0/dropout/dropout_2/SelectV2-2-TransposeNHWCToNCHW-LayoutOptimizer
WARNING: All log messages before absl::InitializeLog() is called are written to STDERR
I0000 00:00:1781090524.537537 2699784 device_compiler.h:186] Compiled cluster using XLA!  This line is logged at most once for the lifetime of the process.
[TRAIN] step=00001 loss=-0.89300 nmse_prop=0.14757 nmse_ls=0.14757 lr=8.751e-04 step_time=16.495s steps_per_s=0.061 gpu_mem=0.11GiB peak=8.65GiB
[TRAIN] step=00100 loss=-1.57722 nmse_prop=0.07528 nmse_ls=0.09393 lr=8.723e-04 step_time=0.593s steps_per_s=1.207 gpu_mem=0.18GiB peak=8.77GiB
[TRAIN] step=00200 loss=-1.50829 nmse_prop=0.07790 nmse_ls=0.11564 lr=8.695e-04 step_time=0.587s steps_per_s=1.513 gpu_mem=0.18GiB peak=8.77GiB
[TRAIN] step=00300 loss=-1.84865 nmse_prop=0.05834 nmse_ls=0.09279 lr=8.667e-04 step_time=0.583s steps_per_s=1.640 gpu_mem=0.18GiB peak=8.77GiB
[TRAIN] step=00400 loss=-1.95792 nmse_prop=0.05275 nmse_ls=0.09635 lr=8.640e-04 step_time=0.599s steps_per_s=1.707 gpu_mem=0.18GiB peak=8.77GiB
[TRAIN] step=00500 loss=-1.86539 nmse_prop=0.05784 nmse_ls=0.13338 lr=8.612e-04 step_time=0.477s steps_per_s=1.748 gpu_mem=0.18GiB peak=8.77GiB
[TRAIN] step=00600 loss=-2.62970 nmse_prop=0.02775 nmse_ls=0.04538 lr=8.584e-04 step_time=0.463s steps_per_s=1.789 gpu_mem=0.18GiB peak=8.77GiB
[TRAIN] step=00700 loss=-2.42907 nmse_prop=0.03404 nmse_ls=0.08048 lr=8.557e-04 step_time=0.475s steps_per_s=1.813 gpu_mem=0.18GiB peak=8.77GiB
[TRAIN] step=00800 loss=-2.69829 nmse_prop=0.02751 nmse_ls=0.05345 lr=8.529e-04 step_time=0.469s steps_per_s=1.828 gpu_mem=0.18GiB peak=8.77GiB
[TRAIN] step=00900 loss=-2.89775 nmse_prop=0.02279 nmse_ls=0.03634 lr=8.502e-04 step_time=0.583s steps_per_s=1.843 gpu_mem=0.18GiB peak=8.77GiB
[TRAIN] step=01000 loss=-2.23002 nmse_prop=0.04094 nmse_ls=0.11248 lr=8.474e-04 step_time=0.266s steps_per_s=1.852 gpu_mem=0.18GiB peak=8.77GiB
[TRAIN] saved resumable state at step=1000 reason=periodic: /scratch/rsadve1/Extended_UPAIR_Narval_b32m16_portable/TWC_plots_comprehensive/runs_rx16/seed7/1dmrs/wide_d320_b4_r2/checkpoints/training_state/ckpt-1000
[TRAIN] step=01100 loss=-2.58284 nmse_prop=0.02986 nmse_ls=0.07662 lr=8.447e-04 step_time=0.480s steps_per_s=1.856 gpu_mem=0.18GiB peak=8.77GiB
[TRAIN] step=01200 loss=-1.83852 nmse_prop=0.06072 nmse_ls=0.18707 lr=8.419e-04 step_time=0.582s steps_per_s=1.868 gpu_mem=0.18GiB peak=8.77GiB
[TRAIN] step=01300 loss=-2.37076 nmse_prop=0.03665 nmse_ls=0.09134 lr=8.392e-04 step_time=0.591s steps_per_s=1.875 gpu_mem=0.18GiB peak=8.77GiB
[TRAIN] step=01400 loss=-2.75894 nmse_prop=0.02646 nmse_ls=0.05900 lr=8.365e-04 step_time=0.358s steps_per_s=1.885 gpu_mem=0.18GiB peak=8.77GiB
[TRAIN] step=01500 loss=-2.12726 nmse_prop=0.04572 nmse_ls=0.13790 lr=8.337e-04 step_time=0.566s steps_per_s=1.894 gpu_mem=0.18GiB peak=8.77GiB
[TRAIN] step=01600 loss=-2.96939 nmse_prop=0.02253 nmse_ls=0.04413 lr=8.310e-04 step_time=0.462s steps_per_s=1.900 gpu_mem=0.18GiB peak=8.77GiB
[TRAIN] step=01700 loss=-2.76061 nmse_prop=0.02570 nmse_ls=0.06606 lr=8.283e-04 step_time=0.355s steps_per_s=1.907 gpu_mem=0.18GiB peak=8.77GiB
[TRAIN] step=01800 loss=-2.32402 nmse_prop=0.03826 nmse_ls=0.12184 lr=8.256e-04 step_time=0.469s steps_per_s=1.914 gpu_mem=0.18GiB peak=8.77GiB
[TRAIN] step=01900 loss=-2.28931 nmse_prop=0.03949 nmse_ls=0.13163 lr=8.229e-04 step_time=0.461s steps_per_s=1.916 gpu_mem=0.18GiB peak=8.77GiB
WARNING:tensorflow:Model's `__init__()` arguments contain non-serializable objects. Please implement a `get_config()` method in the subclassed Model for proper saving and loading. Defaulting to empty config.
WARNING:tensorflow:Model's `__init__()` arguments contain non-serializable objects. Please implement a `get_config()` method in the subclassed Model for proper saving and loading. Defaulting to empty config.
[TRAIN] saved new best weights at step=2000 val_nmse=0.0304018
[TRAIN] step=02000 loss=-2.01907 nmse_prop=0.05079 nmse_ls=0.17368 lr=8.202e-04 step_time=157.270s steps_per_s=1.671 gpu_mem=0.19GiB peak=8.77GiB
[TRAIN] saved resumable state at step=2000 reason=periodic: /scratch/rsadve1/Extended_UPAIR_Narval_b32m16_portable/TWC_plots_comprehensive/runs_rx16/seed7/1dmrs/wide_d320_b4_r2/checkpoints/training_state/ckpt-2000
[TRAIN] step=02100 loss=-2.85168 nmse_prop=0.02430 nmse_ls=0.05667 lr=8.174e-04 step_time=0.257s steps_per_s=1.685 gpu_mem=0.19GiB peak=8.78GiB
[TRAIN] step=02200 loss=-2.31878 nmse_prop=0.03844 nmse_ls=0.11254 lr=8.147e-04 step_time=0.573s steps_per_s=1.698 gpu_mem=0.19GiB peak=8.78GiB
[TRAIN] step=02300 loss=-2.80660 nmse_prop=0.02530 nmse_ls=0.05348 lr=8.120e-04 step_time=0.561s steps_per_s=1.710 gpu_mem=0.19GiB peak=8.78GiB
[TRAIN] step=02400 loss=-3.03589 nmse_prop=0.02057 nmse_ls=0.04084 lr=8.093e-04 step_time=0.452s steps_per_s=1.721 gpu_mem=0.19GiB peak=8.78GiB
[TRAIN] step=02500 loss=-2.84301 nmse_prop=0.02344 nmse_ls=0.06629 lr=8.067e-04 step_time=0.256s steps_per_s=1.731 gpu_mem=0.19GiB peak=8.78GiB
[TRAIN] step=02600 loss=-1.92887 nmse_prop=0.05519 nmse_ls=0.23632 lr=8.040e-04 step_time=0.453s steps_per_s=1.742 gpu_mem=0.19GiB peak=8.78GiB
[TRAIN] step=02700 loss=-2.70070 nmse_prop=0.02785 nmse_ls=0.06622 lr=8.013e-04 step_time=0.563s steps_per_s=1.751 gpu_mem=0.19GiB peak=8.78GiB
[TRAIN] step=02800 loss=-2.24402 nmse_prop=0.04078 nmse_ls=0.14598 lr=7.986e-04 step_time=0.562s steps_per_s=1.758 gpu_mem=0.19GiB peak=8.78GiB
[TRAIN] step=02900 loss=-2.05292 nmse_prop=0.04935 nmse_ls=0.20617 lr=7.959e-04 step_time=0.345s steps_per_s=1.767 gpu_mem=0.19GiB peak=8.78GiB
[TRAIN] step=03000 loss=-2.91798 nmse_prop=0.02262 nmse_ls=0.05146 lr=7.933e-04 step_time=0.556s steps_per_s=1.776 gpu_mem=0.19GiB peak=8.78GiB
[TRAIN] saved resumable state at step=3000 reason=periodic: /scratch/rsadve1/Extended_UPAIR_Narval_b32m16_portable/TWC_plots_comprehensive/runs_rx16/seed7/1dmrs/wide_d320_b4_r2/checkpoints/training_state/ckpt-3000
[TRAIN] step=03100 loss=-2.91417 nmse_prop=0.02286 nmse_ls=0.05501 lr=7.906e-04 step_time=0.457s steps_per_s=1.779 gpu_mem=0.19GiB peak=8.78GiB
[TRAIN] step=03200 loss=-2.57674 nmse_prop=0.02991 nmse_ls=0.10317 lr=7.879e-04 step_time=0.353s steps_per_s=1.787 gpu_mem=0.19GiB peak=8.78GiB
[TRAIN] step=03300 loss=-1.97133 nmse_prop=0.05352 nmse_ls=0.22133 lr=7.853e-04 step_time=0.457s steps_per_s=1.795 gpu_mem=0.19GiB peak=8.78GiB
[TRAIN] step=03400 loss=-2.79470 nmse_prop=0.02529 nmse_ls=0.06779 lr=7.826e-04 step_time=0.453s steps_per_s=1.801 gpu_mem=0.19GiB peak=8.78GiB
[TRAIN] step=03500 loss=-2.84756 nmse_prop=0.02413 nmse_ls=0.06128 lr=7.799e-04 step_time=0.457s steps_per_s=1.807 gpu_mem=0.19GiB peak=8.78GiB
[TRAIN] step=03600 loss=-3.04329 nmse_prop=0.01992 nmse_ls=0.04773 lr=7.773e-04 step_time=0.463s steps_per_s=1.813 gpu_mem=0.19GiB peak=8.78GiB
[TRAIN] step=03700 loss=-2.00621 nmse_prop=0.05119 nmse_ls=0.22948 lr=7.746e-04 step_time=0.441s steps_per_s=1.818 gpu_mem=0.19GiB peak=8.78GiB
[TRAIN] step=03800 loss=-3.17654 nmse_prop=0.01823 nmse_ls=0.03985 lr=7.720e-04 step_time=0.247s steps_per_s=1.824 gpu_mem=0.19GiB peak=8.78GiB
[TRAIN] step=03900 loss=-2.35814 nmse_prop=0.03665 nmse_ls=0.12644 lr=7.694e-04 step_time=0.562s steps_per_s=1.828 gpu_mem=0.19GiB peak=8.78GiB
WARNING:tensorflow:Model's `__init__()` arguments contain non-serializable objects. Please implement a `get_config()` method in the subclassed Model for proper saving and loading. Defaulting to empty config.
WARNING:tensorflow:Model's `__init__()` arguments contain non-serializable objects. Please implement a `get_config()` method in the subclassed Model for proper saving and loading. Defaulting to empty config.
[TRAIN] saved new best weights at step=4000 val_nmse=0.0290976
[TRAIN] step=04000 loss=-1.99358 nmse_prop=0.05228 nmse_ls=0.22989 lr=7.667e-04 step_time=153.217s steps_per_s=1.713 gpu_mem=0.19GiB peak=8.78GiB
[TRAIN] saved resumable state at step=4000 reason=periodic: /scratch/rsadve1/Extended_UPAIR_Narval_b32m16_portable/TWC_plots_comprehensive/runs_rx16/seed7/1dmrs/wide_d320_b4_r2/checkpoints/training_state/ckpt-4000
[TRAIN] step=04100 loss=-2.74974 nmse_prop=0.02635 nmse_ls=0.08418 lr=7.641e-04 step_time=0.352s steps_per_s=1.720 gpu_mem=0.19GiB peak=8.78GiB
[TRAIN] step=04200 loss=-2.67175 nmse_prop=0.02775 nmse_ls=0.08833 lr=7.615e-04 step_time=0.456s steps_per_s=1.726 gpu_mem=0.19GiB peak=8.78GiB
[TRAIN] step=04300 loss=-3.07663 nmse_prop=0.01997 nmse_ls=0.04215 lr=7.588e-04 step_time=0.571s steps_per_s=1.733 gpu_mem=0.19GiB peak=8.78GiB
[TRAIN] step=04400 loss=-2.05965 nmse_prop=0.04894 nmse_ls=0.19348 lr=7.562e-04 step_time=0.566s steps_per_s=1.740 gpu_mem=0.19GiB peak=8.78GiB
[TRAIN] step=04500 loss=-3.08153 nmse_prop=0.02021 nmse_ls=0.03925 lr=7.536e-04 step_time=0.565s steps_per_s=1.747 gpu_mem=0.19GiB peak=8.78GiB
[TRAIN] step=04600 loss=-2.77021 nmse_prop=0.02568 nmse_ls=0.07762 lr=7.510e-04 step_time=0.465s steps_per_s=1.752 gpu_mem=0.19GiB peak=8.78GiB
[TRAIN] step=04700 loss=-1.94233 nmse_prop=0.05454 nmse_ls=0.23250 lr=7.484e-04 step_time=0.555s steps_per_s=1.757 gpu_mem=0.19GiB peak=8.78GiB
[TRAIN] step=04800 loss=-2.76290 nmse_prop=0.02585 nmse_ls=0.07032 lr=7.458e-04 step_time=0.568s steps_per_s=1.762 gpu_mem=0.19GiB peak=8.78GiB
[TRAIN] step=04900 loss=-2.66839 nmse_prop=0.02775 nmse_ls=0.10390 lr=7.432e-04 step_time=0.361s steps_per_s=1.767 gpu_mem=0.19GiB peak=8.78GiB
[TRAIN] step=05000 loss=-3.24857 nmse_prop=0.01607 nmse_ls=0.04745 lr=7.406e-04 step_time=0.254s steps_per_s=1.772 gpu_mem=0.19GiB peak=8.78GiB
[TRAIN] saved resumable state at step=5000 reason=periodic: /scratch/rsadve1/Extended_UPAIR_Narval_b32m16_portable/TWC_plots_comprehensive/runs_rx16/seed7/1dmrs/wide_d320_b4_r2/checkpoints/training_state/ckpt-5000
[TRAIN] step=05100 loss=-2.94135 nmse_prop=0.02219 nmse_ls=0.05189 lr=7.380e-04 step_time=0.569s steps_per_s=1.776 gpu_mem=0.19GiB peak=8.78GiB
[TRAIN] step=05200 loss=-3.13960 nmse_prop=0.01816 nmse_ls=0.05140 lr=7.354e-04 step_time=0.349s steps_per_s=1.781 gpu_mem=0.19GiB peak=8.78GiB
[TRAIN] step=05300 loss=-2.11670 nmse_prop=0.04622 nmse_ls=0.21072 lr=7.328e-04 step_time=0.457s steps_per_s=1.785 gpu_mem=0.19GiB peak=8.78GiB
[TRAIN] step=05400 loss=-3.06637 nmse_prop=0.02014 nmse_ls=0.04462 lr=7.302e-04 step_time=0.561s steps_per_s=1.789 gpu_mem=0.19GiB peak=8.78GiB
[TRAIN] step=05500 loss=-2.29328 nmse_prop=0.03922 nmse_ls=0.18350 lr=7.276e-04 step_time=0.354s steps_per_s=1.793 gpu_mem=0.19GiB peak=8.78GiB
[TRAIN] step=05600 loss=-3.19779 nmse_prop=0.01828 nmse_ls=0.04297 lr=7.251e-04 step_time=0.354s steps_per_s=1.797 gpu_mem=0.19GiB peak=8.78GiB
[TRAIN] step=05700 loss=-2.27780 nmse_prop=0.03930 nmse_ls=0.19214 lr=7.225e-04 step_time=0.258s steps_per_s=1.800 gpu_mem=0.19GiB peak=8.78GiB
[TRAIN] step=05800 loss=-2.85018 nmse_prop=0.02415 nmse_ls=0.06213 lr=7.199e-04 step_time=0.550s steps_per_s=1.804 gpu_mem=0.19GiB peak=8.78GiB
[TRAIN] step=05900 loss=-3.30284 nmse_prop=0.01636 nmse_ls=0.03602 lr=7.174e-04 step_time=0.455s steps_per_s=1.807 gpu_mem=0.19GiB peak=8.78GiB
WARNING:tensorflow:Model's `__init__()` arguments contain non-serializable objects. Please implement a `get_config()` method in the subclassed Model for proper saving and loading. Defaulting to empty config.
WARNING:tensorflow:Model's `__init__()` arguments contain non-serializable objects. Please implement a `get_config()` method in the subclassed Model for proper saving and loading. Defaulting to empty config.
[TRAIN] saved new best weights at step=6000 val_nmse=0.0263053
[TRAIN] step=06000 loss=-3.25079 nmse_prop=0.01735 nmse_ls=0.03907 lr=7.148e-04 step_time=149.456s steps_per_s=1.733 gpu_mem=0.19GiB peak=8.78GiB
[TRAIN] saved resumable state at step=6000 reason=periodic: /scratch/rsadve1/Extended_UPAIR_Narval_b32m16_portable/TWC_plots_comprehensive/runs_rx16/seed7/1dmrs/wide_d320_b4_r2/checkpoints/training_state/ckpt-6000
[TRAIN] step=06100 loss=-1.91743 nmse_prop=0.05580 nmse_ls=0.24636 lr=7.122e-04 step_time=0.557s steps_per_s=1.737 gpu_mem=0.19GiB peak=8.78GiB
[TRAIN] step=06200 loss=-2.65259 nmse_prop=0.02802 nmse_ls=0.09906 lr=7.097e-04 step_time=0.457s steps_per_s=1.741 gpu_mem=0.19GiB peak=8.78GiB
[TRAIN] step=06300 loss=-2.26082 nmse_prop=0.03995 nmse_ls=0.19513 lr=7.071e-04 step_time=0.346s steps_per_s=1.745 gpu_mem=0.19GiB peak=8.78GiB
[TRAIN] step=06400 loss=-2.60652 nmse_prop=0.02965 nmse_ls=0.09400 lr=7.046e-04 step_time=0.565s steps_per_s=1.750 gpu_mem=0.19GiB peak=8.78GiB
[TRAIN] step=06500 loss=-3.06148 nmse_prop=0.02180 nmse_ls=0.05298 lr=7.021e-04 step_time=0.247s steps_per_s=1.754 gpu_mem=0.19GiB peak=8.78GiB
[TRAIN] step=06600 loss=-3.08828 nmse_prop=0.01941 nmse_ls=0.04878 lr=6.995e-04 step_time=0.466s steps_per_s=1.757 gpu_mem=0.19GiB peak=8.78GiB
[TRAIN] step=06700 loss=-2.44150 nmse_prop=0.03460 nmse_ls=0.12504 lr=6.970e-04 step_time=0.464s steps_per_s=1.760 gpu_mem=0.19GiB peak=8.78GiB
[TRAIN] step=06800 loss=-2.98864 nmse_prop=0.02197 nmse_ls=0.04837 lr=6.945e-04 step_time=0.557s steps_per_s=1.764 gpu_mem=0.19GiB peak=8.78GiB
[TRAIN] step=06900 loss=-2.24067 nmse_prop=0.04102 nmse_ls=0.16818 lr=6.919e-04 step_time=0.566s steps_per_s=1.767 gpu_mem=0.19GiB peak=8.78GiB
[TRAIN] step=07000 loss=-2.42665 nmse_prop=0.03443 nmse_ls=0.13294 lr=6.894e-04 step_time=0.563s steps_per_s=1.770 gpu_mem=0.19GiB peak=8.78GiB
[TRAIN] saved resumable state at step=7000 reason=periodic: /scratch/rsadve1/Extended_UPAIR_Narval_b32m16_portable/TWC_plots_comprehensive/runs_rx16/seed7/1dmrs/wide_d320_b4_r2/checkpoints/training_state/ckpt-7000
[TRAIN] step=07100 loss=-2.31919 nmse_prop=0.03802 nmse_ls=0.18410 lr=6.869e-04 step_time=0.358s steps_per_s=1.773 gpu_mem=0.19GiB peak=8.78GiB
[TRAIN] step=07200 loss=-2.05856 nmse_prop=0.04880 nmse_ls=0.24822 lr=6.844e-04 step_time=0.455s steps_per_s=1.776 gpu_mem=0.19GiB peak=8.78GiB
[TRAIN] step=07300 loss=-2.49906 nmse_prop=0.03267 nmse_ls=0.12362 lr=6.819e-04 step_time=0.462s steps_per_s=1.780 gpu_mem=0.19GiB peak=8.78GiB
[TRAIN] step=07400 loss=-2.91515 nmse_prop=0.02293 nmse_ls=0.05805 lr=6.794e-04 step_time=0.565s steps_per_s=1.783 gpu_mem=0.19GiB peak=8.78GiB
[TRAIN] step=07500 loss=-2.18810 nmse_prop=0.04290 nmse_ls=0.24676 lr=6.769e-04 step_time=0.253s steps_per_s=1.786 gpu_mem=0.19GiB peak=8.78GiB
[TRAIN] step=07600 loss=-2.89633 nmse_prop=0.02291 nmse_ls=0.07086 lr=6.744e-04 step_time=0.458s steps_per_s=1.789 gpu_mem=0.19GiB peak=8.78GiB
[TRAIN] step=07700 loss=-2.87748 nmse_prop=0.02265 nmse_ls=0.07530 lr=6.719e-04 step_time=0.463s steps_per_s=1.792 gpu_mem=0.19GiB peak=8.78GiB
[TRAIN] step=07800 loss=-3.34651 nmse_prop=0.01514 nmse_ls=0.04911 lr=6.694e-04 step_time=0.247s steps_per_s=1.795 gpu_mem=0.19GiB peak=8.78GiB
[TRAIN] step=07900 loss=-2.50958 nmse_prop=0.03168 nmse_ls=0.15416 lr=6.669e-04 step_time=0.355s steps_per_s=1.798 gpu_mem=0.19GiB peak=8.78GiB
WARNING:tensorflow:Model's `__init__()` arguments contain non-serializable objects. Please implement a `get_config()` method in the subclassed Model for proper saving and loading. Defaulting to empty config.
WARNING:tensorflow:Model's `__init__()` arguments contain non-serializable objects. Please implement a `get_config()` method in the subclassed Model for proper saving and loading. Defaulting to empty config.
[TRAIN] saved new best weights at step=8000 val_nmse=0.0261748
[TRAIN] step=08000 loss=-3.16744 nmse_prop=0.01853 nmse_ls=0.04282 lr=6.644e-04 step_time=149.069s steps_per_s=1.743 gpu_mem=0.19GiB peak=8.78GiB
[TRAIN] saved resumable state at step=8000 reason=periodic: /scratch/rsadve1/Extended_UPAIR_Narval_b32m16_portable/TWC_plots_comprehensive/runs_rx16/seed7/1dmrs/wide_d320_b4_r2/checkpoints/training_state/ckpt-8000
[TRAIN] step=08100 loss=-2.53234 nmse_prop=0.03162 nmse_ls=0.12573 lr=6.619e-04 step_time=0.460s steps_per_s=1.745 gpu_mem=0.19GiB peak=8.78GiB
[TRAIN] step=08200 loss=-2.12146 nmse_prop=0.04609 nmse_ls=0.20538 lr=6.595e-04 step_time=0.461s steps_per_s=1.749 gpu_mem=0.19GiB peak=8.78GiB
[TRAIN] step=08300 loss=-3.11379 nmse_prop=0.01946 nmse_ls=0.04006 lr=6.570e-04 step_time=0.565s steps_per_s=1.752 gpu_mem=0.19GiB peak=8.78GiB
[TRAIN] step=08400 loss=-2.13232 nmse_prop=0.04572 nmse_ls=0.19494 lr=6.545e-04 step_time=0.563s steps_per_s=1.755 gpu_mem=0.19GiB peak=8.78GiB
[TRAIN] step=08500 loss=-2.91713 nmse_prop=0.02276 nmse_ls=0.06818 lr=6.521e-04 step_time=0.458s steps_per_s=1.757 gpu_mem=0.19GiB peak=8.78GiB
[TRAIN] step=08600 loss=-2.79577 nmse_prop=0.02438 nmse_ls=0.08033 lr=6.496e-04 step_time=0.556s steps_per_s=1.760 gpu_mem=0.19GiB peak=8.78GiB
[TRAIN] step=08700 loss=-2.26968 nmse_prop=0.04040 nmse_ls=0.15895 lr=6.471e-04 step_time=0.565s steps_per_s=1.763 gpu_mem=0.19GiB peak=8.78GiB
[TRAIN] step=08800 loss=-3.04181 nmse_prop=0.02085 nmse_ls=0.04881 lr=6.447e-04 step_time=0.564s steps_per_s=1.765 gpu_mem=0.19GiB peak=8.78GiB
[TRAIN] step=08900 loss=-2.91108 nmse_prop=0.02139 nmse_ls=0.09214 lr=6.422e-04 step_time=0.353s steps_per_s=1.768 gpu_mem=0.19GiB peak=8.78GiB
[TRAIN] step=09000 loss=-2.83645 nmse_prop=0.02403 nmse_ls=0.07177 lr=6.398e-04 step_time=0.561s steps_per_s=1.771 gpu_mem=0.19GiB peak=8.78GiB
[TRAIN] saved resumable state at step=9000 reason=periodic: /scratch/rsadve1/Extended_UPAIR_Narval_b32m16_portable/TWC_plots_comprehensive/runs_rx16/seed7/1dmrs/wide_d320_b4_r2/checkpoints/training_state/ckpt-9000
[TRAIN] step=09100 loss=-3.06193 nmse_prop=0.02058 nmse_ls=0.04635 lr=6.374e-04 step_time=0.560s steps_per_s=1.773 gpu_mem=0.19GiB peak=8.78GiB
[TRAIN] step=09200 loss=-2.58790 nmse_prop=0.03002 nmse_ls=0.11836 lr=6.349e-04 step_time=0.456s steps_per_s=1.775 gpu_mem=0.19GiB peak=8.78GiB
[TRAIN] step=09300 loss=-2.57876 nmse_prop=0.03027 nmse_ls=0.13687 lr=6.325e-04 step_time=0.355s steps_per_s=1.778 gpu_mem=0.19GiB peak=8.78GiB
[TRAIN] step=09400 loss=-2.94695 nmse_prop=0.02211 nmse_ls=0.08522 lr=6.301e-04 step_time=0.257s steps_per_s=1.780 gpu_mem=0.19GiB peak=8.78GiB
[TRAIN] step=09500 loss=-2.40374 nmse_prop=0.03566 nmse_ls=0.14665 lr=6.276e-04 step_time=0.465s steps_per_s=1.783 gpu_mem=0.19GiB peak=8.78GiB
[TRAIN] step=09600 loss=-2.61887 nmse_prop=0.02936 nmse_ls=0.10917 lr=6.252e-04 step_time=0.464s steps_per_s=1.785 gpu_mem=0.19GiB peak=8.78GiB
[TRAIN] step=09700 loss=-2.95400 nmse_prop=0.02167 nmse_ls=0.05934 lr=6.228e-04 step_time=0.568s steps_per_s=1.787 gpu_mem=0.19GiB peak=8.78GiB
[TRAIN] step=09800 loss=-3.17371 nmse_prop=0.01840 nmse_ls=0.06189 lr=6.204e-04 step_time=0.258s steps_per_s=1.789 gpu_mem=0.19GiB peak=8.78GiB
[TRAIN] step=09900 loss=-2.86906 nmse_prop=0.02359 nmse_ls=0.08923 lr=6.180e-04 step_time=0.256s steps_per_s=1.791 gpu_mem=0.19GiB peak=8.78GiB
[TRAIN] step=10000 loss=-2.59698 nmse_prop=0.02976 nmse_ls=0.11739 lr=6.156e-04 step_time=150.062s steps_per_s=1.747 gpu_mem=0.19GiB peak=8.78GiB
[TRAIN] saved resumable state at step=10000 reason=periodic: /scratch/rsadve1/Extended_UPAIR_Narval_b32m16_portable/TWC_plots_comprehensive/runs_rx16/seed7/1dmrs/wide_d320_b4_r2/checkpoints/training_state/ckpt-10000
[TRAIN] step=10100 loss=-2.72792 nmse_prop=0.02652 nmse_ls=0.09768 lr=6.132e-04 step_time=0.443s steps_per_s=1.750 gpu_mem=0.19GiB peak=8.78GiB
[TRAIN] step=10200 loss=-2.68492 nmse_prop=0.02790 nmse_ls=0.09194 lr=6.108e-04 step_time=0.560s steps_per_s=1.752 gpu_mem=0.19GiB peak=8.78GiB
[TRAIN] step=10300 loss=-2.84725 nmse_prop=0.02470 nmse_ls=0.07806 lr=6.084e-04 step_time=0.462s steps_per_s=1.754 gpu_mem=0.19GiB peak=8.78GiB
[TRAIN] step=10400 loss=-3.19757 nmse_prop=0.01765 nmse_ls=0.04789 lr=6.060e-04 step_time=0.457s steps_per_s=1.757 gpu_mem=0.19GiB peak=8.78GiB
[TRAIN] step=10500 loss=-2.34506 nmse_prop=0.03741 nmse_ls=0.16001 lr=6.036e-04 step_time=0.559s steps_per_s=1.759 gpu_mem=0.19GiB peak=8.78GiB
[TRAIN] step=10600 loss=-2.93789 nmse_prop=0.02182 nmse_ls=0.07518 lr=6.012e-04 step_time=0.466s steps_per_s=1.761 gpu_mem=0.19GiB peak=8.78GiB
[TRAIN] step=10700 loss=-3.08121 nmse_prop=0.01973 nmse_ls=0.04935 lr=5.989e-04 step_time=0.561s steps_per_s=1.763 gpu_mem=0.19GiB peak=8.78GiB
[TRAIN] step=10800 loss=-2.61238 nmse_prop=0.02940 nmse_ls=0.10332 lr=5.965e-04 step_time=0.567s steps_per_s=1.766 gpu_mem=0.19GiB peak=8.78GiB
[TRAIN] step=10900 loss=-2.79277 nmse_prop=0.02484 nmse_ls=0.08040 lr=5.941e-04 step_time=0.537s steps_per_s=1.768 gpu_mem=0.19GiB peak=8.78GiB
[TRAIN] step=11000 loss=-2.36531 nmse_prop=0.03682 nmse_ls=0.15310 lr=5.918e-04 step_time=0.566s steps_per_s=1.771 gpu_mem=0.19GiB peak=8.78GiB
[TRAIN] saved resumable state at step=11000 reason=periodic: /scratch/rsadve1/Extended_UPAIR_Narval_b32m16_portable/TWC_plots_comprehensive/runs_rx16/seed7/1dmrs/wide_d320_b4_r2/checkpoints/training_state/ckpt-11000
[TRAIN] step=11100 loss=-2.84719 nmse_prop=0.02367 nmse_ls=0.11084 lr=5.894e-04 step_time=0.252s steps_per_s=1.772 gpu_mem=0.19GiB peak=8.78GiB
[TRAIN] step=11200 loss=-2.96042 nmse_prop=0.02096 nmse_ls=0.08640 lr=5.871e-04 step_time=0.357s steps_per_s=1.774 gpu_mem=0.19GiB peak=8.78GiB
[TRAIN] step=11300 loss=-2.35696 nmse_prop=0.03641 nmse_ls=0.19709 lr=5.847e-04 step_time=0.462s steps_per_s=1.775 gpu_mem=0.19GiB peak=8.78GiB
[TRAIN] step=11400 loss=-3.21548 nmse_prop=0.01825 nmse_ls=0.03719 lr=5.824e-04 step_time=0.570s steps_per_s=1.777 gpu_mem=0.19GiB peak=8.78GiB
[TRAIN] step=11500 loss=-2.62716 nmse_prop=0.02908 nmse_ls=0.10500 lr=5.800e-04 step_time=0.560s steps_per_s=1.779 gpu_mem=0.19GiB peak=8.78GiB
[TRAIN] step=11600 loss=-2.14501 nmse_prop=0.04538 nmse_ls=0.20764 lr=5.777e-04 step_time=0.564s steps_per_s=1.781 gpu_mem=0.19GiB peak=8.78GiB
[TRAIN] step=11700 loss=-3.36517 nmse_prop=0.01595 nmse_ls=0.03914 lr=5.753e-04 step_time=0.356s steps_per_s=1.783 gpu_mem=0.19GiB peak=8.78GiB
[TRAIN] step=11800 loss=-3.17861 nmse_prop=0.01848 nmse_ls=0.04075 lr=5.730e-04 step_time=0.567s steps_per_s=1.785 gpu_mem=0.19GiB peak=8.78GiB
[TRAIN] step=11900 loss=-3.01189 nmse_prop=0.02055 nmse_ls=0.05694 lr=5.707e-04 step_time=0.571s steps_per_s=1.787 gpu_mem=0.19GiB peak=8.78GiB
WARNING:tensorflow:Model's `__init__()` arguments contain non-serializable objects. Please implement a `get_config()` method in the subclassed Model for proper saving and loading. Defaulting to empty config.
WARNING:tensorflow:Model's `__init__()` arguments contain non-serializable objects. Please implement a `get_config()` method in the subclassed Model for proper saving and loading. Defaulting to empty config.
[TRAIN] saved new best weights at step=12000 val_nmse=0.0248208
[TRAIN] step=12000 loss=-2.36433 nmse_prop=0.03669 nmse_ls=0.15863 lr=5.683e-04 step_time=150.828s steps_per_s=1.750 gpu_mem=0.19GiB peak=8.78GiB
[TRAIN] saved resumable state at step=12000 reason=periodic: /scratch/rsadve1/Extended_UPAIR_Narval_b32m16_portable/TWC_plots_comprehensive/runs_rx16/seed7/1dmrs/wide_d320_b4_r2/checkpoints/training_state/ckpt-12000
[TRAIN] step=12100 loss=-2.88573 nmse_prop=0.02337 nmse_ls=0.06964 lr=5.660e-04 step_time=0.568s steps_per_s=1.751 gpu_mem=0.19GiB peak=8.78GiB
[TRAIN] step=12200 loss=-2.56892 nmse_prop=0.03043 nmse_ls=0.11253 lr=5.637e-04 step_time=0.567s steps_per_s=1.753 gpu_mem=0.19GiB peak=8.78GiB
[TRAIN] step=12300 loss=-3.24062 nmse_prop=0.01792 nmse_ls=0.04216 lr=5.614e-04 step_time=0.454s steps_per_s=1.755 gpu_mem=0.19GiB peak=8.78GiB
[TRAIN] step=12400 loss=-2.72083 nmse_prop=0.02686 nmse_ls=0.10117 lr=5.591e-04 step_time=0.455s steps_per_s=1.757 gpu_mem=0.19GiB peak=8.78GiB
[TRAIN] step=12500 loss=-3.05229 nmse_prop=0.02063 nmse_ls=0.05100 lr=5.568e-04 step_time=0.568s steps_per_s=1.759 gpu_mem=0.19GiB peak=8.78GiB
[TRAIN] step=12600 loss=-2.28822 nmse_prop=0.03888 nmse_ls=0.20786 lr=5.545e-04 step_time=0.457s steps_per_s=1.761 gpu_mem=0.19GiB peak=8.78GiB
[TRAIN] step=12700 loss=-3.09100 nmse_prop=0.02057 nmse_ls=0.06061 lr=5.522e-04 step_time=0.346s steps_per_s=1.763 gpu_mem=0.19GiB peak=8.78GiB
[TRAIN] step=12800 loss=-2.31314 nmse_prop=0.03859 nmse_ls=0.19618 lr=5.499e-04 step_time=0.459s steps_per_s=1.765 gpu_mem=0.19GiB peak=8.78GiB
[TRAIN] step=12900 loss=-2.89646 nmse_prop=0.02253 nmse_ls=0.10898 lr=5.476e-04 step_time=0.257s steps_per_s=1.767 gpu_mem=0.19GiB peak=8.78GiB
[TRAIN] step=13000 loss=-2.17263 nmse_prop=0.04345 nmse_ls=0.24738 lr=5.453e-04 step_time=0.462s steps_per_s=1.769 gpu_mem=0.19GiB peak=8.78GiB
[TRAIN] saved resumable state at step=13000 reason=periodic: /scratch/rsadve1/Extended_UPAIR_Narval_b32m16_portable/TWC_plots_comprehensive/runs_rx16/seed7/1dmrs/wide_d320_b4_r2/checkpoints/training_state/ckpt-13000
[TRAIN] step=13100 loss=-2.67151 nmse_prop=0.02774 nmse_ls=0.09903 lr=5.431e-04 step_time=0.560s steps_per_s=1.770 gpu_mem=0.19GiB peak=8.78GiB
[TRAIN] step=13200 loss=-2.30883 nmse_prop=0.03852 nmse_ls=0.17687 lr=5.408e-04 step_time=0.569s steps_per_s=1.772 gpu_mem=0.19GiB peak=8.78GiB
[TRAIN] step=13300 loss=-3.27152 nmse_prop=0.01677 nmse_ls=0.04584 lr=5.385e-04 step_time=0.465s steps_per_s=1.774 gpu_mem=0.19GiB peak=8.78GiB
[TRAIN] step=13400 loss=-2.92424 nmse_prop=0.02208 nmse_ls=0.06830 lr=5.362e-04 step_time=0.565s steps_per_s=1.775 gpu_mem=0.19GiB peak=8.78GiB
[TRAIN] step=13500 loss=-2.90506 nmse_prop=0.02267 nmse_ls=0.09759 lr=5.340e-04 step_time=0.354s steps_per_s=1.777 gpu_mem=0.19GiB peak=8.78GiB
[TRAIN] step=13600 loss=-3.14523 nmse_prop=0.01885 nmse_ls=0.04690 lr=5.317e-04 step_time=0.564s steps_per_s=1.778 gpu_mem=0.19GiB peak=8.78GiB
[TRAIN] step=13700 loss=-3.00842 nmse_prop=0.02118 nmse_ls=0.05792 lr=5.295e-04 step_time=0.545s steps_per_s=1.780 gpu_mem=0.19GiB peak=8.78GiB
[TRAIN] step=13800 loss=-2.55442 nmse_prop=0.03088 nmse_ls=0.12017 lr=5.272e-04 step_time=0.566s steps_per_s=1.782 gpu_mem=0.19GiB peak=8.78GiB
[TRAIN] step=13900 loss=-2.94315 nmse_prop=0.02255 nmse_ls=0.08925 lr=5.250e-04 step_time=0.254s steps_per_s=1.783 gpu_mem=0.19GiB peak=8.78GiB
WARNING:tensorflow:Model's `__init__()` arguments contain non-serializable objects. Please implement a `get_config()` method in the subclassed Model for proper saving and loading. Defaulting to empty config.
WARNING:tensorflow:Model's `__init__()` arguments contain non-serializable objects. Please implement a `get_config()` method in the subclassed Model for proper saving and loading. Defaulting to empty config.
[TRAIN] saved new best weights at step=14000 val_nmse=0.0238395
[TRAIN] step=14000 loss=-2.38548 nmse_prop=0.03618 nmse_ls=0.15965 lr=5.227e-04 step_time=147.316s steps_per_s=1.752 gpu_mem=0.19GiB peak=8.78GiB
[TRAIN] saved resumable state at step=14000 reason=periodic: /scratch/rsadve1/Extended_UPAIR_Narval_b32m16_portable/TWC_plots_comprehensive/runs_rx16/seed7/1dmrs/wide_d320_b4_r2/checkpoints/training_state/ckpt-14000
[TRAIN] step=14100 loss=-2.87925 nmse_prop=0.02327 nmse_ls=0.08800 lr=5.205e-04 step_time=0.458s steps_per_s=1.753 gpu_mem=0.19GiB peak=8.78GiB
[TRAIN] step=14200 loss=-3.12356 nmse_prop=0.01881 nmse_ls=0.05076 lr=5.182e-04 step_time=0.570s steps_per_s=1.755 gpu_mem=0.19GiB peak=8.78GiB
[TRAIN] step=14300 loss=-2.98073 nmse_prop=0.02189 nmse_ls=0.05705 lr=5.160e-04 step_time=0.564s steps_per_s=1.757 gpu_mem=0.19GiB peak=8.78GiB
[TRAIN] step=14400 loss=-3.08880 nmse_prop=0.01955 nmse_ls=0.06218 lr=5.138e-04 step_time=0.458s steps_per_s=1.759 gpu_mem=0.19GiB peak=8.78GiB
[TRAIN] step=14500 loss=-2.49676 nmse_prop=0.03324 nmse_ls=0.12606 lr=5.116e-04 step_time=0.553s steps_per_s=1.761 gpu_mem=0.19GiB peak=8.78GiB
[TRAIN] step=14600 loss=-3.34997 nmse_prop=0.01606 nmse_ls=0.04011 lr=5.093e-04 step_time=0.465s steps_per_s=1.763 gpu_mem=0.19GiB peak=8.78GiB
[TRAIN] step=14700 loss=-2.85449 nmse_prop=0.02352 nmse_ls=0.08208 lr=5.071e-04 step_time=0.566s steps_per_s=1.764 gpu_mem=0.19GiB peak=8.78GiB
[TRAIN] step=14800 loss=-3.44677 nmse_prop=0.01425 nmse_ls=0.04478 lr=5.049e-04 step_time=0.359s steps_per_s=1.766 gpu_mem=0.19GiB peak=8.78GiB
[TRAIN] step=14900 loss=-2.85347 nmse_prop=0.02391 nmse_ls=0.07788 lr=5.027e-04 step_time=0.565s steps_per_s=1.768 gpu_mem=0.19GiB peak=8.78GiB
[TRAIN] step=15000 loss=-3.59895 nmse_prop=0.01271 nmse_ls=0.03640 lr=5.005e-04 step_time=0.258s steps_per_s=1.769 gpu_mem=0.19GiB peak=8.78GiB
[TRAIN] saved resumable state at step=15000 reason=periodic: /scratch/rsadve1/Extended_UPAIR_Narval_b32m16_portable/TWC_plots_comprehensive/runs_rx16/seed7/1dmrs/wide_d320_b4_r2/checkpoints/training_state/ckpt-15000
[TRAIN] step=15100 loss=-3.31130 nmse_prop=0.01639 nmse_ls=0.03832 lr=4.983e-04 step_time=0.570s steps_per_s=1.770 gpu_mem=0.19GiB peak=8.78GiB
[TRAIN] step=15200 loss=-3.27406 nmse_prop=0.01749 nmse_ls=0.04405 lr=4.961e-04 step_time=0.457s steps_per_s=1.772 gpu_mem=0.19GiB peak=8.78GiB
[TRAIN] step=15300 loss=-3.18543 nmse_prop=0.01821 nmse_ls=0.05433 lr=4.939e-04 step_time=0.453s steps_per_s=1.774 gpu_mem=0.19GiB peak=8.78GiB
[TRAIN] step=15400 loss=-3.53247 nmse_prop=0.01345 nmse_ls=0.03789 lr=4.918e-04 step_time=0.355s steps_per_s=1.775 gpu_mem=0.19GiB peak=8.78GiB
[TRAIN] step=15500 loss=-2.40022 nmse_prop=0.03563 nmse_ls=0.18179 lr=4.896e-04 step_time=0.465s steps_per_s=1.776 gpu_mem=0.19GiB peak=8.78GiB
[TRAIN] step=15600 loss=-3.19943 nmse_prop=0.01774 nmse_ls=0.06463 lr=4.874e-04 step_time=0.358s steps_per_s=1.778 gpu_mem=0.19GiB peak=8.78GiB
[TRAIN] step=15700 loss=-3.39778 nmse_prop=0.01561 nmse_ls=0.03582 lr=4.852e-04 step_time=0.451s steps_per_s=1.779 gpu_mem=0.19GiB peak=8.78GiB
[TRAIN] step=15800 loss=-2.74135 nmse_prop=0.02639 nmse_ls=0.09812 lr=4.831e-04 step_time=0.563s steps_per_s=1.780 gpu_mem=0.19GiB peak=8.78GiB
[TRAIN] step=15900 loss=-3.37505 nmse_prop=0.01536 nmse_ls=0.05050 lr=4.809e-04 step_time=0.353s steps_per_s=1.782 gpu_mem=0.19GiB peak=8.78GiB
WARNING:tensorflow:Model's `__init__()` arguments contain non-serializable objects. Please implement a `get_config()` method in the subclassed Model for proper saving and loading. Defaulting to empty config.
WARNING:tensorflow:Model's `__init__()` arguments contain non-serializable objects. Please implement a `get_config()` method in the subclassed Model for proper saving and loading. Defaulting to empty config.
[TRAIN] saved new best weights at step=16000 val_nmse=0.0237555
[TRAIN] step=16000 loss=-3.02444 nmse_prop=0.02055 nmse_ls=0.07222 lr=4.787e-04 step_time=151.394s steps_per_s=1.754 gpu_mem=0.19GiB peak=8.78GiB
[TRAIN] saved resumable state at step=16000 reason=periodic: /scratch/rsadve1/Extended_UPAIR_Narval_b32m16_portable/TWC_plots_comprehensive/runs_rx16/seed7/1dmrs/wide_d320_b4_r2/checkpoints/training_state/ckpt-16000
[TRAIN] step=16100 loss=-3.20192 nmse_prop=0.01765 nmse_ls=0.05490 lr=4.766e-04 step_time=0.461s steps_per_s=1.755 gpu_mem=0.19GiB peak=8.78GiB
[TRAIN] step=16200 loss=-2.23986 nmse_prop=0.04111 nmse_ls=0.24262 lr=4.744e-04 step_time=0.456s steps_per_s=1.756 gpu_mem=0.19GiB peak=8.78GiB
[TRAIN] step=16300 loss=-2.51436 nmse_prop=0.03178 nmse_ls=0.13973 lr=4.723e-04 step_time=0.563s steps_per_s=1.757 gpu_mem=0.19GiB peak=8.78GiB
[TRAIN] step=16400 loss=-2.38294 nmse_prop=0.03584 nmse_ls=0.17628 lr=4.701e-04 step_time=0.559s steps_per_s=1.759 gpu_mem=0.19GiB peak=8.78GiB
[TRAIN] step=16500 loss=-3.19534 nmse_prop=0.01829 nmse_ls=0.04490 lr=4.680e-04 step_time=0.561s steps_per_s=1.760 gpu_mem=0.19GiB peak=8.78GiB
[TRAIN] step=16600 loss=-2.87708 nmse_prop=0.02318 nmse_ls=0.07714 lr=4.659e-04 step_time=0.569s steps_per_s=1.761 gpu_mem=0.19GiB peak=8.78GiB
[TRAIN] step=16700 loss=-3.37446 nmse_prop=0.01588 nmse_ls=0.03799 lr=4.637e-04 step_time=0.465s steps_per_s=1.763 gpu_mem=0.19GiB peak=8.78GiB
[TRAIN] step=16800 loss=-2.52882 nmse_prop=0.03073 nmse_ls=0.21291 lr=4.616e-04 step_time=0.361s steps_per_s=1.764 gpu_mem=0.19GiB peak=8.78GiB
[TRAIN] step=16900 loss=-2.43231 nmse_prop=0.03422 nmse_ls=0.16831 lr=4.595e-04 step_time=0.542s steps_per_s=1.766 gpu_mem=0.19GiB peak=8.78GiB
[TRAIN] step=17000 loss=-2.69635 nmse_prop=0.02716 nmse_ls=0.12382 lr=4.574e-04 step_time=0.460s steps_per_s=1.767 gpu_mem=0.19GiB peak=8.78GiB
[TRAIN] saved resumable state at step=17000 reason=periodic: /scratch/rsadve1/Extended_UPAIR_Narval_b32m16_portable/TWC_plots_comprehensive/runs_rx16/seed7/1dmrs/wide_d320_b4_r2/checkpoints/training_state/ckpt-17000
[TRAIN] step=17100 loss=-3.43238 nmse_prop=0.01544 nmse_ls=0.04199 lr=4.553e-04 step_time=0.355s steps_per_s=1.769 gpu_mem=0.19GiB peak=8.78GiB
[TRAIN] step=17200 loss=-2.61838 nmse_prop=0.02925 nmse_ls=0.11546 lr=4.531e-04 step_time=0.564s steps_per_s=1.770 gpu_mem=0.19GiB peak=8.78GiB
[TRAIN] step=17300 loss=-2.32966 nmse_prop=0.03790 nmse_ls=0.18215 lr=4.510e-04 step_time=0.562s steps_per_s=1.771 gpu_mem=0.19GiB peak=8.78GiB
[TRAIN] step=17400 loss=-2.55577 nmse_prop=0.03040 nmse_ls=0.22241 lr=4.489e-04 step_time=0.258s steps_per_s=1.773 gpu_mem=0.19GiB peak=8.78GiB
[TRAIN] step=17500 loss=-2.50851 nmse_prop=0.03173 nmse_ls=0.17531 lr=4.468e-04 step_time=0.464s steps_per_s=1.774 gpu_mem=0.19GiB peak=8.78GiB
[TRAIN] step=17600 loss=-2.58193 nmse_prop=0.02987 nmse_ls=0.15741 lr=4.448e-04 step_time=0.461s steps_per_s=1.775 gpu_mem=0.19GiB peak=8.78GiB
[TRAIN] step=17700 loss=-2.43128 nmse_prop=0.03493 nmse_ls=0.15521 lr=4.427e-04 step_time=0.550s steps_per_s=1.776 gpu_mem=0.19GiB peak=8.78GiB
[TRAIN] step=17800 loss=-2.23012 nmse_prop=0.04149 nmse_ls=0.24763 lr=4.406e-04 step_time=0.456s steps_per_s=1.778 gpu_mem=0.19GiB peak=8.78GiB
[TRAIN] step=17900 loss=-2.98748 nmse_prop=0.02157 nmse_ls=0.06567 lr=4.385e-04 step_time=0.559s steps_per_s=1.779 gpu_mem=0.19GiB peak=8.78GiB
WARNING:tensorflow:Model's `__init__()` arguments contain non-serializable objects. Please implement a `get_config()` method in the subclassed Model for proper saving and loading. Defaulting to empty config.
WARNING:tensorflow:Model's `__init__()` arguments contain non-serializable objects. Please implement a `get_config()` method in the subclassed Model for proper saving and loading. Defaulting to empty config.
[TRAIN] saved new best weights at step=18000 val_nmse=0.021976
[TRAIN] step=18000 loss=-3.08257 nmse_prop=0.01998 nmse_ls=0.06660 lr=4.364e-04 step_time=150.487s steps_per_s=1.754 gpu_mem=0.19GiB peak=8.78GiB
[TRAIN] saved resumable state at step=18000 reason=periodic: /scratch/rsadve1/Extended_UPAIR_Narval_b32m16_portable/TWC_plots_comprehensive/runs_rx16/seed7/1dmrs/wide_d320_b4_r2/checkpoints/training_state/ckpt-18000
[TRAIN] step=18100 loss=-2.90235 nmse_prop=0.02266 nmse_ls=0.07904 lr=4.344e-04 step_time=0.558s steps_per_s=1.755 gpu_mem=0.19GiB peak=8.78GiB
[TRAIN] step=18200 loss=-2.62760 nmse_prop=0.02912 nmse_ls=0.12218 lr=4.323e-04 step_time=0.565s steps_per_s=1.756 gpu_mem=0.19GiB peak=8.78GiB
[TRAIN] step=18300 loss=-2.61077 nmse_prop=0.02882 nmse_ls=0.13438 lr=4.302e-04 step_time=0.559s steps_per_s=1.757 gpu_mem=0.19GiB peak=8.78GiB
[TRAIN] step=18400 loss=-3.31787 nmse_prop=0.01619 nmse_ls=0.04080 lr=4.282e-04 step_time=0.561s steps_per_s=1.758 gpu_mem=0.19GiB peak=8.78GiB
[TRAIN] step=18500 loss=-2.64902 nmse_prop=0.02838 nmse_ls=0.11863 lr=4.261e-04 step_time=0.556s steps_per_s=1.760 gpu_mem=0.19GiB peak=8.78GiB
[TRAIN] step=18600 loss=-3.31302 nmse_prop=0.01686 nmse_ls=0.04390 lr=4.241e-04 step_time=0.459s steps_per_s=1.761 gpu_mem=0.19GiB peak=8.78GiB
[TRAIN] step=18700 loss=-3.15456 nmse_prop=0.01907 nmse_ls=0.04755 lr=4.220e-04 step_time=0.568s steps_per_s=1.762 gpu_mem=0.19GiB peak=8.78GiB
[TRAIN] step=18800 loss=-2.56589 nmse_prop=0.03048 nmse_ls=0.13670 lr=4.200e-04 step_time=0.565s steps_per_s=1.764 gpu_mem=0.19GiB peak=8.78GiB
[TRAIN] step=18900 loss=-2.60776 nmse_prop=0.02922 nmse_ls=0.15454 lr=4.179e-04 step_time=0.461s steps_per_s=1.765 gpu_mem=0.19GiB peak=8.78GiB
[TRAIN] step=19000 loss=-3.18418 nmse_prop=0.01786 nmse_ls=0.07763 lr=4.159e-04 step_time=0.356s steps_per_s=1.766 gpu_mem=0.19GiB peak=8.78GiB
[TRAIN] saved resumable state at step=19000 reason=periodic: /scratch/rsadve1/Extended_UPAIR_Narval_b32m16_portable/TWC_plots_comprehensive/runs_rx16/seed7/1dmrs/wide_d320_b4_r2/checkpoints/training_state/ckpt-19000
[TRAIN] step=19100 loss=-2.75949 nmse_prop=0.02640 nmse_ls=0.09460 lr=4.139e-04 step_time=0.551s steps_per_s=1.767 gpu_mem=0.19GiB peak=8.78GiB
[TRAIN] step=19200 loss=-2.95390 nmse_prop=0.02224 nmse_ls=0.10482 lr=4.119e-04 step_time=0.350s steps_per_s=1.768 gpu_mem=0.19GiB peak=8.78GiB
[TRAIN] step=19300 loss=-3.10914 nmse_prop=0.01949 nmse_ls=0.05623 lr=4.098e-04 step_time=0.555s steps_per_s=1.769 gpu_mem=0.19GiB peak=8.78GiB
[TRAIN] step=19400 loss=-3.36684 nmse_prop=0.01583 nmse_ls=0.04247 lr=4.078e-04 step_time=0.455s steps_per_s=1.770 gpu_mem=0.19GiB peak=8.78GiB
[TRAIN] step=19500 loss=-2.95441 nmse_prop=0.02173 nmse_ls=0.09674 lr=4.058e-04 step_time=0.456s steps_per_s=1.771 gpu_mem=0.19GiB peak=8.78GiB
[TRAIN] step=19600 loss=-3.37345 nmse_prop=0.01497 nmse_ls=0.06254 lr=4.038e-04 step_time=0.261s steps_per_s=1.773 gpu_mem=0.19GiB peak=8.78GiB
[TRAIN] step=19700 loss=-3.24573 nmse_prop=0.01655 nmse_ls=0.05705 lr=4.018e-04 step_time=0.455s steps_per_s=1.774 gpu_mem=0.19GiB peak=8.78GiB
[TRAIN] step=19800 loss=-3.19004 nmse_prop=0.01816 nmse_ls=0.04810 lr=3.998e-04 step_time=0.561s steps_per_s=1.775 gpu_mem=0.19GiB peak=8.78GiB
[TRAIN] step=19900 loss=-3.22897 nmse_prop=0.01711 nmse_ls=0.07604 lr=3.978e-04 step_time=0.349s steps_per_s=1.776 gpu_mem=0.19GiB peak=8.78GiB
[TRAIN] step=20000 loss=-2.33635 nmse_prop=0.03805 nmse_ls=0.19034 lr=3.958e-04 step_time=148.118s steps_per_s=1.754 gpu_mem=0.19GiB peak=8.78GiB
[TRAIN] saved resumable state at step=20000 reason=periodic: /scratch/rsadve1/Extended_UPAIR_Narval_b32m16_portable/TWC_plots_comprehensive/runs_rx16/seed7/1dmrs/wide_d320_b4_r2/checkpoints/training_state/ckpt-20000
[TRAIN] step=20100 loss=-2.62680 nmse_prop=0.02938 nmse_ls=0.12265 lr=3.938e-04 step_time=0.557s steps_per_s=1.755 gpu_mem=0.19GiB peak=8.78GiB
[TRAIN] step=20200 loss=-2.66073 nmse_prop=0.02827 nmse_ls=0.12220 lr=3.919e-04 step_time=0.558s steps_per_s=1.756 gpu_mem=0.19GiB peak=8.78GiB
[TRAIN] step=20300 loss=-2.70040 nmse_prop=0.02731 nmse_ls=0.16041 lr=3.899e-04 step_time=0.358s steps_per_s=1.758 gpu_mem=0.19GiB peak=8.78GiB
[TRAIN] step=20400 loss=-3.12949 nmse_prop=0.01943 nmse_ls=0.05162 lr=3.879e-04 step_time=0.569s steps_per_s=1.759 gpu_mem=0.19GiB peak=8.78GiB
[TRAIN] step=20500 loss=-3.17107 nmse_prop=0.01788 nmse_ls=0.06678 lr=3.859e-04 step_time=0.450s steps_per_s=1.760 gpu_mem=0.19GiB peak=8.78GiB
[TRAIN] step=20600 loss=-2.85599 nmse_prop=0.02404 nmse_ls=0.08557 lr=3.840e-04 step_time=0.563s steps_per_s=1.761 gpu_mem=0.19GiB peak=8.78GiB
[TRAIN] step=20700 loss=-2.74661 nmse_prop=0.02630 nmse_ls=0.10444 lr=3.820e-04 step_time=0.567s steps_per_s=1.762 gpu_mem=0.19GiB peak=8.78GiB
[TRAIN] step=20800 loss=-2.45579 nmse_prop=0.03360 nmse_ls=0.17131 lr=3.801e-04 step_time=0.563s steps_per_s=1.763 gpu_mem=0.19GiB peak=8.78GiB
[TRAIN] step=20900 loss=-2.53336 nmse_prop=0.03149 nmse_ls=0.15367 lr=3.781e-04 step_time=0.568s steps_per_s=1.764 gpu_mem=0.19GiB peak=8.78GiB
[TRAIN] step=21000 loss=-3.41151 nmse_prop=0.01553 nmse_ls=0.03934 lr=3.762e-04 step_time=0.462s steps_per_s=1.766 gpu_mem=0.19GiB peak=8.78GiB
[TRAIN] saved resumable state at step=21000 reason=periodic: /scratch/rsadve1/Extended_UPAIR_Narval_b32m16_portable/TWC_plots_comprehensive/runs_rx16/seed7/1dmrs/wide_d320_b4_r2/checkpoints/training_state/ckpt-21000
[TRAIN] step=21100 loss=-3.17554 nmse_prop=0.01800 nmse_ls=0.08550 lr=3.742e-04 step_time=0.355s steps_per_s=1.766 gpu_mem=0.19GiB peak=8.78GiB
[TRAIN] step=21200 loss=-3.43039 nmse_prop=0.01523 nmse_ls=0.03982 lr=3.723e-04 step_time=0.450s steps_per_s=1.768 gpu_mem=0.19GiB peak=8.78GiB
[TRAIN] step=21300 loss=-2.39345 nmse_prop=0.03593 nmse_ls=0.18891 lr=3.704e-04 step_time=0.557s steps_per_s=1.769 gpu_mem=0.19GiB peak=8.78GiB
[TRAIN] step=21400 loss=-2.83951 nmse_prop=0.02404 nmse_ls=0.11627 lr=3.684e-04 step_time=0.464s steps_per_s=1.770 gpu_mem=0.19GiB peak=8.78GiB
[TRAIN] step=21500 loss=-2.50595 nmse_prop=0.03217 nmse_ls=0.19302 lr=3.665e-04 step_time=0.468s steps_per_s=1.771 gpu_mem=0.19GiB peak=8.78GiB
[TRAIN] step=21600 loss=-2.46703 nmse_prop=0.03329 nmse_ls=0.20451 lr=3.646e-04 step_time=0.466s steps_per_s=1.772 gpu_mem=0.19GiB peak=8.78GiB
[TRAIN] step=21700 loss=-3.03040 nmse_prop=0.02069 nmse_ls=0.06676 lr=3.627e-04 step_time=0.563s steps_per_s=1.773 gpu_mem=0.19GiB peak=8.78GiB
2026-06-10 10:46:06.503190: E external/local_xla/xla/stream_executor/gpu/gpu_cudamallocasync_allocator.cc:306] gpu_async_0 cuMemAllocAsync failed to allocate 55050240 bytes: CUDA error: out of memory (CUDA_ERROR_OUT_OF_MEMORY)
 Reported by CUDA: Free memory/Total memory: 52756480/85017624576
2026-06-10 10:46:06.504859: E external/local_xla/xla/stream_executor/gpu/gpu_cudamallocasync_allocator.cc:311] Stats: Limit:                     82577784832
InUse:                      9318524893
MaxInUse:                   9425708501
NumAllocs:                   128773754
MaxAllocSize:                132120576
Reserved:                            0
PeakReserved:                        0
LargestFreeBlock:                    0

2026-06-10 10:46:06.505454: E external/local_xla/xla/stream_executor/gpu/gpu_cudamallocasync_allocator.cc:63] Histogram of current allocation: (allocation_size_in_bytes, nb_allocation_of_that_sizes), ...;
2026-06-10 10:46:06.505464: E external/local_xla/xla/stream_executor/gpu/gpu_cudamallocasync_allocator.cc:66] 1, 21
2026-06-10 10:46:06.505467: E external/local_xla/xla/stream_executor/gpu/gpu_cudamallocasync_allocator.cc:66] 4, 65447
2026-06-10 10:46:06.505469: E external/local_xla/xla/stream_executor/gpu/gpu_cudamallocasync_allocator.cc:66] 8, 62
2026-06-10 10:46:06.505471: E external/local_xla/xla/stream_executor/gpu/gpu_cudamallocasync_allocator.cc:66] 12, 50
2026-06-10 10:46:06.505474: E external/local_xla/xla/stream_executor/gpu/gpu_cudamallocasync_allocator.cc:66] 16, 5
2026-06-10 10:46:06.505476: E external/local_xla/xla/stream_executor/gpu/gpu_cudamallocasync_allocator.cc:66] 24, 6
2026-06-10 10:46:06.505478: E external/local_xla/xla/stream_executor/gpu/gpu_cudamallocasync_allocator.cc:66] 28, 8
2026-06-10 10:46:06.505485: E external/local_xla/xla/stream_executor/gpu/gpu_cudamallocasync_allocator.cc:66] 32, 1
2026-06-10 10:46:06.505487: E external/local_xla/xla/stream_executor/gpu/gpu_cudamallocasync_allocator.cc:66] 64, 10
2026-06-10 10:46:06.505490: E external/local_xla/xla/stream_executor/gpu/gpu_cudamallocasync_allocator.cc:66] 96, 20
2026-06-10 10:46:06.505492: E external/local_xla/xla/stream_executor/gpu/gpu_cudamallocasync_allocator.cc:66] 112, 6
2026-06-10 10:46:06.505494: E external/local_xla/xla/stream_executor/gpu/gpu_cudamallocasync_allocator.cc:66] 128, 5
2026-06-10 10:46:06.505497: E external/local_xla/xla/stream_executor/gpu/gpu_cudamallocasync_allocator.cc:66] 192, 20
2026-06-10 10:46:06.505499: E external/local_xla/xla/stream_executor/gpu/gpu_cudamallocasync_allocator.cc:66] 224, 2
2026-06-10 10:46:06.505501: E external/local_xla/xla/stream_executor/gpu/gpu_cudamallocasync_allocator.cc:66] 256, 3
2026-06-10 10:46:06.505504: E external/local_xla/xla/stream_executor/gpu/gpu_cudamallocasync_allocator.cc:66] 336, 2
2026-06-10 10:46:06.505506: E external/local_xla/xla/stream_executor/gpu/gpu_cudamallocasync_allocator.cc:66] 384, 10
2026-06-10 10:46:06.505508: E external/local_xla/xla/stream_executor/gpu/gpu_cudamallocasync_allocator.cc:66] 448, 2
2026-06-10 10:46:06.505510: E external/local_xla/xla/stream_executor/gpu/gpu_cudamallocasync_allocator.cc:66] 512, 4
2026-06-10 10:46:06.505513: E external/local_xla/xla/stream_executor/gpu/gpu_cudamallocasync_allocator.cc:66] 768, 14
2026-06-10 10:46:06.505515: E external/local_xla/xla/stream_executor/gpu/gpu_cudamallocasync_allocator.cc:66] 1028, 1
2026-06-10 10:46:06.505517: E external/local_xla/xla/stream_executor/gpu/gpu_cudamallocasync_allocator.cc:66] 1280, 253
2026-06-10 10:46:06.505520: E external/local_xla/xla/stream_executor/gpu/gpu_cudamallocasync_allocator.cc:66] 1536, 2
2026-06-10 10:46:06.505523: E external/local_xla/xla/stream_executor/gpu/gpu_cudamallocasync_allocator.cc:66] 1920, 50
2026-06-10 10:46:06.505527: E external/local_xla/xla/stream_executor/gpu/gpu_cudamallocasync_allocator.cc:66] 2304, 1
2026-06-10 10:46:06.505529: E external/local_xla/xla/stream_executor/gpu/gpu_cudamallocasync_allocator.cc:66] 2560, 24
2026-06-10 10:46:06.505532: E external/local_xla/xla/stream_executor/gpu/gpu_cudamallocasync_allocator.cc:66] 3072, 2
2026-06-10 10:46:06.505534: E external/local_xla/xla/stream_executor/gpu/gpu_cudamallocasync_allocator.cc:66] 5376, 11
2026-06-10 10:46:06.505537: E external/local_xla/xla/stream_executor/gpu/gpu_cudamallocasync_allocator.cc:66] 6144, 1
2026-06-10 10:46:06.505539: E external/local_xla/xla/stream_executor/gpu/gpu_cudamallocasync_allocator.cc:66] 9216, 1
2026-06-10 10:46:06.505542: E external/local_xla/xla/stream_executor/gpu/gpu_cudamallocasync_allocator.cc:66] 10752, 4
2026-06-10 10:46:06.505544: E external/local_xla/xla/stream_executor/gpu/gpu_cudamallocasync_allocator.cc:66] 11520, 16
2026-06-10 10:46:06.505546: E external/local_xla/xla/stream_executor/gpu/gpu_cudamallocasync_allocator.cc:66] 12288, 1
2026-06-10 10:46:06.505549: E external/local_xla/xla/stream_executor/gpu/gpu_cudamallocasync_allocator.cc:66] 16128, 2
2026-06-10 10:46:06.505551: E external/local_xla/xla/stream_executor/gpu/gpu_cudamallocasync_allocator.cc:66] 19968, 9
2026-06-10 10:46:06.505554: E external/local_xla/xla/stream_executor/gpu/gpu_cudamallocasync_allocator.cc:66] 21504, 4
2026-06-10 10:46:06.505556: E external/local_xla/xla/stream_executor/gpu/gpu_cudamallocasync_allocator.cc:66] 30720, 4
2026-06-10 10:46:06.505558: E external/local_xla/xla/stream_executor/gpu/gpu_cudamallocasync_allocator.cc:66] 32256, 2
2026-06-10 10:46:06.505561: E external/local_xla/xla/stream_executor/gpu/gpu_cudamallocasync_allocator.cc:66] 39936, 2
2026-06-10 10:46:06.505563: E external/local_xla/xla/stream_executor/gpu/gpu_cudamallocasync_allocator.cc:66] 40960, 26
2026-06-10 10:46:06.505566: E external/local_xla/xla/stream_executor/gpu/gpu_cudamallocasync_allocator.cc:66] 43008, 2
2026-06-10 10:46:06.505568: E external/local_xla/xla/stream_executor/gpu/gpu_cudamallocasync_allocator.cc:66] 59904, 1
2026-06-10 10:46:06.505575: E external/local_xla/xla/stream_executor/gpu/gpu_cudamallocasync_allocator.cc:66] 79872, 2
2026-06-10 10:46:06.505577: E external/local_xla/xla/stream_executor/gpu/gpu_cudamallocasync_allocator.cc:66] 81920, 4
2026-06-10 10:46:06.505580: E external/local_xla/xla/stream_executor/gpu/gpu_cudamallocasync_allocator.cc:66] 97280, 4
2026-06-10 10:46:06.505582: E external/local_xla/xla/stream_executor/gpu/gpu_cudamallocasync_allocator.cc:66] 119808, 1
2026-06-10 10:46:06.505585: E external/local_xla/xla/stream_executor/gpu/gpu_cudamallocasync_allocator.cc:66] 159744, 1
2026-06-10 10:46:06.505587: E external/local_xla/xla/stream_executor/gpu/gpu_cudamallocasync_allocator.cc:66] 163840, 5
2026-06-10 10:46:06.505589: E external/local_xla/xla/stream_executor/gpu/gpu_cudamallocasync_allocator.cc:66] 172032, 33
2026-06-10 10:46:06.505592: E external/local_xla/xla/stream_executor/gpu/gpu_cudamallocasync_allocator.cc:66] 190464, 4
2026-06-10 10:46:06.505594: E external/local_xla/xla/stream_executor/gpu/gpu_cudamallocasync_allocator.cc:66] 194560, 4
2026-06-10 10:46:06.505597: E external/local_xla/xla/stream_executor/gpu/gpu_cudamallocasync_allocator.cc:66] 216320, 3
2026-06-10 10:46:06.505599: E external/local_xla/xla/stream_executor/gpu/gpu_cudamallocasync_allocator.cc:66] 409600, 152
2026-06-10 10:46:06.505601: E external/local_xla/xla/stream_executor/gpu/gpu_cudamallocasync_allocator.cc:66] 602112, 4
2026-06-10 10:46:06.505604: E external/local_xla/xla/stream_executor/gpu/gpu_cudamallocasync_allocator.cc:66] 819200, 48
2026-06-10 10:46:06.505606: E external/local_xla/xla/stream_executor/gpu/gpu_cudamallocasync_allocator.cc:66] 1376256, 1
2026-06-10 10:46:06.505609: E external/local_xla/xla/stream_executor/gpu/gpu_cudamallocasync_allocator.cc:66] 2408448, 4
2026-06-10 10:46:06.505611: E external/local_xla/xla/stream_executor/gpu/gpu_cudamallocasync_allocator.cc:66] 2752512, 3
2026-06-10 10:46:06.505613: E external/local_xla/xla/stream_executor/gpu/gpu_cudamallocasync_allocator.cc:66] 4128768, 5
2026-06-10 10:46:06.505616: E external/local_xla/xla/stream_executor/gpu/gpu_cudamallocasync_allocator.cc:66] 5505024, 4
2026-06-10 10:46:06.505618: E external/local_xla/xla/stream_executor/gpu/gpu_cudamallocasync_allocator.cc:66] 8257536, 2
2026-06-10 10:46:06.505621: E external/local_xla/xla/stream_executor/gpu/gpu_cudamallocasync_allocator.cc:66] 9633792, 8
2026-06-10 10:46:06.505623: E external/local_xla/xla/stream_executor/gpu/gpu_cudamallocasync_allocator.cc:66] 11010048, 6
2026-06-10 10:46:06.505625: E external/local_xla/xla/stream_executor/gpu/gpu_cudamallocasync_allocator.cc:66] 13762560, 16
2026-06-10 10:46:06.505628: E external/local_xla/xla/stream_executor/gpu/gpu_cudamallocasync_allocator.cc:66] 16515072, 4
2026-06-10 10:46:06.505630: E external/local_xla/xla/stream_executor/gpu/gpu_cudamallocasync_allocator.cc:66] 22020096, 2
2026-06-10 10:46:06.505633: E external/local_xla/xla/stream_executor/gpu/gpu_cudamallocasync_allocator.cc:66] 27525120, 4
2026-06-10 10:46:06.505635: E external/local_xla/xla/stream_executor/gpu/gpu_cudamallocasync_allocator.cc:66] 29073408, 1
2026-06-10 10:46:06.505637: E external/local_xla/xla/stream_executor/gpu/gpu_cudamallocasync_allocator.cc:66] 55050240, 113
2026-06-10 10:46:06.505640: E external/local_xla/xla/stream_executor/gpu/gpu_cudamallocasync_allocator.cc:66] 66060288, 8
2026-06-10 10:46:06.505642: E external/local_xla/xla/stream_executor/gpu/gpu_cudamallocasync_allocator.cc:66] 110100480, 16
2026-06-10 10:46:06.505648: E external/local_xla/xla/stream_executor/gpu/gpu_cudamallocasync_allocator.cc:97] CU_MEMPOOL_ATTR_RESERVED_MEM_CURRENT: 84255178752
2026-06-10 10:46:06.505651: E external/local_xla/xla/stream_executor/gpu/gpu_cudamallocasync_allocator.cc:99] CU_MEMPOOL_ATTR_USED_MEM_CURRENT: 9318524893
2026-06-10 10:46:06.505655: E external/local_xla/xla/stream_executor/gpu/gpu_cudamallocasync_allocator.cc:100] CU_MEMPOOL_ATTR_RESERVED_MEM_HIGH: 84288733184
2026-06-10 10:46:06.505658: E external/local_xla/xla/stream_executor/gpu/gpu_cudamallocasync_allocator.cc:101] CU_MEMPOOL_ATTR_USED_MEM_HIGH: 9425708501
[TRAIN] saved resumable state at step=21723 reason=resource_exhausted: /scratch/rsadve1/Extended_UPAIR_Narval_b32m16_portable/TWC_plots_comprehensive/runs_rx16/seed7/1dmrs/wide_d320_b4_r2/checkpoints/training_state/ckpt-21723
Traceback (most recent call last):
  File "/home/rsadve1/scratch/Extended_UPAIR_Narval_b32m16_portable/scripts/run_comprehensive_mu32_ablation.py", line 615, in <module>
    main()
  File "/home/rsadve1/scratch/Extended_UPAIR_Narval_b32m16_portable/scripts/run_comprehensive_mu32_ablation.py", line 524, in main
    train_result = train_model(train_cfg)
                   ^^^^^^^^^^^^^^^^^^^^^^
  File "/home/rsadve1/scratch/Extended_UPAIR_Narval_b32m16_portable/src/upair5g/training.py", line 659, in train_model
    metrics = _train_step(
              ^^^^^^^^^^^^
  File "/home/rsadve1/scratch/.vevn_upair_potable/lib/python3.11/site-packages/tensorflow/python/util/traceback_utils.py", line 153, in error_handler
    raise e.with_traceback(filtered_tb) from None
  File "/home/rsadve1/scratch/.vevn_upair_potable/lib/python3.11/site-packages/tensorflow/python/eager/execute.py", line 53, in quick_execute
    tensors = pywrap_tfe.TFE_Py_Execute(ctx._handle, device_name, op_name,
  ^^^^^^^^^^^^^^^^^^^^^^^^^^^^^^^^^^^^^^^^^^^^^^^^^^^^^^^^^^^^^^^^^^^^^^^^
tensorflow.python.framework.errors_impl.ResourceExhaustedError: Graph execution error:

Detected at node gradient_tape/delta_head/Conv2D/Conv2DBackpropInput defined at (most recent call last):
  File "/home/rsadve1/scratch/Extended_UPAIR_Narval_b32m16_portable/scripts/run_comprehensive_mu32_ablation.py", line 615, in <module>

  File "/home/rsadve1/scratch/Extended_UPAIR_Narval_b32m16_portable/scripts/run_comprehensive_mu32_ablation.py", line 524, in main

  File "/home/rsadve1/scratch/Extended_UPAIR_Narval_b32m16_portable/src/upair5g/training.py", line 659, in train_model

  File "/home/rsadve1/scratch/Extended_UPAIR_Narval_b32m16_portable/src/upair5g/training.py", line 261, in _train_step

OOM when allocating tensor with shape[32,14,96,320] and type float on /job:localhost/replica:0/task:0/device:GPU:0 by allocator gpu_async_0
	 [[{{node gradient_tape/delta_head/Conv2D/Conv2DBackpropInput}}]]
Hint: If you want to see a list of allocated tensors when OOM happens, add report_tensor_allocations_upon_oom to RunOptions for current allocation info. This isn't available when running in Eager mode.
 [Op:__inference__train_step_91431]
