[ENV] Reusing portable venv: /home/rsadve1/links/scratch/.vevn_upair_potable
[ENV] Checking installed package metadata only; TensorFlow/Sionna are not imported here.
[ENV] Python 3.11.5
[ENV] numpy 1.26.4+computecanada
[ENV] pandas 2.2.3+computecanada
[ENV] matplotlib 3.10.0+computecanada
[ENV] PyYAML 6.0.2+computecanada
[ENV] scipy 1.15.1+computecanada
[ENV] tensorflow 2.15.1+computecanada
[ENV] sionna-no-rt 1.2.1
[ENV] optuna 4.8.0+computecanada
[ENV] Skipping TensorFlow/Sionna import check on this node. Set UPAIR_DEEP_IMPORT_CHECK=1 to test imports explicitly.
[ENV] Ready: REPO=/home/rsadve1/links/scratch/Extended_UPAIR_Narval_b32m16_portable_underUMI
[ENV] Ready: VENV=/home/rsadve1/links/scratch/.vevn_upair_potable
2026-07-02 15:24:50.026242: E external/local_xla/xla/stream_executor/cuda/cuda_dnn.cc:9261] Unable to register cuDNN factory: Attempting to register factory for plugin cuDNN when one has already been registered
2026-07-02 15:24:50.026653: E external/local_xla/xla/stream_executor/cuda/cuda_fft.cc:607] Unable to register cuFFT factory: Attempting to register factory for plugin cuFFT when one has already been registered
2026-07-02 15:24:53.928896: E external/local_xla/xla/stream_executor/cuda/cuda_blas.cc:1515] Unable to register cuBLAS factory: Attempting to register factory for plugin cuBLAS when one has already been registered
2026-07-02 15:25:03.419572: E external/local_xla/xla/stream_executor/cuda/cuda_dnn.cc:9261] Unable to register cuDNN factory: Attempting to register factory for plugin cuDNN when one has already been registered
2026-07-02 15:25:03.419643: E external/local_xla/xla/stream_executor/cuda/cuda_fft.cc:607] Unable to register cuFFT factory: Attempting to register factory for plugin cuFFT when one has already been registered
2026-07-02 15:25:03.420991: E external/local_xla/xla/stream_executor/cuda/cuda_blas.cc:1515] Unable to register cuBLAS factory: Attempting to register factory for plugin cuBLAS when one has already been registered
[GUARD] PASS: all 7 trained checkpoints are unchanged.
[COMPREHENSIVE] loaded Optuna best JSON for narrow_d192_b4_r2 from /lustre10/scratch/rsadve1/Extended_UPAIR_Narval_b32m16_portable_underUMI/optuna/umiNorm_v1_b32_prb8_u34610_1dmrs_stageB_narrow_d192_b4_r2_best_params.json
[TRAIN] optimizer lr_schedule=cosine_decay learning_rate=0.00114917 weight_decay=2.75246e-07
[TRAIN] seeds active_seed=7 training_seed=7 evaluation_seed=1007
[TRAIN] starting from scratch
2026-07-02 15:51:31.242271: E tensorflow/core/grappler/optimizers/meta_optimizer.cc:961] layout failed: INVALID_ARGUMENT: Size of values 0 does not match size of permutation 4 @ fanin shape inaxial_block_0/dropout/dropout_2/SelectV2-2-TransposeNHWCToNCHW-LayoutOptimizer
WARNING: All log messages before absl::InitializeLog() is called are written to STDERR
I0000 00:00:1783022048.505826 4039728 device_compiler.h:186] Compiled cluster using XLA!  This line is logged at most once for the lifetime of the process.
[TRAIN] step=00001 loss=-1.85550 nmse_prop=0.05355 nmse_ls=0.05355 lr=1.149e-03 step_time=178.742s steps_per_s=0.006 gpu_mem=0.06GiB peak=2.77GiB
2026-07-02 15:54:21.649425: E tensorflow/core/grappler/optimizers/meta_optimizer.cc:961] layout failed: INVALID_ARGUMENT: Size of values 0 does not match size of permutation 4 @ fanin shape inaxial_block_0/dropout/dropout_2/SelectV2-2-TransposeNHWCToNCHW-LayoutOptimizer
[TRAIN] step=00100 loss=-0.92964 nmse_prop=0.13659 nmse_ls=0.14077 lr=1.149e-03 step_time=0.351s steps_per_s=0.429 gpu_mem=0.09GiB peak=2.83GiB
[TRAIN] step=00200 loss=-1.48698 nmse_prop=0.07992 nmse_ls=0.08013 lr=1.149e-03 step_time=0.352s steps_per_s=0.746 gpu_mem=0.09GiB peak=2.83GiB
[TRAIN] step=00300 loss=-0.44821 nmse_prop=0.21848 nmse_ls=0.23487 lr=1.149e-03 step_time=0.348s steps_per_s=0.990 gpu_mem=0.09GiB peak=2.83GiB
[TRAIN] step=00400 loss=-1.34276 nmse_prop=0.09372 nmse_ls=0.09725 lr=1.149e-03 step_time=0.348s steps_per_s=1.183 gpu_mem=0.09GiB peak=2.83GiB
[TRAIN] step=00500 loss=-1.58636 nmse_prop=0.07235 nmse_ls=0.07332 lr=1.149e-03 step_time=0.325s steps_per_s=1.337 gpu_mem=0.09GiB peak=2.83GiB
[TRAIN] step=00600 loss=-0.97220 nmse_prop=0.13348 nmse_ls=0.14718 lr=1.149e-03 step_time=0.323s steps_per_s=1.469 gpu_mem=0.09GiB peak=2.83GiB
[TRAIN] step=00700 loss=-0.46225 nmse_prop=0.21462 nmse_ls=0.26922 lr=1.148e-03 step_time=0.322s steps_per_s=1.579 gpu_mem=0.09GiB peak=2.83GiB
[TRAIN] step=00800 loss=-1.49112 nmse_prop=0.08298 nmse_ls=0.08990 lr=1.148e-03 step_time=0.324s steps_per_s=1.672 gpu_mem=0.09GiB peak=2.83GiB
[TRAIN] step=00900 loss=-1.99471 nmse_prop=0.05133 nmse_ls=0.05047 lr=1.148e-03 step_time=0.348s steps_per_s=1.752 gpu_mem=0.09GiB peak=2.83GiB
[TRAIN] step=01000 loss=-0.92084 nmse_prop=0.14215 nmse_ls=0.22224 lr=1.148e-03 step_time=0.273s steps_per_s=1.822 gpu_mem=0.09GiB peak=2.83GiB
[TRAIN] saved resumable state at step=1000 reason=periodic: /lustre10/scratch/rsadve1/Extended_UPAIR_Narval_b32m16_portable_underUMI/UMI_training/runs_rx16/seed7/1dmrs/narrow_d192_b4_r2/checkpoints/training_state/ckpt-1000
[TRAIN] step=01100 loss=-0.75495 nmse_prop=0.16494 nmse_ls=0.23440 lr=1.147e-03 step_time=0.324s steps_per_s=1.874 gpu_mem=0.09GiB peak=2.83GiB
[TRAIN] step=01200 loss=-1.73003 nmse_prop=0.06188 nmse_ls=0.06598 lr=1.147e-03 step_time=0.350s steps_per_s=1.930 gpu_mem=0.09GiB peak=2.83GiB
[TRAIN] step=01300 loss=-1.03670 nmse_prop=0.12715 nmse_ls=0.16647 lr=1.147e-03 step_time=0.347s steps_per_s=1.979 gpu_mem=0.09GiB peak=2.83GiB
[TRAIN] step=01400 loss=-1.78355 nmse_prop=0.06808 nmse_ls=0.07889 lr=1.146e-03 step_time=0.297s steps_per_s=2.024 gpu_mem=0.09GiB peak=2.83GiB
[TRAIN] step=01500 loss=-1.55743 nmse_prop=0.07878 nmse_ls=0.09567 lr=1.146e-03 step_time=0.349s steps_per_s=2.064 gpu_mem=0.09GiB peak=2.83GiB
[TRAIN] step=01600 loss=-0.76927 nmse_prop=0.16275 nmse_ls=0.26871 lr=1.145e-03 step_time=0.326s steps_per_s=2.100 gpu_mem=0.09GiB peak=2.83GiB
[TRAIN] step=01700 loss=-1.38338 nmse_prop=0.09381 nmse_ls=0.15453 lr=1.145e-03 step_time=0.300s steps_per_s=2.133 gpu_mem=0.09GiB peak=2.83GiB
[TRAIN] step=01800 loss=-1.07660 nmse_prop=0.12230 nmse_ls=0.18726 lr=1.144e-03 step_time=0.323s steps_per_s=2.164 gpu_mem=0.09GiB peak=2.83GiB
[TRAIN] step=01900 loss=-0.81786 nmse_prop=0.15452 nmse_ls=0.26287 lr=1.144e-03 step_time=0.326s steps_per_s=2.191 gpu_mem=0.09GiB peak=2.83GiB
WARNING:tensorflow:Model's `__init__()` arguments contain non-serializable objects. Please implement a `get_config()` method in the subclassed Model for proper saving and loading. Defaulting to empty config.
WARNING:tensorflow:Model's `__init__()` arguments contain non-serializable objects. Please implement a `get_config()` method in the subclassed Model for proper saving and loading. Defaulting to empty config.
[TRAIN] saved new best weights at step=2000 val_nmse=0.0731943
[TRAIN] step=02000 loss=-1.02399 nmse_prop=0.12922 nmse_ls=0.19446 lr=1.143e-03 step_time=172.897s steps_per_s=1.861 gpu_mem=0.10GiB peak=2.83GiB
[TRAIN] saved resumable state at step=2000 reason=periodic: /lustre10/scratch/rsadve1/Extended_UPAIR_Narval_b32m16_portable_underUMI/UMI_training/runs_rx16/seed7/1dmrs/narrow_d192_b4_r2/checkpoints/training_state/ckpt-2000
[TRAIN] step=02100 loss=-1.58504 nmse_prop=0.07882 nmse_ls=0.13368 lr=1.142e-03 step_time=0.274s steps_per_s=1.891 gpu_mem=0.10GiB peak=2.84GiB
[TRAIN] step=02200 loss=-0.86387 nmse_prop=0.14995 nmse_ls=0.23707 lr=1.142e-03 step_time=0.348s steps_per_s=1.920 gpu_mem=0.10GiB peak=2.84GiB
[TRAIN] step=02300 loss=-1.67215 nmse_prop=0.07244 nmse_ls=0.09017 lr=1.141e-03 step_time=0.347s steps_per_s=1.947 gpu_mem=0.10GiB peak=2.84GiB
[TRAIN] step=02400 loss=-1.04904 nmse_prop=0.12341 nmse_ls=0.22291 lr=1.140e-03 step_time=0.324s steps_per_s=1.972 gpu_mem=0.10GiB peak=2.84GiB
[TRAIN] step=02500 loss=-1.67435 nmse_prop=0.07419 nmse_ls=0.14106 lr=1.139e-03 step_time=0.273s steps_per_s=1.997 gpu_mem=0.10GiB peak=2.84GiB
[TRAIN] step=02600 loss=-1.39945 nmse_prop=0.09184 nmse_ls=0.15096 lr=1.139e-03 step_time=0.323s steps_per_s=2.020 gpu_mem=0.10GiB peak=2.84GiB
[TRAIN] step=02700 loss=-1.32469 nmse_prop=0.09747 nmse_ls=0.14706 lr=1.138e-03 step_time=0.347s steps_per_s=2.041 gpu_mem=0.10GiB peak=2.84GiB
[TRAIN] step=02800 loss=-1.00212 nmse_prop=0.13271 nmse_ls=0.21793 lr=1.137e-03 step_time=0.354s steps_per_s=2.061 gpu_mem=0.10GiB peak=2.84GiB
[TRAIN] step=02900 loss=-1.77565 nmse_prop=0.06508 nmse_ls=0.09256 lr=1.136e-03 step_time=0.298s steps_per_s=2.081 gpu_mem=0.10GiB peak=2.84GiB
[TRAIN] step=03000 loss=-0.80012 nmse_prop=0.15962 nmse_ls=0.25990 lr=1.135e-03 step_time=0.349s steps_per_s=2.099 gpu_mem=0.10GiB peak=2.84GiB
[TRAIN] saved resumable state at step=3000 reason=periodic: /lustre10/scratch/rsadve1/Extended_UPAIR_Narval_b32m16_portable_underUMI/UMI_training/runs_rx16/seed7/1dmrs/narrow_d192_b4_r2/checkpoints/training_state/ckpt-3000
[TRAIN] step=03100 loss=-1.16868 nmse_prop=0.11244 nmse_ls=0.21151 lr=1.134e-03 step_time=0.324s steps_per_s=2.115 gpu_mem=0.10GiB peak=2.84GiB
[TRAIN] step=03200 loss=-2.08697 nmse_prop=0.05074 nmse_ls=0.07133 lr=1.133e-03 step_time=0.299s steps_per_s=2.132 gpu_mem=0.10GiB peak=2.84GiB
[TRAIN] step=03300 loss=-1.07172 nmse_prop=0.12366 nmse_ls=0.23529 lr=1.132e-03 step_time=0.325s steps_per_s=2.149 gpu_mem=0.10GiB peak=2.84GiB
[TRAIN] step=03400 loss=-2.17224 nmse_prop=0.05022 nmse_ls=0.06178 lr=1.131e-03 step_time=0.325s steps_per_s=2.164 gpu_mem=0.10GiB peak=2.84GiB
[TRAIN] step=03500 loss=-1.53794 nmse_prop=0.08763 nmse_ls=0.11760 lr=1.130e-03 step_time=0.325s steps_per_s=2.178 gpu_mem=0.10GiB peak=2.84GiB
[TRAIN] step=03600 loss=-1.75858 nmse_prop=0.06654 nmse_ls=0.10122 lr=1.129e-03 step_time=0.325s steps_per_s=2.192 gpu_mem=0.10GiB peak=2.84GiB
[TRAIN] step=03700 loss=-1.18197 nmse_prop=0.11204 nmse_ls=0.21061 lr=1.128e-03 step_time=0.323s steps_per_s=2.205 gpu_mem=0.10GiB peak=2.84GiB
[TRAIN] step=03800 loss=-1.66287 nmse_prop=0.07948 nmse_ls=0.14739 lr=1.127e-03 step_time=0.274s steps_per_s=2.218 gpu_mem=0.10GiB peak=2.84GiB
[TRAIN] step=03900 loss=-1.61053 nmse_prop=0.07568 nmse_ls=0.11673 lr=1.126e-03 step_time=0.347s steps_per_s=2.230 gpu_mem=0.10GiB peak=2.84GiB
WARNING:tensorflow:Model's `__init__()` arguments contain non-serializable objects. Please implement a `get_config()` method in the subclassed Model for proper saving and loading. Defaulting to empty config.
WARNING:tensorflow:Model's `__init__()` arguments contain non-serializable objects. Please implement a `get_config()` method in the subclassed Model for proper saving and loading. Defaulting to empty config.
[TRAIN] saved new best weights at step=4000 val_nmse=0.0727631
[TRAIN] step=04000 loss=-2.17630 nmse_prop=0.04775 nmse_ls=0.06564 lr=1.125e-03 step_time=168.945s steps_per_s=2.049 gpu_mem=0.10GiB peak=2.84GiB
[TRAIN] saved resumable state at step=4000 reason=periodic: /lustre10/scratch/rsadve1/Extended_UPAIR_Narval_b32m16_portable_underUMI/UMI_training/runs_rx16/seed7/1dmrs/narrow_d192_b4_r2/checkpoints/training_state/ckpt-4000
[TRAIN] step=04100 loss=-1.44780 nmse_prop=0.08819 nmse_ls=0.16110 lr=1.123e-03 step_time=0.300s steps_per_s=2.036 gpu_mem=0.10GiB peak=2.84GiB
[TRAIN] step=04200 loss=-1.38856 nmse_prop=0.09205 nmse_ls=0.16916 lr=1.122e-03 step_time=0.325s steps_per_s=2.050 gpu_mem=0.10GiB peak=2.84GiB
[TRAIN] step=04300 loss=-1.01005 nmse_prop=0.13297 nmse_ls=0.24428 lr=1.121e-03 step_time=0.350s steps_per_s=2.063 gpu_mem=0.10GiB peak=2.84GiB
[TRAIN] step=04400 loss=-0.85963 nmse_prop=0.14744 nmse_ls=0.25547 lr=1.119e-03 step_time=0.348s steps_per_s=2.076 gpu_mem=0.10GiB peak=2.84GiB
[TRAIN] step=04500 loss=-1.97027 nmse_prop=0.05709 nmse_ls=0.07811 lr=1.118e-03 step_time=0.348s steps_per_s=2.089 gpu_mem=0.10GiB peak=2.84GiB
[TRAIN] step=04600 loss=-2.09016 nmse_prop=0.05231 nmse_ls=0.07220 lr=1.117e-03 step_time=0.328s steps_per_s=2.101 gpu_mem=0.10GiB peak=2.84GiB
[TRAIN] step=04700 loss=-1.91302 nmse_prop=0.06038 nmse_ls=0.08003 lr=1.115e-03 step_time=0.348s steps_per_s=2.112 gpu_mem=0.10GiB peak=2.84GiB
[TRAIN] step=04800 loss=-1.08486 nmse_prop=0.12353 nmse_ls=0.22942 lr=1.114e-03 step_time=0.349s steps_per_s=2.123 gpu_mem=0.10GiB peak=2.84GiB
[TRAIN] step=04900 loss=-2.03890 nmse_prop=0.05457 nmse_ls=0.07753 lr=1.112e-03 step_time=0.300s steps_per_s=2.134 gpu_mem=0.10GiB peak=2.84GiB
[TRAIN] step=05000 loss=-1.36111 nmse_prop=0.09399 nmse_ls=0.21811 lr=1.111e-03 step_time=0.275s steps_per_s=2.145 gpu_mem=0.10GiB peak=2.84GiB
[TRAIN] saved resumable state at step=5000 reason=periodic: /lustre10/scratch/rsadve1/Extended_UPAIR_Narval_b32m16_portable_underUMI/UMI_training/runs_rx16/seed7/1dmrs/narrow_d192_b4_r2/checkpoints/training_state/ckpt-5000
[TRAIN] step=05100 loss=-1.54995 nmse_prop=0.08001 nmse_ls=0.12515 lr=1.109e-03 step_time=0.349s steps_per_s=2.155 gpu_mem=0.10GiB peak=2.84GiB
[TRAIN] step=05200 loss=-1.98856 nmse_prop=0.05922 nmse_ls=0.09529 lr=1.108e-03 step_time=0.300s steps_per_s=2.165 gpu_mem=0.10GiB peak=2.84GiB
[TRAIN] step=05300 loss=-1.63917 nmse_prop=0.07411 nmse_ls=0.13441 lr=1.106e-03 step_time=0.327s steps_per_s=2.174 gpu_mem=0.10GiB peak=2.84GiB
[TRAIN] step=05400 loss=-1.10239 nmse_prop=0.12157 nmse_ls=0.22493 lr=1.105e-03 step_time=0.352s steps_per_s=2.183 gpu_mem=0.10GiB peak=2.84GiB
[TRAIN] step=05500 loss=-1.26463 nmse_prop=0.10879 nmse_ls=0.23408 lr=1.103e-03 step_time=0.298s steps_per_s=2.193 gpu_mem=0.10GiB peak=2.84GiB
[TRAIN] step=05600 loss=-1.51205 nmse_prop=0.08391 nmse_ls=0.15974 lr=1.101e-03 step_time=0.301s steps_per_s=2.201 gpu_mem=0.10GiB peak=2.84GiB
[TRAIN] step=05700 loss=-1.31953 nmse_prop=0.10261 nmse_ls=0.24425 lr=1.100e-03 step_time=0.275s steps_per_s=2.210 gpu_mem=0.10GiB peak=2.84GiB
[TRAIN] step=05800 loss=-1.48610 nmse_prop=0.08528 nmse_ls=0.14174 lr=1.098e-03 step_time=0.349s steps_per_s=2.218 gpu_mem=0.10GiB peak=2.84GiB
[TRAIN] step=05900 loss=-1.90298 nmse_prop=0.06179 nmse_ls=0.09393 lr=1.096e-03 step_time=0.326s steps_per_s=2.226 gpu_mem=0.10GiB peak=2.84GiB
WARNING:tensorflow:Model's `__init__()` arguments contain non-serializable objects. Please implement a `get_config()` method in the subclassed Model for proper saving and loading. Defaulting to empty config.
WARNING:tensorflow:Model's `__init__()` arguments contain non-serializable objects. Please implement a `get_config()` method in the subclassed Model for proper saving and loading. Defaulting to empty config.
[TRAIN] saved new best weights at step=6000 val_nmse=0.0656059
[TRAIN] step=06000 loss=-0.99482 nmse_prop=0.13573 nmse_ls=0.28344 lr=1.094e-03 step_time=168.243s steps_per_s=2.102 gpu_mem=0.10GiB peak=2.84GiB
[TRAIN] saved resumable state at step=6000 reason=periodic: /lustre10/scratch/rsadve1/Extended_UPAIR_Narval_b32m16_portable_underUMI/UMI_training/runs_rx16/seed7/1dmrs/narrow_d192_b4_r2/checkpoints/training_state/ckpt-6000
[TRAIN] step=06100 loss=-1.64570 nmse_prop=0.07605 nmse_ls=0.12314 lr=1.092e-03 step_time=0.349s steps_per_s=2.111 gpu_mem=0.10GiB peak=2.84GiB
[TRAIN] step=06200 loss=-1.37146 nmse_prop=0.09574 nmse_ls=0.18096 lr=1.091e-03 step_time=0.325s steps_per_s=2.119 gpu_mem=0.10GiB peak=2.84GiB
[TRAIN] step=06300 loss=-2.08383 nmse_prop=0.05005 nmse_ls=0.08392 lr=1.089e-03 step_time=0.300s steps_per_s=2.128 gpu_mem=0.10GiB peak=2.84GiB
[TRAIN] step=06400 loss=-1.83290 nmse_prop=0.06288 nmse_ls=0.08815 lr=1.087e-03 step_time=0.348s steps_per_s=2.136 gpu_mem=0.10GiB peak=2.84GiB
[TRAIN] step=06500 loss=-1.80877 nmse_prop=0.06710 nmse_ls=0.11339 lr=1.085e-03 step_time=0.275s steps_per_s=2.144 gpu_mem=0.10GiB peak=2.84GiB
[TRAIN] step=06600 loss=-1.11929 nmse_prop=0.11936 nmse_ls=0.25879 lr=1.083e-03 step_time=0.324s steps_per_s=2.152 gpu_mem=0.10GiB peak=2.84GiB
[TRAIN] step=06700 loss=-1.53947 nmse_prop=0.08070 nmse_ls=0.14528 lr=1.081e-03 step_time=0.326s steps_per_s=2.160 gpu_mem=0.10GiB peak=2.84GiB
[TRAIN] step=06800 loss=-1.02673 nmse_prop=0.12897 nmse_ls=0.25808 lr=1.079e-03 step_time=0.349s steps_per_s=2.167 gpu_mem=0.10GiB peak=2.84GiB
[TRAIN] step=06900 loss=-1.35908 nmse_prop=0.10025 nmse_ls=0.16879 lr=1.077e-03 step_time=0.350s steps_per_s=2.174 gpu_mem=0.10GiB peak=2.84GiB
[TRAIN] step=07000 loss=-1.20461 nmse_prop=0.11195 nmse_ls=0.20543 lr=1.075e-03 step_time=0.352s steps_per_s=2.181 gpu_mem=0.10GiB peak=2.84GiB
[TRAIN] saved resumable state at step=7000 reason=periodic: /lustre10/scratch/rsadve1/Extended_UPAIR_Narval_b32m16_portable_underUMI/UMI_training/runs_rx16/seed7/1dmrs/narrow_d192_b4_r2/checkpoints/training_state/ckpt-7000
[TRAIN] step=07100 loss=-1.81133 nmse_prop=0.07211 nmse_ls=0.12288 lr=1.073e-03 step_time=0.298s steps_per_s=2.185 gpu_mem=0.10GiB peak=2.84GiB
[TRAIN] step=07200 loss=-2.21172 nmse_prop=0.04630 nmse_ls=0.06419 lr=1.071e-03 step_time=0.326s steps_per_s=2.192 gpu_mem=0.10GiB peak=2.84GiB
[TRAIN] step=07300 loss=-1.28953 nmse_prop=0.10334 nmse_ls=0.21553 lr=1.069e-03 step_time=0.324s steps_per_s=2.199 gpu_mem=0.10GiB peak=2.84GiB
[TRAIN] step=07400 loss=-1.60466 nmse_prop=0.07618 nmse_ls=0.12718 lr=1.066e-03 step_time=0.349s steps_per_s=2.205 gpu_mem=0.10GiB peak=2.84GiB
[TRAIN] step=07500 loss=-2.29725 nmse_prop=0.04651 nmse_ls=0.06645 lr=1.064e-03 step_time=0.275s steps_per_s=2.212 gpu_mem=0.10GiB peak=2.84GiB
[TRAIN] step=07600 loss=-1.63603 nmse_prop=0.07556 nmse_ls=0.13666 lr=1.062e-03 step_time=0.325s steps_per_s=2.218 gpu_mem=0.10GiB peak=2.84GiB
[TRAIN] step=07700 loss=-1.91133 nmse_prop=0.05822 nmse_ls=0.09691 lr=1.060e-03 step_time=0.327s steps_per_s=2.224 gpu_mem=0.10GiB peak=2.84GiB
[TRAIN] step=07800 loss=-2.18922 nmse_prop=0.04606 nmse_ls=0.07833 lr=1.058e-03 step_time=0.276s steps_per_s=2.230 gpu_mem=0.10GiB peak=2.84GiB
[TRAIN] step=07900 loss=-1.74183 nmse_prop=0.06917 nmse_ls=0.12737 lr=1.055e-03 step_time=0.300s steps_per_s=2.236 gpu_mem=0.10GiB peak=2.84GiB
[TRAIN] step=08000 loss=-2.08650 nmse_prop=0.05162 nmse_ls=0.06951 lr=1.053e-03 step_time=168.473s steps_per_s=2.141 gpu_mem=0.10GiB peak=2.84GiB
[TRAIN] saved resumable state at step=8000 reason=periodic: /lustre10/scratch/rsadve1/Extended_UPAIR_Narval_b32m16_portable_underUMI/UMI_training/runs_rx16/seed7/1dmrs/narrow_d192_b4_r2/checkpoints/training_state/ckpt-8000
[TRAIN] step=08100 loss=-2.18480 nmse_prop=0.04708 nmse_ls=0.06919 lr=1.051e-03 step_time=0.325s steps_per_s=2.147 gpu_mem=0.10GiB peak=2.84GiB
[TRAIN] step=08200 loss=-1.82275 nmse_prop=0.06321 nmse_ls=0.10581 lr=1.048e-03 step_time=0.325s steps_per_s=2.154 gpu_mem=0.10GiB peak=2.84GiB
[TRAIN] step=08300 loss=-1.31837 nmse_prop=0.10046 nmse_ls=0.17940 lr=1.046e-03 step_time=0.349s steps_per_s=2.160 gpu_mem=0.10GiB peak=2.84GiB
[TRAIN] step=08400 loss=-1.91093 nmse_prop=0.05950 nmse_ls=0.08481 lr=1.043e-03 step_time=0.351s steps_per_s=2.166 gpu_mem=0.10GiB peak=2.84GiB
[TRAIN] step=08500 loss=-1.98696 nmse_prop=0.05832 nmse_ls=0.08726 lr=1.041e-03 step_time=0.328s steps_per_s=2.172 gpu_mem=0.10GiB peak=2.84GiB
[TRAIN] step=08600 loss=-1.49253 nmse_prop=0.08522 nmse_ls=0.14590 lr=1.039e-03 step_time=0.349s steps_per_s=2.177 gpu_mem=0.10GiB peak=2.84GiB
[TRAIN] step=08700 loss=-2.00783 nmse_prop=0.05773 nmse_ls=0.08061 lr=1.036e-03 step_time=0.352s steps_per_s=2.183 gpu_mem=0.10GiB peak=2.84GiB
[TRAIN] step=08800 loss=-1.23823 nmse_prop=0.10793 nmse_ls=0.20582 lr=1.034e-03 step_time=0.349s steps_per_s=2.189 gpu_mem=0.10GiB peak=2.84GiB
[TRAIN] step=08900 loss=-1.57044 nmse_prop=0.08302 nmse_ls=0.16331 lr=1.031e-03 step_time=0.303s steps_per_s=2.194 gpu_mem=0.10GiB peak=2.84GiB
[TRAIN] step=09000 loss=-1.65882 nmse_prop=0.07691 nmse_ls=0.12640 lr=1.028e-03 step_time=0.349s steps_per_s=2.200 gpu_mem=0.10GiB peak=2.84GiB
[TRAIN] saved resumable state at step=9000 reason=periodic: /lustre10/scratch/rsadve1/Extended_UPAIR_Narval_b32m16_portable_underUMI/UMI_training/runs_rx16/seed7/1dmrs/narrow_d192_b4_r2/checkpoints/training_state/ckpt-9000
[TRAIN] step=09100 loss=-1.76760 nmse_prop=0.06775 nmse_ls=0.10107 lr=1.026e-03 step_time=0.352s steps_per_s=2.204 gpu_mem=0.10GiB peak=2.84GiB
[TRAIN] step=09200 loss=-1.58773 nmse_prop=0.08064 nmse_ls=0.15136 lr=1.023e-03 step_time=0.324s steps_per_s=2.209 gpu_mem=0.10GiB peak=2.84GiB
[TRAIN] step=09300 loss=-2.45994 nmse_prop=0.03702 nmse_ls=0.05264 lr=1.021e-03 step_time=0.299s steps_per_s=2.215 gpu_mem=0.10GiB peak=2.84GiB
[TRAIN] step=09400 loss=-1.78545 nmse_prop=0.06870 nmse_ls=0.14433 lr=1.018e-03 step_time=0.276s steps_per_s=2.220 gpu_mem=0.10GiB peak=2.84GiB
[TRAIN] step=09500 loss=-0.99687 nmse_prop=0.13628 nmse_ls=0.26571 lr=1.015e-03 step_time=0.325s steps_per_s=2.225 gpu_mem=0.10GiB peak=2.84GiB
[TRAIN] step=09600 loss=-1.58161 nmse_prop=0.07982 nmse_ls=0.14153 lr=1.013e-03 step_time=0.323s steps_per_s=2.219 gpu_mem=0.10GiB peak=2.84GiB
[TRAIN] step=09700 loss=-1.28479 nmse_prop=0.10928 nmse_ls=0.19988 lr=1.010e-03 step_time=0.350s steps_per_s=2.224 gpu_mem=0.10GiB peak=2.84GiB
[TRAIN] step=09800 loss=-2.45053 nmse_prop=0.04186 nmse_ls=0.06017 lr=1.007e-03 step_time=0.275s steps_per_s=2.229 gpu_mem=0.10GiB peak=2.84GiB
[TRAIN] step=09900 loss=-2.03254 nmse_prop=0.05355 nmse_ls=0.09253 lr=1.004e-03 step_time=0.276s steps_per_s=2.234 gpu_mem=0.10GiB peak=2.84GiB
[TRAIN] step=10000 loss=-1.38305 nmse_prop=0.09325 nmse_ls=0.19057 lr=1.002e-03 step_time=168.196s steps_per_s=2.158 gpu_mem=0.10GiB peak=2.84GiB
[TRAIN] saved resumable state at step=10000 reason=periodic: /lustre10/scratch/rsadve1/Extended_UPAIR_Narval_b32m16_portable_underUMI/UMI_training/runs_rx16/seed7/1dmrs/narrow_d192_b4_r2/checkpoints/training_state/ckpt-10000
[TRAIN] step=10100 loss=-1.66322 nmse_prop=0.07278 nmse_ls=0.14495 lr=9.988e-04 step_time=0.324s steps_per_s=2.162 gpu_mem=0.10GiB peak=2.84GiB
[TRAIN] step=10200 loss=-1.67525 nmse_prop=0.07467 nmse_ls=0.11728 lr=9.960e-04 step_time=0.350s steps_per_s=2.167 gpu_mem=0.10GiB peak=2.84GiB
[TRAIN] step=10300 loss=-2.15850 nmse_prop=0.05138 nmse_ls=0.06484 lr=9.931e-04 step_time=0.325s steps_per_s=2.172 gpu_mem=0.10GiB peak=2.84GiB
[TRAIN] step=10400 loss=-2.29912 nmse_prop=0.04527 nmse_ls=0.05961 lr=9.903e-04 step_time=0.324s steps_per_s=2.177 gpu_mem=0.10GiB peak=2.84GiB
[TRAIN] step=10500 loss=-2.30420 nmse_prop=0.04403 nmse_ls=0.05347 lr=9.874e-04 step_time=0.348s steps_per_s=2.182 gpu_mem=0.10GiB peak=2.84GiB
[TRAIN] step=10600 loss=-2.15903 nmse_prop=0.04874 nmse_ls=0.07392 lr=9.845e-04 step_time=0.324s steps_per_s=2.186 gpu_mem=0.10GiB peak=2.84GiB
[TRAIN] step=10700 loss=-2.07285 nmse_prop=0.05317 nmse_ls=0.07189 lr=9.815e-04 step_time=0.348s steps_per_s=2.191 gpu_mem=0.10GiB peak=2.84GiB
[TRAIN] step=10800 loss=-1.23491 nmse_prop=0.10786 nmse_ls=0.22879 lr=9.786e-04 step_time=0.348s steps_per_s=2.196 gpu_mem=0.10GiB peak=2.84GiB
[TRAIN] step=10900 loss=-1.55825 nmse_prop=0.08662 nmse_ls=0.14289 lr=9.756e-04 step_time=0.348s steps_per_s=2.200 gpu_mem=0.10GiB peak=2.84GiB
[TRAIN] step=11000 loss=-1.65026 nmse_prop=0.07912 nmse_ls=0.12071 lr=9.726e-04 step_time=0.349s steps_per_s=2.205 gpu_mem=0.10GiB peak=2.84GiB
[TRAIN] saved resumable state at step=11000 reason=periodic: /lustre10/scratch/rsadve1/Extended_UPAIR_Narval_b32m16_portable_underUMI/UMI_training/runs_rx16/seed7/1dmrs/narrow_d192_b4_r2/checkpoints/training_state/ckpt-11000
[TRAIN] step=11100 loss=-1.55428 nmse_prop=0.08158 nmse_ls=0.17566 lr=9.696e-04 step_time=0.273s steps_per_s=2.208 gpu_mem=0.10GiB peak=2.84GiB
[TRAIN] step=11200 loss=-1.38484 nmse_prop=0.09350 nmse_ls=0.19982 lr=9.665e-04 step_time=0.298s steps_per_s=2.213 gpu_mem=0.10GiB peak=2.84GiB
[TRAIN] step=11300 loss=-1.77966 nmse_prop=0.06553 nmse_ls=0.11076 lr=9.635e-04 step_time=0.324s steps_per_s=2.217 gpu_mem=0.10GiB peak=2.84GiB
[TRAIN] step=11400 loss=-1.67290 nmse_prop=0.07596 nmse_ls=0.12363 lr=9.604e-04 step_time=0.350s steps_per_s=2.221 gpu_mem=0.10GiB peak=2.84GiB
[TRAIN] step=11500 loss=-2.17338 nmse_prop=0.04861 nmse_ls=0.06219 lr=9.573e-04 step_time=0.348s steps_per_s=2.225 gpu_mem=0.10GiB peak=2.84GiB
[TRAIN] step=11600 loss=-1.62923 nmse_prop=0.07846 nmse_ls=0.12911 lr=9.542e-04 step_time=0.351s steps_per_s=2.229 gpu_mem=0.10GiB peak=2.84GiB
[TRAIN] step=11700 loss=-1.72915 nmse_prop=0.08844 nmse_ls=0.12645 lr=9.510e-04 step_time=0.299s steps_per_s=2.233 gpu_mem=0.10GiB peak=2.84GiB
[TRAIN] step=11800 loss=-1.87161 nmse_prop=0.06037 nmse_ls=0.09555 lr=9.479e-04 step_time=0.350s steps_per_s=2.237 gpu_mem=0.10GiB peak=2.84GiB
[TRAIN] step=11900 loss=-2.03827 nmse_prop=0.05381 nmse_ls=0.07595 lr=9.447e-04 step_time=0.350s steps_per_s=2.241 gpu_mem=0.10GiB peak=2.84GiB
WARNING:tensorflow:Model's `__init__()` arguments contain non-serializable objects. Please implement a `get_config()` method in the subclassed Model for proper saving and loading. Defaulting to empty config.
WARNING:tensorflow:Model's `__init__()` arguments contain non-serializable objects. Please implement a `get_config()` method in the subclassed Model for proper saving and loading. Defaulting to empty config.
[TRAIN] saved new best weights at step=12000 val_nmse=0.0638566
[TRAIN] step=12000 loss=-1.10678 nmse_prop=0.11983 nmse_ls=0.24652 lr=9.415e-04 step_time=168.508s steps_per_s=2.176 gpu_mem=0.10GiB peak=2.84GiB
[TRAIN] saved resumable state at step=12000 reason=periodic: /lustre10/scratch/rsadve1/Extended_UPAIR_Narval_b32m16_portable_underUMI/UMI_training/runs_rx16/seed7/1dmrs/narrow_d192_b4_r2/checkpoints/training_state/ckpt-12000
[TRAIN] step=12100 loss=-1.60208 nmse_prop=0.07831 nmse_ls=0.12718 lr=9.383e-04 step_time=0.349s steps_per_s=2.180 gpu_mem=0.10GiB peak=2.84GiB
[TRAIN] step=12200 loss=-1.21604 nmse_prop=0.10875 nmse_ls=0.20777 lr=9.351e-04 step_time=0.349s steps_per_s=2.184 gpu_mem=0.10GiB peak=2.84GiB
[TRAIN] step=12300 loss=-1.33387 nmse_prop=0.10245 nmse_ls=0.22736 lr=9.318e-04 step_time=0.326s steps_per_s=2.188 gpu_mem=0.10GiB peak=2.84GiB
[TRAIN] step=12400 loss=-1.28104 nmse_prop=0.10480 nmse_ls=0.21497 lr=9.286e-04 step_time=0.326s steps_per_s=2.192 gpu_mem=0.10GiB peak=2.84GiB
[TRAIN] step=12500 loss=-2.37792 nmse_prop=0.04189 nmse_ls=0.05338 lr=9.253e-04 step_time=0.348s steps_per_s=2.196 gpu_mem=0.10GiB peak=2.84GiB
[TRAIN] step=12600 loss=-2.22860 nmse_prop=0.04753 nmse_ls=0.06912 lr=9.220e-04 step_time=0.325s steps_per_s=2.200 gpu_mem=0.10GiB peak=2.84GiB
[TRAIN] step=12700 loss=-1.67667 nmse_prop=0.07293 nmse_ls=0.16156 lr=9.187e-04 step_time=0.300s steps_per_s=2.204 gpu_mem=0.10GiB peak=2.84GiB
[TRAIN] step=12800 loss=-1.67599 nmse_prop=0.07248 nmse_ls=0.13726 lr=9.153e-04 step_time=0.326s steps_per_s=2.208 gpu_mem=0.10GiB peak=2.84GiB
[TRAIN] step=12900 loss=-2.13874 nmse_prop=0.05257 nmse_ls=0.07839 lr=9.120e-04 step_time=0.275s steps_per_s=2.211 gpu_mem=0.10GiB peak=2.84GiB
[TRAIN] step=13000 loss=-1.70116 nmse_prop=0.07134 nmse_ls=0.12796 lr=9.086e-04 step_time=0.325s steps_per_s=2.215 gpu_mem=0.10GiB peak=2.84GiB
[TRAIN] saved resumable state at step=13000 reason=periodic: /lustre10/scratch/rsadve1/Extended_UPAIR_Narval_b32m16_portable_underUMI/UMI_training/runs_rx16/seed7/1dmrs/narrow_d192_b4_r2/checkpoints/training_state/ckpt-13000
[TRAIN] step=13100 loss=-1.99622 nmse_prop=0.05462 nmse_ls=0.08583 lr=9.052e-04 step_time=0.352s steps_per_s=2.218 gpu_mem=0.10GiB peak=2.84GiB
[TRAIN] step=13200 loss=-1.88465 nmse_prop=0.06028 nmse_ls=0.09529 lr=9.018e-04 step_time=0.349s steps_per_s=2.222 gpu_mem=0.10GiB peak=2.84GiB
[TRAIN] step=13300 loss=-2.21750 nmse_prop=0.04797 nmse_ls=0.07216 lr=8.984e-04 step_time=0.329s steps_per_s=2.225 gpu_mem=0.10GiB peak=2.84GiB
[TRAIN] step=13400 loss=-1.92051 nmse_prop=0.05827 nmse_ls=0.08980 lr=8.950e-04 step_time=0.350s steps_per_s=2.229 gpu_mem=0.10GiB peak=2.84GiB
[TRAIN] step=13500 loss=-2.30968 nmse_prop=0.04061 nmse_ls=0.06540 lr=8.916e-04 step_time=0.300s steps_per_s=2.232 gpu_mem=0.10GiB peak=2.84GiB
[TRAIN] step=13600 loss=-1.39511 nmse_prop=0.09017 nmse_ls=0.18162 lr=8.881e-04 step_time=0.354s steps_per_s=2.235 gpu_mem=0.10GiB peak=2.84GiB
[TRAIN] step=13700 loss=-2.31266 nmse_prop=0.04238 nmse_ls=0.05955 lr=8.846e-04 step_time=0.351s steps_per_s=2.239 gpu_mem=0.10GiB peak=2.84GiB
[TRAIN] step=13800 loss=-2.20512 nmse_prop=0.04716 nmse_ls=0.06181 lr=8.811e-04 step_time=0.350s steps_per_s=2.242 gpu_mem=0.10GiB peak=2.84GiB
[TRAIN] step=13900 loss=-1.93647 nmse_prop=0.05987 nmse_ls=0.10270 lr=8.776e-04 step_time=0.274s steps_per_s=2.245 gpu_mem=0.10GiB peak=2.84GiB
WARNING:tensorflow:Model's `__init__()` arguments contain non-serializable objects. Please implement a `get_config()` method in the subclassed Model for proper saving and loading. Defaulting to empty config.
WARNING:tensorflow:Model's `__init__()` arguments contain non-serializable objects. Please implement a `get_config()` method in the subclassed Model for proper saving and loading. Defaulting to empty config.
[TRAIN] saved new best weights at step=14000 val_nmse=0.063432
[TRAIN] step=14000 loss=-1.97424 nmse_prop=0.05962 nmse_ls=0.08898 lr=8.741e-04 step_time=1404.104s steps_per_s=1.835 gpu_mem=0.10GiB peak=2.84GiB
[TRAIN] saved resumable state at step=14000 reason=periodic: /lustre10/scratch/rsadve1/Extended_UPAIR_Narval_b32m16_portable_underUMI/UMI_training/runs_rx16/seed7/1dmrs/narrow_d192_b4_r2/checkpoints/training_state/ckpt-14000
[TRAIN] step=14100 loss=-1.73925 nmse_prop=0.07213 nmse_ls=0.11591 lr=8.706e-04 step_time=0.326s steps_per_s=1.829 gpu_mem=0.10GiB peak=2.84GiB
[TRAIN] step=14200 loss=-2.26950 nmse_prop=0.04450 nmse_ls=0.06054 lr=8.670e-04 step_time=0.351s steps_per_s=1.834 gpu_mem=0.10GiB peak=2.84GiB
[TRAIN] step=14300 loss=-1.13507 nmse_prop=0.11864 nmse_ls=0.26144 lr=8.635e-04 step_time=0.352s steps_per_s=1.839 gpu_mem=0.10GiB peak=2.84GiB
[TRAIN] step=14400 loss=-2.10579 nmse_prop=0.05189 nmse_ls=0.08294 lr=8.599e-04 step_time=0.325s steps_per_s=1.843 gpu_mem=0.10GiB peak=2.84GiB
[TRAIN] step=14500 loss=-1.25864 nmse_prop=0.10867 nmse_ls=0.20489 lr=8.563e-04 step_time=0.350s steps_per_s=1.848 gpu_mem=0.10GiB peak=2.84GiB
[TRAIN] step=14600 loss=-1.78874 nmse_prop=0.06705 nmse_ls=0.12043 lr=8.527e-04 step_time=0.324s steps_per_s=1.852 gpu_mem=0.10GiB peak=2.84GiB
[TRAIN] step=14700 loss=-1.31040 nmse_prop=0.10255 nmse_ls=0.18648 lr=8.491e-04 step_time=0.349s steps_per_s=1.856 gpu_mem=0.10GiB peak=2.84GiB
[TRAIN] step=14800 loss=-1.53803 nmse_prop=0.08514 nmse_ls=0.19212 lr=8.455e-04 step_time=0.300s steps_per_s=1.861 gpu_mem=0.10GiB peak=2.84GiB
[TRAIN] step=14900 loss=-1.67201 nmse_prop=0.07435 nmse_ls=0.12839 lr=8.418e-04 step_time=0.349s steps_per_s=1.865 gpu_mem=0.10GiB peak=2.84GiB
[TRAIN] step=15000 loss=-1.42235 nmse_prop=0.09768 nmse_ls=0.19771 lr=8.382e-04 step_time=0.278s steps_per_s=1.869 gpu_mem=0.10GiB peak=2.84GiB
[TRAIN] saved resumable state at step=15000 reason=periodic: /lustre10/scratch/rsadve1/Extended_UPAIR_Narval_b32m16_portable_underUMI/UMI_training/runs_rx16/seed7/1dmrs/narrow_d192_b4_r2/checkpoints/training_state/ckpt-15000
[TRAIN] step=15100 loss=-1.71439 nmse_prop=0.07731 nmse_ls=0.12365 lr=8.345e-04 step_time=0.351s steps_per_s=1.872 gpu_mem=0.10GiB peak=2.84GiB
[TRAIN] step=15200 loss=-2.07272 nmse_prop=0.05273 nmse_ls=0.08628 lr=8.308e-04 step_time=0.325s steps_per_s=1.876 gpu_mem=0.10GiB peak=2.84GiB
[TRAIN] step=15300 loss=-2.56392 nmse_prop=0.03439 nmse_ls=0.04518 lr=8.272e-04 step_time=0.326s steps_per_s=1.881 gpu_mem=0.10GiB peak=2.84GiB
[TRAIN] step=15400 loss=-1.90920 nmse_prop=0.05817 nmse_ls=0.11874 lr=8.235e-04 step_time=0.301s steps_per_s=1.885 gpu_mem=0.10GiB peak=2.84GiB
[TRAIN] step=15500 loss=-2.33815 nmse_prop=0.04154 nmse_ls=0.06269 lr=8.198e-04 step_time=0.326s steps_per_s=1.889 gpu_mem=0.10GiB peak=2.84GiB
[TRAIN] step=15600 loss=-1.95460 nmse_prop=0.05943 nmse_ls=0.09555 lr=8.160e-04 step_time=0.301s steps_per_s=1.893 gpu_mem=0.10GiB peak=2.84GiB
[TRAIN] step=15700 loss=-2.31432 nmse_prop=0.04239 nmse_ls=0.06552 lr=8.123e-04 step_time=0.325s steps_per_s=1.896 gpu_mem=0.10GiB peak=2.84GiB
[TRAIN] step=15800 loss=-1.58271 nmse_prop=0.08191 nmse_ls=0.14232 lr=8.086e-04 step_time=0.352s steps_per_s=1.900 gpu_mem=0.10GiB peak=2.84GiB
[TRAIN] step=15900 loss=-1.65535 nmse_prop=0.07660 nmse_ls=0.14927 lr=8.048e-04 step_time=0.301s steps_per_s=1.904 gpu_mem=0.10GiB peak=2.84GiB
WARNING:tensorflow:Model's `__init__()` arguments contain non-serializable objects. Please implement a `get_config()` method in the subclassed Model for proper saving and loading. Defaulting to empty config.
WARNING:tensorflow:Model's `__init__()` arguments contain non-serializable objects. Please implement a `get_config()` method in the subclassed Model for proper saving and loading. Defaulting to empty config.
[TRAIN] saved new best weights at step=16000 val_nmse=0.0629502
[TRAIN] step=16000 loss=-1.53029 nmse_prop=0.08250 nmse_ls=0.15761 lr=8.011e-04 step_time=168.889s steps_per_s=1.871 gpu_mem=0.10GiB peak=2.84GiB
[TRAIN] saved resumable state at step=16000 reason=periodic: /lustre10/scratch/rsadve1/Extended_UPAIR_Narval_b32m16_portable_underUMI/UMI_training/runs_rx16/seed7/1dmrs/narrow_d192_b4_r2/checkpoints/training_state/ckpt-16000
[TRAIN] step=16100 loss=-2.22173 nmse_prop=0.04709 nmse_ls=0.07329 lr=7.973e-04 step_time=0.326s steps_per_s=1.873 gpu_mem=0.10GiB peak=2.84GiB
[TRAIN] step=16200 loss=-2.03603 nmse_prop=0.05260 nmse_ls=0.09757 lr=7.935e-04 step_time=0.327s steps_per_s=1.877 gpu_mem=0.10GiB peak=2.84GiB
[TRAIN] step=16300 loss=-2.19607 nmse_prop=0.04656 nmse_ls=0.06498 lr=7.897e-04 step_time=0.350s steps_per_s=1.881 gpu_mem=0.10GiB peak=2.84GiB
[TRAIN] step=16400 loss=-2.11541 nmse_prop=0.06067 nmse_ls=0.07753 lr=7.859e-04 step_time=0.351s steps_per_s=1.884 gpu_mem=0.10GiB peak=2.84GiB
[TRAIN] step=16500 loss=-2.10960 nmse_prop=0.05537 nmse_ls=0.07912 lr=7.821e-04 step_time=0.350s steps_per_s=1.888 gpu_mem=0.10GiB peak=2.84GiB
[TRAIN] step=16600 loss=-1.46282 nmse_prop=0.08739 nmse_ls=0.16478 lr=7.783e-04 step_time=0.350s steps_per_s=1.892 gpu_mem=0.10GiB peak=2.84GiB
[TRAIN] step=16700 loss=-2.31730 nmse_prop=0.04224 nmse_ls=0.06563 lr=7.745e-04 step_time=0.328s steps_per_s=1.896 gpu_mem=0.10GiB peak=2.84GiB
[TRAIN] step=16800 loss=-2.01247 nmse_prop=0.05508 nmse_ls=0.10763 lr=7.707e-04 step_time=0.301s steps_per_s=1.899 gpu_mem=0.10GiB peak=2.84GiB
[TRAIN] step=16900 loss=-1.47871 nmse_prop=0.08676 nmse_ls=0.15977 lr=7.668e-04 step_time=0.350s steps_per_s=1.903 gpu_mem=0.10GiB peak=2.84GiB
[TRAIN] step=17000 loss=-1.92623 nmse_prop=0.05755 nmse_ls=0.09920 lr=7.630e-04 step_time=0.326s steps_per_s=1.907 gpu_mem=0.10GiB peak=2.84GiB
[TRAIN] saved resumable state at step=17000 reason=periodic: /lustre10/scratch/rsadve1/Extended_UPAIR_Narval_b32m16_portable_underUMI/UMI_training/runs_rx16/seed7/1dmrs/narrow_d192_b4_r2/checkpoints/training_state/ckpt-17000
[TRAIN] step=17100 loss=-1.73975 nmse_prop=0.06773 nmse_ls=0.14772 lr=7.591e-04 step_time=0.301s steps_per_s=1.909 gpu_mem=0.10GiB peak=2.84GiB
[TRAIN] step=17200 loss=-1.71789 nmse_prop=0.07355 nmse_ls=0.12283 lr=7.553e-04 step_time=0.349s steps_per_s=1.913 gpu_mem=0.10GiB peak=2.84GiB
[TRAIN] step=17300 loss=-1.54126 nmse_prop=0.08482 nmse_ls=0.14436 lr=7.514e-04 step_time=0.350s steps_per_s=1.916 gpu_mem=0.10GiB peak=2.84GiB
[TRAIN] step=17400 loss=-1.47105 nmse_prop=0.09367 nmse_ls=0.19915 lr=7.475e-04 step_time=0.277s steps_per_s=1.920 gpu_mem=0.10GiB peak=2.84GiB
[TRAIN] step=17500 loss=-2.49862 nmse_prop=0.04148 nmse_ls=0.06241 lr=7.437e-04 step_time=0.327s steps_per_s=1.923 gpu_mem=0.10GiB peak=2.84GiB
[TRAIN] step=17600 loss=-1.79449 nmse_prop=0.06773 nmse_ls=0.13126 lr=7.398e-04 step_time=0.326s steps_per_s=1.927 gpu_mem=0.10GiB peak=2.84GiB
[TRAIN] step=17700 loss=-2.17708 nmse_prop=0.04916 nmse_ls=0.07113 lr=7.359e-04 step_time=0.351s steps_per_s=1.930 gpu_mem=0.10GiB peak=2.84GiB
[TRAIN] step=17800 loss=-1.42936 nmse_prop=0.08998 nmse_ls=0.20865 lr=7.320e-04 step_time=0.324s steps_per_s=1.934 gpu_mem=0.10GiB peak=2.84GiB
[TRAIN] step=17900 loss=-2.34941 nmse_prop=0.04117 nmse_ls=0.05859 lr=7.281e-04 step_time=0.351s steps_per_s=1.937 gpu_mem=0.10GiB peak=2.84GiB
WARNING:tensorflow:Model's `__init__()` arguments contain non-serializable objects. Please implement a `get_config()` method in the subclassed Model for proper saving and loading. Defaulting to empty config.
WARNING:tensorflow:Model's `__init__()` arguments contain non-serializable objects. Please implement a `get_config()` method in the subclassed Model for proper saving and loading. Defaulting to empty config.
[TRAIN] saved new best weights at step=18000 val_nmse=0.0603166
[TRAIN] step=18000 loss=-1.61823 nmse_prop=0.07694 nmse_ls=0.14748 lr=7.242e-04 step_time=168.633s steps_per_s=1.906 gpu_mem=0.10GiB peak=2.84GiB
[TRAIN] saved resumable state at step=18000 reason=periodic: /lustre10/scratch/rsadve1/Extended_UPAIR_Narval_b32m16_portable_underUMI/UMI_training/runs_rx16/seed7/1dmrs/narrow_d192_b4_r2/checkpoints/training_state/ckpt-18000
[TRAIN] step=18100 loss=-1.48770 nmse_prop=0.08926 nmse_ls=0.17550 lr=7.203e-04 step_time=0.352s steps_per_s=1.908 gpu_mem=0.10GiB peak=2.84GiB
[TRAIN] step=18200 loss=-1.93319 nmse_prop=0.05740 nmse_ls=0.09045 lr=7.164e-04 step_time=0.350s steps_per_s=1.912 gpu_mem=0.10GiB peak=2.84GiB
[TRAIN] step=18300 loss=-2.47588 nmse_prop=0.03728 nmse_ls=0.04892 lr=7.125e-04 step_time=0.350s steps_per_s=1.915 gpu_mem=0.10GiB peak=2.84GiB
[TRAIN] step=18400 loss=-1.44157 nmse_prop=0.09041 nmse_ls=0.17573 lr=7.085e-04 step_time=0.349s steps_per_s=1.918 gpu_mem=0.10GiB peak=2.84GiB
[TRAIN] step=18500 loss=-1.91175 nmse_prop=0.05895 nmse_ls=0.09867 lr=7.046e-04 step_time=0.348s steps_per_s=1.922 gpu_mem=0.10GiB peak=2.84GiB
[TRAIN] step=18600 loss=-1.94200 nmse_prop=0.05740 nmse_ls=0.11325 lr=7.007e-04 step_time=0.324s steps_per_s=1.925 gpu_mem=0.10GiB peak=2.84GiB
[TRAIN] step=18700 loss=-1.71692 nmse_prop=0.07061 nmse_ls=0.12645 lr=6.967e-04 step_time=0.349s steps_per_s=1.928 gpu_mem=0.10GiB peak=2.84GiB
[TRAIN] step=18800 loss=-2.07921 nmse_prop=0.05583 nmse_ls=0.08147 lr=6.928e-04 step_time=0.350s steps_per_s=1.932 gpu_mem=0.10GiB peak=2.84GiB
[TRAIN] step=18900 loss=-2.34852 nmse_prop=0.04048 nmse_ls=0.06140 lr=6.889e-04 step_time=0.326s steps_per_s=1.935 gpu_mem=0.10GiB peak=2.84GiB
[TRAIN] step=19000 loss=-2.18923 nmse_prop=0.04897 nmse_ls=0.08455 lr=6.849e-04 step_time=0.301s steps_per_s=1.938 gpu_mem=0.10GiB peak=2.84GiB
[TRAIN] saved resumable state at step=19000 reason=periodic: /lustre10/scratch/rsadve1/Extended_UPAIR_Narval_b32m16_portable_underUMI/UMI_training/runs_rx16/seed7/1dmrs/narrow_d192_b4_r2/checkpoints/training_state/ckpt-19000
[TRAIN] step=19100 loss=-2.03011 nmse_prop=0.05411 nmse_ls=0.08618 lr=6.810e-04 step_time=0.350s steps_per_s=1.941 gpu_mem=0.10GiB peak=2.84GiB
[TRAIN] step=19200 loss=-2.43170 nmse_prop=0.04024 nmse_ls=0.05731 lr=6.770e-04 step_time=0.299s steps_per_s=1.944 gpu_mem=0.10GiB peak=2.84GiB
[TRAIN] step=19300 loss=-1.85695 nmse_prop=0.06205 nmse_ls=0.09710 lr=6.731e-04 step_time=0.350s steps_per_s=1.947 gpu_mem=0.10GiB peak=2.84GiB
[TRAIN] step=19400 loss=-1.87941 nmse_prop=0.06056 nmse_ls=0.11409 lr=6.691e-04 step_time=0.326s steps_per_s=1.950 gpu_mem=0.10GiB peak=2.84GiB
[TRAIN] step=19500 loss=-1.57425 nmse_prop=0.08278 nmse_ls=0.15206 lr=6.652e-04 step_time=0.325s steps_per_s=1.953 gpu_mem=0.10GiB peak=2.84GiB
[TRAIN] step=19600 loss=-2.14000 nmse_prop=0.05229 nmse_ls=0.09250 lr=6.612e-04 step_time=0.276s steps_per_s=1.956 gpu_mem=0.10GiB peak=2.84GiB
[TRAIN] step=19700 loss=-1.44489 nmse_prop=0.09105 nmse_ls=0.19157 lr=6.573e-04 step_time=0.326s steps_per_s=1.959 gpu_mem=0.10GiB peak=2.84GiB
[TRAIN] step=19800 loss=-2.38986 nmse_prop=0.04087 nmse_ls=0.05293 lr=6.533e-04 step_time=0.350s steps_per_s=1.962 gpu_mem=0.10GiB peak=2.84GiB
[TRAIN] step=19900 loss=-2.27561 nmse_prop=0.04323 nmse_ls=0.07105 lr=6.493e-04 step_time=0.302s steps_per_s=1.965 gpu_mem=0.10GiB peak=2.84GiB
[TRAIN] step=20000 loss=-1.80869 nmse_prop=0.06752 nmse_ls=0.11259 lr=6.454e-04 step_time=167.162s steps_per_s=1.936 gpu_mem=0.10GiB peak=2.84GiB
[TRAIN] saved resumable state at step=20000 reason=periodic: /lustre10/scratch/rsadve1/Extended_UPAIR_Narval_b32m16_portable_underUMI/UMI_training/runs_rx16/seed7/1dmrs/narrow_d192_b4_r2/checkpoints/training_state/ckpt-20000
[TRAIN] step=20100 loss=-2.26289 nmse_prop=0.04519 nmse_ls=0.06584 lr=6.414e-04 step_time=0.349s steps_per_s=1.939 gpu_mem=0.10GiB peak=2.84GiB
[TRAIN] step=20200 loss=-2.15906 nmse_prop=0.04893 nmse_ls=0.06988 lr=6.375e-04 step_time=0.349s steps_per_s=1.942 gpu_mem=0.10GiB peak=2.84GiB
[TRAIN] step=20300 loss=-1.26479 nmse_prop=0.10668 nmse_ls=0.25541 lr=6.335e-04 step_time=0.309s steps_per_s=1.945 gpu_mem=0.10GiB peak=2.84GiB
[TRAIN] step=20400 loss=-2.37699 nmse_prop=0.04060 nmse_ls=0.05451 lr=6.296e-04 step_time=0.351s steps_per_s=1.948 gpu_mem=0.10GiB peak=2.84GiB
[TRAIN] step=20500 loss=-1.39821 nmse_prop=0.09744 nmse_ls=0.19754 lr=6.256e-04 step_time=0.328s steps_per_s=1.951 gpu_mem=0.10GiB peak=2.84GiB
[TRAIN] step=20600 loss=-2.28882 nmse_prop=0.04470 nmse_ls=0.06217 lr=6.216e-04 step_time=0.355s steps_per_s=1.953 gpu_mem=0.10GiB peak=2.84GiB
[TRAIN] step=20700 loss=-1.57233 nmse_prop=0.08429 nmse_ls=0.15070 lr=6.177e-04 step_time=0.355s steps_per_s=1.956 gpu_mem=0.10GiB peak=2.84GiB
[TRAIN] step=20800 loss=-1.81897 nmse_prop=0.06559 nmse_ls=0.10642 lr=6.137e-04 step_time=0.355s steps_per_s=1.959 gpu_mem=0.10GiB peak=2.84GiB
[TRAIN] step=20900 loss=-1.19782 nmse_prop=0.11463 nmse_ls=0.23674 lr=6.098e-04 step_time=0.354s steps_per_s=1.962 gpu_mem=0.10GiB peak=2.84GiB
[TRAIN] step=21000 loss=-1.98482 nmse_prop=0.06288 nmse_ls=0.10582 lr=6.059e-04 step_time=0.330s steps_per_s=1.965 gpu_mem=0.10GiB peak=2.84GiB
[TRAIN] saved resumable state at step=21000 reason=periodic: /lustre10/scratch/rsadve1/Extended_UPAIR_Narval_b32m16_portable_underUMI/UMI_training/runs_rx16/seed7/1dmrs/narrow_d192_b4_r2/checkpoints/training_state/ckpt-21000
[TRAIN] step=21100 loss=-2.07833 nmse_prop=0.05945 nmse_ls=0.10344 lr=6.019e-04 step_time=0.306s steps_per_s=1.967 gpu_mem=0.10GiB peak=2.84GiB
[TRAIN] step=21200 loss=-1.34128 nmse_prop=0.10057 nmse_ls=0.23405 lr=5.980e-04 step_time=0.330s steps_per_s=1.970 gpu_mem=0.10GiB peak=2.84GiB
[TRAIN] step=21300 loss=-2.02406 nmse_prop=0.05765 nmse_ls=0.08722 lr=5.940e-04 step_time=0.357s steps_per_s=1.972 gpu_mem=0.10GiB peak=2.84GiB
[TRAIN] step=21400 loss=-1.40350 nmse_prop=0.09698 nmse_ls=0.21530 lr=5.901e-04 step_time=0.331s steps_per_s=1.975 gpu_mem=0.10GiB peak=2.84GiB
[TRAIN] step=21500 loss=-1.78542 nmse_prop=0.06761 nmse_ls=0.12124 lr=5.862e-04 step_time=0.329s steps_per_s=1.978 gpu_mem=0.10GiB peak=2.84GiB
[TRAIN] step=21600 loss=-1.71972 nmse_prop=0.07186 nmse_ls=0.12790 lr=5.822e-04 step_time=0.331s steps_per_s=1.980 gpu_mem=0.10GiB peak=2.84GiB
[TRAIN] step=21700 loss=-2.46990 nmse_prop=0.03912 nmse_ls=0.05362 lr=5.783e-04 step_time=0.356s steps_per_s=1.983 gpu_mem=0.10GiB peak=2.84GiB
[TRAIN] step=21800 loss=-1.90307 nmse_prop=0.06088 nmse_ls=0.10425 lr=5.744e-04 step_time=0.355s steps_per_s=1.986 gpu_mem=0.10GiB peak=2.84GiB
[TRAIN] step=21900 loss=-1.64886 nmse_prop=0.07559 nmse_ls=0.15287 lr=5.705e-04 step_time=0.329s steps_per_s=1.988 gpu_mem=0.10GiB peak=2.84GiB
WARNING:tensorflow:Model's `__init__()` arguments contain non-serializable objects. Please implement a `get_config()` method in the subclassed Model for proper saving and loading. Defaulting to empty config.
WARNING:tensorflow:Model's `__init__()` arguments contain non-serializable objects. Please implement a `get_config()` method in the subclassed Model for proper saving and loading. Defaulting to empty config.
[TRAIN] saved new best weights at step=22000 val_nmse=0.0598447
[TRAIN] step=22000 loss=-1.84137 nmse_prop=0.06647 nmse_ls=0.11301 lr=5.666e-04 step_time=2334.863s steps_per_s=1.644 gpu_mem=0.10GiB peak=2.84GiB
[TRAIN] saved resumable state at step=22000 reason=periodic: /lustre10/scratch/rsadve1/Extended_UPAIR_Narval_b32m16_portable_underUMI/UMI_training/runs_rx16/seed7/1dmrs/narrow_d192_b4_r2/checkpoints/training_state/ckpt-22000
[TRAIN] step=22100 loss=-1.28590 nmse_prop=0.10435 nmse_ls=0.22044 lr=5.627e-04 step_time=0.353s steps_per_s=1.628 gpu_mem=0.10GiB peak=2.84GiB
[TRAIN] step=22200 loss=-2.15806 nmse_prop=0.04981 nmse_ls=0.07575 lr=5.588e-04 step_time=0.352s steps_per_s=1.631 gpu_mem=0.10GiB peak=2.84GiB
[TRAIN] step=22300 loss=-1.39504 nmse_prop=0.09339 nmse_ls=0.20061 lr=5.549e-04 step_time=0.352s steps_per_s=1.634 gpu_mem=0.10GiB peak=2.84GiB
[TRAIN] step=22400 loss=-1.40069 nmse_prop=0.10080 nmse_ls=0.19612 lr=5.510e-04 step_time=0.328s steps_per_s=1.637 gpu_mem=0.10GiB peak=2.84GiB
[TRAIN] step=22500 loss=-1.28184 nmse_prop=0.10353 nmse_ls=0.24180 lr=5.471e-04 step_time=0.352s steps_per_s=1.640 gpu_mem=0.10GiB peak=2.84GiB
[TRAIN] step=22600 loss=-1.12286 nmse_prop=0.12385 nmse_ls=0.26396 lr=5.432e-04 step_time=0.353s steps_per_s=1.643 gpu_mem=0.10GiB peak=2.84GiB
[TRAIN] step=22700 loss=-1.66409 nmse_prop=0.07841 nmse_ls=0.11793 lr=5.393e-04 step_time=0.327s steps_per_s=1.646 gpu_mem=0.10GiB peak=2.84GiB
[TRAIN] step=22800 loss=-2.28255 nmse_prop=0.04411 nmse_ls=0.06870 lr=5.355e-04 step_time=0.327s steps_per_s=1.649 gpu_mem=0.10GiB peak=2.84GiB
[TRAIN] step=22900 loss=-2.16017 nmse_prop=0.04835 nmse_ls=0.07528 lr=5.316e-04 step_time=0.351s steps_per_s=1.652 gpu_mem=0.10GiB peak=2.84GiB
[TRAIN] step=23000 loss=-2.14527 nmse_prop=0.04885 nmse_ls=0.07604 lr=5.278e-04 step_time=0.326s steps_per_s=1.655 gpu_mem=0.10GiB peak=2.84GiB
[TRAIN] saved resumable state at step=23000 reason=periodic: /lustre10/scratch/rsadve1/Extended_UPAIR_Narval_b32m16_portable_underUMI/UMI_training/runs_rx16/seed7/1dmrs/narrow_d192_b4_r2/checkpoints/training_state/ckpt-23000
[TRAIN] step=23100 loss=-2.21541 nmse_prop=0.06087 nmse_ls=0.07900 lr=5.239e-04 step_time=0.351s steps_per_s=1.658 gpu_mem=0.10GiB peak=2.84GiB
[TRAIN] step=23200 loss=-1.55887 nmse_prop=0.08065 nmse_ls=0.18474 lr=5.201e-04 step_time=0.327s steps_per_s=1.661 gpu_mem=0.10GiB peak=2.84GiB
[TRAIN] step=23300 loss=-1.90917 nmse_prop=0.06484 nmse_ls=0.09783 lr=5.163e-04 step_time=0.352s steps_per_s=1.664 gpu_mem=0.10GiB peak=2.84GiB
[TRAIN] step=23400 loss=-1.65851 nmse_prop=0.07342 nmse_ls=0.13904 lr=5.124e-04 step_time=0.350s steps_per_s=1.667 gpu_mem=0.10GiB peak=2.84GiB
[TRAIN] step=23500 loss=-2.25450 nmse_prop=0.04522 nmse_ls=0.06532 lr=5.086e-04 step_time=0.352s steps_per_s=1.669 gpu_mem=0.10GiB peak=2.84GiB
[TRAIN] step=23600 loss=-1.63679 nmse_prop=0.07602 nmse_ls=0.16022 lr=5.048e-04 step_time=0.324s steps_per_s=1.672 gpu_mem=0.10GiB peak=2.84GiB
[TRAIN] step=23700 loss=-1.42209 nmse_prop=0.09400 nmse_ls=0.19725 lr=5.010e-04 step_time=0.351s steps_per_s=1.675 gpu_mem=0.10GiB peak=2.84GiB
[TRAIN] step=23800 loss=-1.38030 nmse_prop=0.09716 nmse_ls=0.20800 lr=4.972e-04 step_time=0.352s steps_per_s=1.678 gpu_mem=0.10GiB peak=2.84GiB
[TRAIN] step=23900 loss=-2.16706 nmse_prop=0.04709 nmse_ls=0.08594 lr=4.935e-04 step_time=0.301s steps_per_s=1.681 gpu_mem=0.10GiB peak=2.84GiB
[TRAIN] step=24000 loss=-1.58942 nmse_prop=0.08013 nmse_ls=0.18292 lr=4.897e-04 step_time=825.633s steps_per_s=1.591 gpu_mem=0.10GiB peak=2.84GiB
[TRAIN] saved resumable state at step=24000 reason=periodic: /lustre10/scratch/rsadve1/Extended_UPAIR_Narval_b32m16_portable_underUMI/UMI_training/runs_rx16/seed7/1dmrs/narrow_d192_b4_r2/checkpoints/training_state/ckpt-24000
[TRAIN] step=24100 loss=-2.48047 nmse_prop=0.03803 nmse_ls=0.05227 lr=4.859e-04 step_time=0.325s steps_per_s=1.569 gpu_mem=0.10GiB peak=2.84GiB
[TRAIN] step=24200 loss=-1.75291 nmse_prop=0.06771 nmse_ls=0.13516 lr=4.822e-04 step_time=0.350s steps_per_s=1.572 gpu_mem=0.10GiB peak=2.84GiB
[TRAIN] step=24300 loss=-2.32849 nmse_prop=0.04056 nmse_ls=0.06980 lr=4.784e-04 step_time=0.300s steps_per_s=1.575 gpu_mem=0.10GiB peak=2.84GiB
[TRAIN] step=24400 loss=-1.51468 nmse_prop=0.08481 nmse_ls=0.16696 lr=4.747e-04 step_time=0.349s steps_per_s=1.578 gpu_mem=0.10GiB peak=2.84GiB
[TRAIN] step=24500 loss=-2.38357 nmse_prop=0.04276 nmse_ls=0.06006 lr=4.710e-04 step_time=0.299s steps_per_s=1.581 gpu_mem=0.10GiB peak=2.84GiB
[TRAIN] step=24600 loss=-2.17891 nmse_prop=0.04807 nmse_ls=0.07854 lr=4.673e-04 step_time=0.327s steps_per_s=1.583 gpu_mem=0.10GiB peak=2.84GiB
[TRAIN] step=24700 loss=-2.75357 nmse_prop=0.02940 nmse_ls=0.04485 lr=4.636e-04 step_time=0.274s steps_per_s=1.586 gpu_mem=0.10GiB peak=2.84GiB
[TRAIN] step=24800 loss=-2.39381 nmse_prop=0.04077 nmse_ls=0.05679 lr=4.599e-04 step_time=0.349s steps_per_s=1.589 gpu_mem=0.10GiB peak=2.84GiB
[TRAIN] step=24900 loss=-1.56137 nmse_prop=0.08710 nmse_ls=0.15553 lr=4.562e-04 step_time=0.349s steps_per_s=1.592 gpu_mem=0.10GiB peak=2.84GiB
[TRAIN] step=25000 loss=-2.24855 nmse_prop=0.04835 nmse_ls=0.07321 lr=4.526e-04 step_time=0.325s steps_per_s=1.595 gpu_mem=0.10GiB peak=2.84GiB
[TRAIN] saved resumable state at step=25000 reason=periodic: /lustre10/scratch/rsadve1/Extended_UPAIR_Narval_b32m16_portable_underUMI/UMI_training/runs_rx16/seed7/1dmrs/narrow_d192_b4_r2/checkpoints/training_state/ckpt-25000
[TRAIN] step=25100 loss=-2.05592 nmse_prop=0.05288 nmse_ls=0.08822 lr=4.489e-04 step_time=0.349s steps_per_s=1.597 gpu_mem=0.10GiB peak=2.84GiB
[TRAIN] step=25200 loss=-2.05047 nmse_prop=0.05266 nmse_ls=0.08878 lr=4.453e-04 step_time=0.350s steps_per_s=1.600 gpu_mem=0.10GiB peak=2.84GiB
[TRAIN] step=25300 loss=-1.83801 nmse_prop=0.06831 nmse_ls=0.11913 lr=4.417e-04 step_time=0.324s steps_per_s=1.603 gpu_mem=0.10GiB peak=2.84GiB
[TRAIN] step=25400 loss=-1.40220 nmse_prop=0.09457 nmse_ls=0.23679 lr=4.380e-04 step_time=0.300s steps_per_s=1.605 gpu_mem=0.10GiB peak=2.84GiB
[TRAIN] step=25500 loss=-2.05754 nmse_prop=0.05615 nmse_ls=0.09085 lr=4.344e-04 step_time=0.349s steps_per_s=1.608 gpu_mem=0.10GiB peak=2.84GiB
[TRAIN] step=25600 loss=-2.25457 nmse_prop=0.04582 nmse_ls=0.06767 lr=4.309e-04 step_time=0.350s steps_per_s=1.611 gpu_mem=0.10GiB peak=2.84GiB
[TRAIN] step=25700 loss=-1.88213 nmse_prop=0.06119 nmse_ls=0.09776 lr=4.273e-04 step_time=0.349s steps_per_s=1.613 gpu_mem=0.10GiB peak=2.84GiB
[TRAIN] step=25800 loss=-2.31991 nmse_prop=0.04188 nmse_ls=0.06128 lr=4.237e-04 step_time=0.350s steps_per_s=1.616 gpu_mem=0.10GiB peak=2.84GiB
[TRAIN] step=25900 loss=-2.27486 nmse_prop=0.04543 nmse_ls=0.06568 lr=4.202e-04 step_time=0.351s steps_per_s=1.619 gpu_mem=0.10GiB peak=2.84GiB
[TRAIN] step=26000 loss=-1.64609 nmse_prop=0.07561 nmse_ls=0.17235 lr=4.166e-04 step_time=164.915s steps_per_s=1.605 gpu_mem=0.10GiB peak=2.84GiB
[TRAIN] saved resumable state at step=26000 reason=periodic: /lustre10/scratch/rsadve1/Extended_UPAIR_Narval_b32m16_portable_underUMI/UMI_training/runs_rx16/seed7/1dmrs/narrow_d192_b4_r2/checkpoints/training_state/ckpt-26000
[TRAIN] step=26100 loss=-1.76585 nmse_prop=0.06851 nmse_ls=0.12077 lr=4.131e-04 step_time=0.352s steps_per_s=1.606 gpu_mem=0.10GiB peak=2.84GiB
[TRAIN] step=26200 loss=-1.41743 nmse_prop=0.09490 nmse_ls=0.20523 lr=4.096e-04 step_time=0.325s steps_per_s=1.609 gpu_mem=0.10GiB peak=2.84GiB
[TRAIN] step=26300 loss=-1.95615 nmse_prop=0.05831 nmse_ls=0.10089 lr=4.061e-04 step_time=0.350s steps_per_s=1.612 gpu_mem=0.10GiB peak=2.84GiB
[TRAIN] step=26400 loss=-1.87721 nmse_prop=0.06118 nmse_ls=0.12222 lr=4.027e-04 step_time=0.350s steps_per_s=1.614 gpu_mem=0.10GiB peak=2.84GiB
[TRAIN] step=26500 loss=-2.23624 nmse_prop=0.04525 nmse_ls=0.07025 lr=3.992e-04 step_time=0.352s steps_per_s=1.617 gpu_mem=0.10GiB peak=2.84GiB
[TRAIN] step=26600 loss=-1.93853 nmse_prop=0.05854 nmse_ls=0.11578 lr=3.958e-04 step_time=0.325s steps_per_s=1.620 gpu_mem=0.10GiB peak=2.84GiB
[TRAIN] step=26700 loss=-2.52388 nmse_prop=0.03579 nmse_ls=0.04855 lr=3.923e-04 step_time=0.352s steps_per_s=1.622 gpu_mem=0.10GiB peak=2.84GiB
[TRAIN] step=26800 loss=-1.29884 nmse_prop=0.10335 nmse_ls=0.22648 lr=3.889e-04 step_time=0.350s steps_per_s=1.625 gpu_mem=0.10GiB peak=2.84GiB
[TRAIN] step=26900 loss=-2.17006 nmse_prop=0.04927 nmse_ls=0.08875 lr=3.855e-04 step_time=0.275s steps_per_s=1.627 gpu_mem=0.10GiB peak=2.84GiB
[TRAIN] step=27000 loss=-2.28827 nmse_prop=0.04724 nmse_ls=0.07717 lr=3.821e-04 step_time=0.300s steps_per_s=1.630 gpu_mem=0.10GiB peak=2.84GiB
[TRAIN] saved resumable state at step=27000 reason=periodic: /lustre10/scratch/rsadve1/Extended_UPAIR_Narval_b32m16_portable_underUMI/UMI_training/runs_rx16/seed7/1dmrs/narrow_d192_b4_r2/checkpoints/training_state/ckpt-27000
[TRAIN] step=27100 loss=-1.67171 nmse_prop=0.07259 nmse_ls=0.15020 lr=3.788e-04 step_time=0.348s steps_per_s=1.632 gpu_mem=0.10GiB peak=2.84GiB
[TRAIN] step=27200 loss=-1.17049 nmse_prop=0.12543 nmse_ls=0.24288 lr=3.754e-04 step_time=0.350s steps_per_s=1.635 gpu_mem=0.10GiB peak=2.84GiB
[TRAIN] step=27300 loss=-1.98564 nmse_prop=0.05548 nmse_ls=0.09415 lr=3.721e-04 step_time=0.350s steps_per_s=1.637 gpu_mem=0.10GiB peak=2.84GiB
[TRAIN] step=27400 loss=-1.23234 nmse_prop=0.10858 nmse_ls=0.25831 lr=3.688e-04 step_time=0.350s steps_per_s=1.640 gpu_mem=0.10GiB peak=2.84GiB
[TRAIN] step=27500 loss=-2.73132 nmse_prop=0.02917 nmse_ls=0.04363 lr=3.655e-04 step_time=0.277s steps_per_s=1.642 gpu_mem=0.10GiB peak=2.84GiB
[TRAIN] step=27600 loss=-1.65408 nmse_prop=0.07362 nmse_ls=0.15546 lr=3.622e-04 step_time=0.351s steps_per_s=1.645 gpu_mem=0.10GiB peak=2.84GiB
[TRAIN] step=27700 loss=-2.35839 nmse_prop=0.04363 nmse_ls=0.06572 lr=3.589e-04 step_time=0.301s steps_per_s=1.647 gpu_mem=0.10GiB peak=2.84GiB
[TRAIN] step=27800 loss=-2.44527 nmse_prop=0.04607 nmse_ls=0.07137 lr=3.557e-04 step_time=0.275s steps_per_s=1.650 gpu_mem=0.10GiB peak=2.84GiB
[TRAIN] step=27900 loss=-1.47362 nmse_prop=0.09123 nmse_ls=0.18161 lr=3.524e-04 step_time=0.350s steps_per_s=1.652 gpu_mem=0.10GiB peak=2.84GiB
[TRAIN] step=28000 loss=-2.34425 nmse_prop=0.04372 nmse_ls=0.05868 lr=3.492e-04 step_time=167.735s steps_per_s=1.638 gpu_mem=0.10GiB peak=2.84GiB
[TRAIN] saved resumable state at step=28000 reason=periodic: /lustre10/scratch/rsadve1/Extended_UPAIR_Narval_b32m16_portable_underUMI/UMI_training/runs_rx16/seed7/1dmrs/narrow_d192_b4_r2/checkpoints/training_state/ckpt-28000
[TRAIN] step=28100 loss=-1.52814 nmse_prop=0.08531 nmse_ls=0.18085 lr=3.460e-04 step_time=0.325s steps_per_s=1.640 gpu_mem=0.10GiB peak=2.84GiB
[TRAIN] step=28200 loss=-1.79927 nmse_prop=0.06703 nmse_ls=0.14196 lr=3.429e-04 step_time=0.300s steps_per_s=1.643 gpu_mem=0.10GiB peak=2.84GiB
[TRAIN] step=28300 loss=-1.26537 nmse_prop=0.10986 nmse_ls=0.25045 lr=3.397e-04 step_time=0.350s steps_per_s=1.645 gpu_mem=0.10GiB peak=2.84GiB
[TRAIN] step=28400 loss=-2.38610 nmse_prop=0.04473 nmse_ls=0.06870 lr=3.366e-04 step_time=0.351s steps_per_s=1.648 gpu_mem=0.10GiB peak=2.84GiB
[TRAIN] step=28500 loss=-1.43499 nmse_prop=0.09091 nmse_ls=0.21613 lr=3.335e-04 step_time=0.326s steps_per_s=1.650 gpu_mem=0.10GiB peak=2.84GiB
[TRAIN] step=28600 loss=-2.28279 nmse_prop=0.04391 nmse_ls=0.06708 lr=3.304e-04 step_time=0.352s steps_per_s=1.652 gpu_mem=0.10GiB peak=2.84GiB
[TRAIN] step=28700 loss=-1.92996 nmse_prop=0.06407 nmse_ls=0.10680 lr=3.273e-04 step_time=0.352s steps_per_s=1.655 gpu_mem=0.10GiB peak=2.84GiB
[TRAIN] step=28800 loss=-1.85318 nmse_prop=0.06165 nmse_ls=0.10800 lr=3.242e-04 step_time=0.349s steps_per_s=1.657 gpu_mem=0.10GiB peak=2.84GiB
[TRAIN] step=28900 loss=-1.35226 nmse_prop=0.09681 nmse_ls=0.22268 lr=3.212e-04 step_time=0.327s steps_per_s=1.659 gpu_mem=0.10GiB peak=2.84GiB
[TRAIN] step=29000 loss=-2.51570 nmse_prop=0.03401 nmse_ls=0.05388 lr=3.182e-04 step_time=0.326s steps_per_s=1.662 gpu_mem=0.10GiB peak=2.84GiB
[TRAIN] saved resumable state at step=29000 reason=periodic: /lustre10/scratch/rsadve1/Extended_UPAIR_Narval_b32m16_portable_underUMI/UMI_training/runs_rx16/seed7/1dmrs/narrow_d192_b4_r2/checkpoints/training_state/ckpt-29000
[TRAIN] step=29100 loss=-1.68226 nmse_prop=0.07586 nmse_ls=0.16320 lr=3.152e-04 step_time=0.301s steps_per_s=1.664 gpu_mem=0.10GiB peak=2.84GiB
[TRAIN] step=29200 loss=-1.51210 nmse_prop=0.08643 nmse_ls=0.18616 lr=3.122e-04 step_time=0.326s steps_per_s=1.666 gpu_mem=0.10GiB peak=2.84GiB
[TRAIN] step=29300 loss=-2.25168 nmse_prop=0.04526 nmse_ls=0.08144 lr=3.092e-04 step_time=0.300s steps_per_s=1.668 gpu_mem=0.10GiB peak=2.84GiB
[TRAIN] step=29400 loss=-2.15672 nmse_prop=0.04778 nmse_ls=0.07698 lr=3.063e-04 step_time=0.352s steps_per_s=1.671 gpu_mem=0.10GiB peak=2.84GiB
[TRAIN] step=29500 loss=-2.23162 nmse_prop=0.04669 nmse_ls=0.07500 lr=3.034e-04 step_time=0.326s steps_per_s=1.673 gpu_mem=0.10GiB peak=2.84GiB
[TRAIN] step=29600 loss=-2.09046 nmse_prop=0.05174 nmse_ls=0.09018 lr=3.005e-04 step_time=0.326s steps_per_s=1.675 gpu_mem=0.10GiB peak=2.84GiB
[TRAIN] step=29700 loss=-1.51543 nmse_prop=0.08497 nmse_ls=0.19051 lr=2.976e-04 step_time=0.303s steps_per_s=1.678 gpu_mem=0.10GiB peak=2.84GiB
[TRAIN] step=29800 loss=-1.22949 nmse_prop=0.10977 nmse_ls=0.24963 lr=2.948e-04 step_time=0.351s steps_per_s=1.680 gpu_mem=0.10GiB peak=2.84GiB
[TRAIN] step=29900 loss=-1.18235 nmse_prop=0.11584 nmse_ls=0.26732 lr=2.919e-04 step_time=0.351s steps_per_s=1.682 gpu_mem=0.10GiB peak=2.84GiB
WARNING:tensorflow:Model's `__init__()` arguments contain non-serializable objects. Please implement a `get_config()` method in the subclassed Model for proper saving and loading. Defaulting to empty config.
WARNING:tensorflow:Model's `__init__()` arguments contain non-serializable objects. Please implement a `get_config()` method in the subclassed Model for proper saving and loading. Defaulting to empty config.
[TRAIN] saved new best weights at step=30000 val_nmse=0.0592908
[TRAIN] step=30000 loss=-2.17264 nmse_prop=0.04713 nmse_ls=0.07538 lr=2.891e-04 step_time=166.326s steps_per_s=1.669 gpu_mem=0.10GiB peak=2.84GiB
[TRAIN] saved resumable state at step=30000 reason=periodic: /lustre10/scratch/rsadve1/Extended_UPAIR_Narval_b32m16_portable_underUMI/UMI_training/runs_rx16/seed7/1dmrs/narrow_d192_b4_r2/checkpoints/training_state/ckpt-30000
[TRAIN] step=30100 loss=-1.52650 nmse_prop=0.08347 nmse_ls=0.20088 lr=2.863e-04 step_time=0.302s steps_per_s=1.671 gpu_mem=0.10GiB peak=2.84GiB
[TRAIN] step=30200 loss=-2.32962 nmse_prop=0.04187 nmse_ls=0.07005 lr=2.836e-04 step_time=0.327s steps_per_s=1.673 gpu_mem=0.10GiB peak=2.84GiB
[TRAIN] step=30300 loss=-1.64768 nmse_prop=0.07884 nmse_ls=0.16798 lr=2.808e-04 step_time=0.301s steps_per_s=1.675 gpu_mem=0.10GiB peak=2.84GiB
[TRAIN] step=30400 loss=-2.13608 nmse_prop=0.05002 nmse_ls=0.07608 lr=2.781e-04 step_time=0.351s steps_per_s=1.677 gpu_mem=0.10GiB peak=2.84GiB
[TRAIN] step=30500 loss=-2.15626 nmse_prop=0.04773 nmse_ls=0.07805 lr=2.754e-04 step_time=0.352s steps_per_s=1.680 gpu_mem=0.10GiB peak=2.84GiB
[TRAIN] step=30600 loss=-1.62000 nmse_prop=0.07507 nmse_ls=0.18989 lr=2.727e-04 step_time=0.326s steps_per_s=1.682 gpu_mem=0.10GiB peak=2.84GiB
[TRAIN] step=30700 loss=-2.17257 nmse_prop=0.04775 nmse_ls=0.08016 lr=2.701e-04 step_time=0.326s steps_per_s=1.684 gpu_mem=0.10GiB peak=2.84GiB
[TRAIN] step=30800 loss=-2.30634 nmse_prop=0.04261 nmse_ls=0.06512 lr=2.674e-04 step_time=0.352s steps_per_s=1.686 gpu_mem=0.10GiB peak=2.84GiB
[TRAIN] step=30900 loss=-2.44584 nmse_prop=0.04009 nmse_ls=0.05375 lr=2.648e-04 step_time=0.350s steps_per_s=1.688 gpu_mem=0.10GiB peak=2.84GiB
[TRAIN] step=31000 loss=-1.96249 nmse_prop=0.05860 nmse_ls=0.09344 lr=2.623e-04 step_time=0.352s steps_per_s=1.691 gpu_mem=0.10GiB peak=2.84GiB
[TRAIN] saved resumable state at step=31000 reason=periodic: /lustre10/scratch/rsadve1/Extended_UPAIR_Narval_b32m16_portable_underUMI/UMI_training/runs_rx16/seed7/1dmrs/narrow_d192_b4_r2/checkpoints/training_state/ckpt-31000
[TRAIN] step=31100 loss=-2.12155 nmse_prop=0.05087 nmse_ls=0.09122 lr=2.597e-04 step_time=0.300s steps_per_s=1.692 gpu_mem=0.10GiB peak=2.84GiB
[TRAIN] step=31200 loss=-1.57312 nmse_prop=0.08750 nmse_ls=0.17273 lr=2.572e-04 step_time=0.326s steps_per_s=1.695 gpu_mem=0.10GiB peak=2.84GiB
[TRAIN] step=31300 loss=-2.33582 nmse_prop=0.04305 nmse_ls=0.06683 lr=2.547e-04 step_time=0.350s steps_per_s=1.697 gpu_mem=0.10GiB peak=2.84GiB
[TRAIN] step=31400 loss=-2.47057 nmse_prop=0.03778 nmse_ls=0.05459 lr=2.522e-04 step_time=0.352s steps_per_s=1.699 gpu_mem=0.10GiB peak=2.84GiB
[TRAIN] step=31500 loss=-1.41435 nmse_prop=0.09276 nmse_ls=0.19368 lr=2.497e-04 step_time=0.351s steps_per_s=1.701 gpu_mem=0.10GiB peak=2.84GiB
[TRAIN] step=31600 loss=-1.65451 nmse_prop=0.07523 nmse_ls=0.13541 lr=2.473e-04 step_time=0.353s steps_per_s=1.703 gpu_mem=0.10GiB peak=2.84GiB
[TRAIN] step=31700 loss=-2.05853 nmse_prop=0.05529 nmse_ls=0.09252 lr=2.449e-04 step_time=0.301s steps_per_s=1.705 gpu_mem=0.10GiB peak=2.84GiB
[TRAIN] step=31800 loss=-2.28559 nmse_prop=0.05350 nmse_ls=0.08408 lr=2.425e-04 step_time=0.276s steps_per_s=1.707 gpu_mem=0.10GiB peak=2.84GiB
[TRAIN] step=31900 loss=-2.42879 nmse_prop=0.04143 nmse_ls=0.05732 lr=2.401e-04 step_time=0.351s steps_per_s=1.710 gpu_mem=0.10GiB peak=2.84GiB
[TRAIN] step=32000 loss=-2.42838 nmse_prop=0.04157 nmse_ls=0.05649 lr=2.378e-04 step_time=166.969s steps_per_s=1.697 gpu_mem=0.10GiB peak=2.84GiB
[TRAIN] saved resumable state at step=32000 reason=periodic: /lustre10/scratch/rsadve1/Extended_UPAIR_Narval_b32m16_portable_underUMI/UMI_training/runs_rx16/seed7/1dmrs/narrow_d192_b4_r2/checkpoints/training_state/ckpt-32000
[TRAIN] step=32100 loss=-1.12331 nmse_prop=0.12458 nmse_ls=0.28311 lr=2.354e-04 step_time=0.350s steps_per_s=1.698 gpu_mem=0.10GiB peak=2.84GiB
[TRAIN] step=32200 loss=-2.37696 nmse_prop=0.04014 nmse_ls=0.06180 lr=2.332e-04 step_time=0.352s steps_per_s=1.700 gpu_mem=0.10GiB peak=2.84GiB
[TRAIN] step=32300 loss=-1.87225 nmse_prop=0.06396 nmse_ls=0.13135 lr=2.309e-04 step_time=0.300s steps_per_s=1.702 gpu_mem=0.10GiB peak=2.84GiB
[TRAIN] step=32400 loss=-2.37163 nmse_prop=0.04476 nmse_ls=0.06618 lr=2.287e-04 step_time=0.326s steps_per_s=1.704 gpu_mem=0.10GiB peak=2.84GiB
[TRAIN] step=32500 loss=-2.58938 nmse_prop=0.03551 nmse_ls=0.05080 lr=2.264e-04 step_time=0.301s steps_per_s=1.706 gpu_mem=0.10GiB peak=2.84GiB
[TRAIN] step=32600 loss=-2.72732 nmse_prop=0.03044 nmse_ls=0.04658 lr=2.243e-04 step_time=0.300s steps_per_s=1.708 gpu_mem=0.10GiB peak=2.84GiB
[TRAIN] step=32700 loss=-1.95949 nmse_prop=0.06089 nmse_ls=0.09952 lr=2.221e-04 step_time=0.328s steps_per_s=1.710 gpu_mem=0.10GiB peak=2.84GiB
[TRAIN] step=32800 loss=-1.99201 nmse_prop=0.05752 nmse_ls=0.10740 lr=2.200e-04 step_time=0.327s steps_per_s=1.712 gpu_mem=0.10GiB peak=2.84GiB
[TRAIN] step=32900 loss=-1.38667 nmse_prop=0.09239 nmse_ls=0.25472 lr=2.179e-04 step_time=0.327s steps_per_s=1.714 gpu_mem=0.10GiB peak=2.84GiB
[TRAIN] step=33000 loss=-1.77342 nmse_prop=0.06603 nmse_ls=0.15046 lr=2.158e-04 step_time=0.276s steps_per_s=1.716 gpu_mem=0.10GiB peak=2.84GiB
[TRAIN] saved resumable state at step=33000 reason=periodic: /lustre10/scratch/rsadve1/Extended_UPAIR_Narval_b32m16_portable_underUMI/UMI_training/runs_rx16/seed7/1dmrs/narrow_d192_b4_r2/checkpoints/training_state/ckpt-33000
[TRAIN] step=33100 loss=-2.01047 nmse_prop=0.05600 nmse_ls=0.12232 lr=2.137e-04 step_time=0.300s steps_per_s=1.718 gpu_mem=0.10GiB peak=2.84GiB
[TRAIN] step=33200 loss=-2.18311 nmse_prop=0.04820 nmse_ls=0.08172 lr=2.117e-04 step_time=0.352s steps_per_s=1.720 gpu_mem=0.10GiB peak=2.84GiB
[TRAIN] step=33300 loss=-2.02547 nmse_prop=0.06141 nmse_ls=0.10596 lr=2.097e-04 step_time=0.350s steps_per_s=1.722 gpu_mem=0.10GiB peak=2.84GiB
[TRAIN] step=33400 loss=-1.88161 nmse_prop=0.06108 nmse_ls=0.12952 lr=2.077e-04 step_time=0.301s steps_per_s=1.724 gpu_mem=0.10GiB peak=2.84GiB
[TRAIN] step=33500 loss=-2.22364 nmse_prop=0.04576 nmse_ls=0.07116 lr=2.058e-04 step_time=0.352s steps_per_s=1.726 gpu_mem=0.10GiB peak=2.84GiB
[TRAIN] step=33600 loss=-2.33121 nmse_prop=0.04298 nmse_ls=0.07657 lr=2.039e-04 step_time=0.301s steps_per_s=1.728 gpu_mem=0.10GiB peak=2.84GiB
[TRAIN] step=33700 loss=-2.31152 nmse_prop=0.04716 nmse_ls=0.06687 lr=2.020e-04 step_time=0.352s steps_per_s=1.730 gpu_mem=0.10GiB peak=2.84GiB
[TRAIN] step=33800 loss=-1.94964 nmse_prop=0.05771 nmse_ls=0.11427 lr=2.001e-04 step_time=0.327s steps_per_s=1.732 gpu_mem=0.10GiB peak=2.84GiB
[TRAIN] step=33900 loss=-2.53444 nmse_prop=0.03749 nmse_ls=0.05377 lr=1.983e-04 step_time=0.352s steps_per_s=1.734 gpu_mem=0.10GiB peak=2.84GiB
[TRAIN] step=34000 loss=-2.48567 nmse_prop=0.03886 nmse_ls=0.06067 lr=1.964e-04 step_time=167.451s steps_per_s=1.721 gpu_mem=0.10GiB peak=2.84GiB
[TRAIN] saved resumable state at step=34000 reason=periodic: /lustre10/scratch/rsadve1/Extended_UPAIR_Narval_b32m16_portable_underUMI/UMI_training/runs_rx16/seed7/1dmrs/narrow_d192_b4_r2/checkpoints/training_state/ckpt-34000
[TRAIN] step=34100 loss=-1.37979 nmse_prop=0.09593 nmse_ls=0.19599 lr=1.947e-04 step_time=0.351s steps_per_s=1.723 gpu_mem=0.10GiB peak=2.84GiB
[TRAIN] step=34200 loss=-1.51259 nmse_prop=0.08534 nmse_ls=0.16731 lr=1.929e-04 step_time=0.355s steps_per_s=1.725 gpu_mem=0.10GiB peak=2.84GiB
[TRAIN] step=34300 loss=-1.92196 nmse_prop=0.06110 nmse_ls=0.11154 lr=1.912e-04 step_time=0.325s steps_per_s=1.727 gpu_mem=0.10GiB peak=2.84GiB
[TRAIN] step=34400 loss=-1.81940 nmse_prop=0.06524 nmse_ls=0.11723 lr=1.895e-04 step_time=0.350s steps_per_s=1.729 gpu_mem=0.10GiB peak=2.84GiB
[TRAIN] step=34500 loss=-1.32529 nmse_prop=0.09926 nmse_ls=0.22576 lr=1.878e-04 step_time=0.352s steps_per_s=1.731 gpu_mem=0.10GiB peak=2.84GiB
[TRAIN] step=34600 loss=-2.03356 nmse_prop=0.05485 nmse_ls=0.08798 lr=1.862e-04 step_time=0.350s steps_per_s=1.733 gpu_mem=0.10GiB peak=2.84GiB
[TRAIN] step=34700 loss=-1.23863 nmse_prop=0.10884 nmse_ls=0.24809 lr=1.846e-04 step_time=0.351s steps_per_s=1.735 gpu_mem=0.10GiB peak=2.84GiB
[TRAIN] step=34800 loss=-1.63534 nmse_prop=0.07893 nmse_ls=0.16777 lr=1.830e-04 step_time=0.302s steps_per_s=1.736 gpu_mem=0.10GiB peak=2.84GiB
[TRAIN] step=34900 loss=-1.86023 nmse_prop=0.07038 nmse_ls=0.12102 lr=1.814e-04 step_time=0.325s steps_per_s=1.738 gpu_mem=0.10GiB peak=2.84GiB
[TRAIN] step=35000 loss=-1.89648 nmse_prop=0.06637 nmse_ls=0.11417 lr=1.799e-04 step_time=0.326s steps_per_s=1.740 gpu_mem=0.10GiB peak=2.84GiB
[TRAIN] saved resumable state at step=35000 reason=periodic: /lustre10/scratch/rsadve1/Extended_UPAIR_Narval_b32m16_portable_underUMI/UMI_training/runs_rx16/seed7/1dmrs/narrow_d192_b4_r2/checkpoints/training_state/ckpt-35000
[TRAIN] step=35100 loss=-1.67135 nmse_prop=0.07858 nmse_ls=0.14069 lr=1.784e-04 step_time=0.354s steps_per_s=1.742 gpu_mem=0.10GiB peak=2.84GiB
[TRAIN] step=35200 loss=-2.37387 nmse_prop=0.04074 nmse_ls=0.06522 lr=1.769e-04 step_time=0.302s steps_per_s=1.744 gpu_mem=0.10GiB peak=2.84GiB
[TRAIN] step=35300 loss=-1.76859 nmse_prop=0.06675 nmse_ls=0.13140 lr=1.755e-04 step_time=0.351s steps_per_s=1.746 gpu_mem=0.10GiB peak=2.84GiB
[TRAIN] step=35400 loss=-1.87701 nmse_prop=0.06178 nmse_ls=0.10250 lr=1.741e-04 step_time=0.349s steps_per_s=1.747 gpu_mem=0.10GiB peak=2.84GiB
[TRAIN] step=35500 loss=-1.77799 nmse_prop=0.06776 nmse_ls=0.12932 lr=1.727e-04 step_time=0.350s steps_per_s=1.749 gpu_mem=0.10GiB peak=2.84GiB
[TRAIN] step=35600 loss=-2.31485 nmse_prop=0.04475 nmse_ls=0.06727 lr=1.713e-04 step_time=0.350s steps_per_s=1.751 gpu_mem=0.10GiB peak=2.84GiB
[TRAIN] step=35700 loss=-1.63214 nmse_prop=0.07560 nmse_ls=0.16120 lr=1.700e-04 step_time=0.353s steps_per_s=1.753 gpu_mem=0.10GiB peak=2.84GiB
[TRAIN] step=35800 loss=-2.61452 nmse_prop=0.03400 nmse_ls=0.04777 lr=1.687e-04 step_time=0.351s steps_per_s=1.755 gpu_mem=0.10GiB peak=2.84GiB
[TRAIN] step=35900 loss=-1.77355 nmse_prop=0.06750 nmse_ls=0.12737 lr=1.674e-04 step_time=0.351s steps_per_s=1.757 gpu_mem=0.10GiB peak=2.84GiB
WARNING:tensorflow:Model's `__init__()` arguments contain non-serializable objects. Please implement a `get_config()` method in the subclassed Model for proper saving and loading. Defaulting to empty config.
WARNING:tensorflow:Model's `__init__()` arguments contain non-serializable objects. Please implement a `get_config()` method in the subclassed Model for proper saving and loading. Defaulting to empty config.
[TRAIN] saved new best weights at step=36000 val_nmse=0.0579686
[TRAIN] step=36000 loss=-1.70857 nmse_prop=0.07177 nmse_ls=0.15298 lr=1.662e-04 step_time=167.490s steps_per_s=1.744 gpu_mem=0.10GiB peak=2.84GiB
[TRAIN] saved resumable state at step=36000 reason=periodic: /lustre10/scratch/rsadve1/Extended_UPAIR_Narval_b32m16_portable_underUMI/UMI_training/runs_rx16/seed7/1dmrs/narrow_d192_b4_r2/checkpoints/training_state/ckpt-36000
[TRAIN] step=36100 loss=-1.78151 nmse_prop=0.06930 nmse_ls=0.12975 lr=1.650e-04 step_time=0.352s steps_per_s=1.745 gpu_mem=0.10GiB peak=2.84GiB
[TRAIN] step=36200 loss=-1.44654 nmse_prop=0.08996 nmse_ls=0.19383 lr=1.638e-04 step_time=0.351s steps_per_s=1.746 gpu_mem=0.10GiB peak=2.84GiB
[TRAIN] step=36300 loss=-1.92110 nmse_prop=0.06259 nmse_ls=0.11917 lr=1.627e-04 step_time=0.328s steps_per_s=1.748 gpu_mem=0.10GiB peak=2.84GiB
[TRAIN] step=36400 loss=-1.25014 nmse_prop=0.10938 nmse_ls=0.24857 lr=1.615e-04 step_time=0.325s steps_per_s=1.750 gpu_mem=0.10GiB peak=2.84GiB
[TRAIN] step=36500 loss=-2.37654 nmse_prop=0.04796 nmse_ls=0.07169 lr=1.604e-04 step_time=0.324s steps_per_s=1.752 gpu_mem=0.10GiB peak=2.84GiB
[TRAIN] step=36600 loss=-1.95290 nmse_prop=0.06149 nmse_ls=0.11413 lr=1.594e-04 step_time=0.276s steps_per_s=1.754 gpu_mem=0.10GiB peak=2.84GiB
[TRAIN] step=36700 loss=-2.41182 nmse_prop=0.04096 nmse_ls=0.06339 lr=1.584e-04 step_time=0.352s steps_per_s=1.755 gpu_mem=0.10GiB peak=2.84GiB
[TRAIN] step=36800 loss=-1.59549 nmse_prop=0.07962 nmse_ls=0.17586 lr=1.574e-04 step_time=0.325s steps_per_s=1.757 gpu_mem=0.10GiB peak=2.84GiB
[TRAIN] step=36900 loss=-1.40572 nmse_prop=0.09334 nmse_ls=0.22555 lr=1.564e-04 step_time=0.326s steps_per_s=1.759 gpu_mem=0.10GiB peak=2.84GiB
[TRAIN] step=37000 loss=-2.32214 nmse_prop=0.04147 nmse_ls=0.06495 lr=1.554e-04 step_time=0.354s steps_per_s=1.761 gpu_mem=0.10GiB peak=2.84GiB
[TRAIN] saved resumable state at step=37000 reason=periodic: /lustre10/scratch/rsadve1/Extended_UPAIR_Narval_b32m16_portable_underUMI/UMI_training/runs_rx16/seed7/1dmrs/narrow_d192_b4_r2/checkpoints/training_state/ckpt-37000
[TRAIN] step=37100 loss=-1.86870 nmse_prop=0.06196 nmse_ls=0.11352 lr=1.545e-04 step_time=0.350s steps_per_s=1.762 gpu_mem=0.10GiB peak=2.84GiB
[TRAIN] step=37200 loss=-1.56165 nmse_prop=0.08195 nmse_ls=0.15801 lr=1.537e-04 step_time=0.351s steps_per_s=1.764 gpu_mem=0.10GiB peak=2.84GiB
[TRAIN] step=37300 loss=-2.65904 nmse_prop=0.03277 nmse_ls=0.04754 lr=1.528e-04 step_time=0.303s steps_per_s=1.766 gpu_mem=0.10GiB peak=2.84GiB
[TRAIN] step=37400 loss=-2.50918 nmse_prop=0.03660 nmse_ls=0.05318 lr=1.520e-04 step_time=0.348s steps_per_s=1.767 gpu_mem=0.10GiB peak=2.84GiB
[TRAIN] step=37500 loss=-1.49153 nmse_prop=0.09211 nmse_ls=0.21680 lr=1.512e-04 step_time=0.323s steps_per_s=1.769 gpu_mem=0.10GiB peak=2.84GiB
[TRAIN] step=37600 loss=-1.71079 nmse_prop=0.07049 nmse_ls=0.15228 lr=1.504e-04 step_time=0.348s steps_per_s=1.771 gpu_mem=0.10GiB peak=2.84GiB
[TRAIN] step=37700 loss=-2.24464 nmse_prop=0.04688 nmse_ls=0.07546 lr=1.497e-04 step_time=0.323s steps_per_s=1.773 gpu_mem=0.10GiB peak=2.84GiB
[TRAIN] step=37800 loss=-2.24417 nmse_prop=0.04955 nmse_ls=0.07830 lr=1.490e-04 step_time=0.300s steps_per_s=1.774 gpu_mem=0.10GiB peak=2.84GiB
[TRAIN] step=37900 loss=-1.43531 nmse_prop=0.09123 nmse_ls=0.21530 lr=1.484e-04 step_time=0.323s steps_per_s=1.776 gpu_mem=0.10GiB peak=2.84GiB
[TRAIN] step=38000 loss=-2.38225 nmse_prop=0.04127 nmse_ls=0.06472 lr=1.477e-04 step_time=166.795s steps_per_s=1.764 gpu_mem=0.10GiB peak=2.84GiB
[TRAIN] saved resumable state at step=38000 reason=periodic: /lustre10/scratch/rsadve1/Extended_UPAIR_Narval_b32m16_portable_underUMI/UMI_training/runs_rx16/seed7/1dmrs/narrow_d192_b4_r2/checkpoints/training_state/ckpt-38000
[TRAIN] step=38100 loss=-1.62173 nmse_prop=0.07954 nmse_ls=0.14652 lr=1.471e-04 step_time=0.349s steps_per_s=1.765 gpu_mem=0.10GiB peak=2.84GiB
[TRAIN] step=38200 loss=-2.01004 nmse_prop=0.05384 nmse_ls=0.09936 lr=1.465e-04 step_time=0.350s steps_per_s=1.767 gpu_mem=0.10GiB peak=2.84GiB
[TRAIN] step=38300 loss=-1.32721 nmse_prop=0.10568 nmse_ls=0.25510 lr=1.460e-04 step_time=0.321s steps_per_s=1.769 gpu_mem=0.10GiB peak=2.84GiB
[TRAIN] step=38400 loss=-1.62138 nmse_prop=0.07745 nmse_ls=0.15289 lr=1.455e-04 step_time=0.347s steps_per_s=1.771 gpu_mem=0.10GiB peak=2.84GiB
[TRAIN] step=38500 loss=-1.51760 nmse_prop=0.09245 nmse_ls=0.21040 lr=1.450e-04 step_time=0.298s steps_per_s=1.772 gpu_mem=0.10GiB peak=2.84GiB
[TRAIN] step=38600 loss=-1.69506 nmse_prop=0.07210 nmse_ls=0.13882 lr=1.446e-04 step_time=0.347s steps_per_s=1.774 gpu_mem=0.10GiB peak=2.84GiB
[TRAIN] step=38700 loss=-1.58963 nmse_prop=0.07952 nmse_ls=0.17134 lr=1.441e-04 step_time=0.352s steps_per_s=1.776 gpu_mem=0.10GiB peak=2.84GiB
[TRAIN] step=38800 loss=-2.52343 nmse_prop=0.03876 nmse_ls=0.05621 lr=1.438e-04 step_time=0.300s steps_per_s=1.777 gpu_mem=0.10GiB peak=2.84GiB
[TRAIN] step=38900 loss=-1.29579 nmse_prop=0.10193 nmse_ls=0.26980 lr=1.434e-04 step_time=0.348s steps_per_s=1.779 gpu_mem=0.10GiB peak=2.84GiB
[TRAIN] step=39000 loss=-2.63186 nmse_prop=0.03475 nmse_ls=0.04773 lr=1.431e-04 step_time=0.322s steps_per_s=1.774 gpu_mem=0.10GiB peak=2.84GiB
[TRAIN] saved resumable state at step=39000 reason=periodic: /lustre10/scratch/rsadve1/Extended_UPAIR_Narval_b32m16_portable_underUMI/UMI_training/runs_rx16/seed7/1dmrs/narrow_d192_b4_r2/checkpoints/training_state/ckpt-39000
[TRAIN] step=39100 loss=-2.23084 nmse_prop=0.04493 nmse_ls=0.07358 lr=1.428e-04 step_time=0.346s steps_per_s=1.775 gpu_mem=0.10GiB peak=2.84GiB
[TRAIN] step=39200 loss=-2.06723 nmse_prop=0.05817 nmse_ls=0.09416 lr=1.425e-04 step_time=0.324s steps_per_s=1.777 gpu_mem=0.10GiB peak=2.84GiB
[TRAIN] step=39300 loss=-2.16010 nmse_prop=0.04923 nmse_ls=0.08135 lr=1.423e-04 step_time=0.274s steps_per_s=1.779 gpu_mem=0.10GiB peak=2.84GiB
[TRAIN] step=39400 loss=-2.35336 nmse_prop=0.04065 nmse_ls=0.06957 lr=1.421e-04 step_time=0.298s steps_per_s=1.780 gpu_mem=0.10GiB peak=2.84GiB
[TRAIN] step=39500 loss=-1.69793 nmse_prop=0.07014 nmse_ls=0.15168 lr=1.419e-04 step_time=0.349s steps_per_s=1.782 gpu_mem=0.10GiB peak=2.84GiB
[TRAIN] step=39600 loss=-2.19994 nmse_prop=0.04828 nmse_ls=0.07780 lr=1.418e-04 step_time=0.299s steps_per_s=1.784 gpu_mem=0.10GiB peak=2.84GiB
[TRAIN] step=39700 loss=-2.47301 nmse_prop=0.03701 nmse_ls=0.06017 lr=1.417e-04 step_time=0.299s steps_per_s=1.785 gpu_mem=0.10GiB peak=2.84GiB
[TRAIN] step=39800 loss=-2.72027 nmse_prop=0.03158 nmse_ls=0.04683 lr=1.416e-04 step_time=0.298s steps_per_s=1.787 gpu_mem=0.10GiB peak=2.84GiB
[TRAIN] step=39900 loss=-1.41146 nmse_prop=0.09459 nmse_ls=0.20259 lr=1.415e-04 step_time=0.349s steps_per_s=1.789 gpu_mem=0.10GiB peak=2.84GiB
WARNING:tensorflow:Model's `__init__()` arguments contain non-serializable objects. Please implement a `get_config()` method in the subclassed Model for proper saving and loading. Defaulting to empty config.
WARNING:tensorflow:Model's `__init__()` arguments contain non-serializable objects. Please implement a `get_config()` method in the subclassed Model for proper saving and loading. Defaulting to empty config.
[TRAIN] saved new best weights at step=40000 val_nmse=0.0574374
[TRAIN] step=40000 loss=-1.23041 nmse_prop=0.11047 nmse_ls=0.27606 lr=1.415e-04 step_time=168.993s steps_per_s=1.777 gpu_mem=0.10GiB peak=2.84GiB
[TRAIN] saved resumable state at step=40000 reason=periodic: /lustre10/scratch/rsadve1/Extended_UPAIR_Narval_b32m16_portable_underUMI/UMI_training/runs_rx16/seed7/1dmrs/narrow_d192_b4_r2/checkpoints/training_state/ckpt-40000
[TRAIN] saved resumable state at step=40000 reason=final: /lustre10/scratch/rsadve1/Extended_UPAIR_Narval_b32m16_portable_underUMI/UMI_training/runs_rx16/seed7/1dmrs/narrow_d192_b4_r2/checkpoints/training_state/ckpt-40000
[FINAL-TRAIN] COMPLETE narrow_d192_b4_r2 checkpoint=/lustre10/scratch/rsadve1/Extended_UPAIR_Narval_b32m16_portable_underUMI/UMI_training/runs_rx16/seed7/1dmrs/narrow_d192_b4_r2/checkpoints/best.weights.h5 sha256=54f0a3b688affe1513657477f82e4d94dec6984afa95f37c940c478bb089e5fb
[GUARD] PASS: all 7 trained checkpoints are unchanged.
