[ENV] Reusing portable venv: /home/rsadve1/links/scratch/.vevn_upair_potable
[ENV] Checking installed package metadata only; TensorFlow/Sionna are not imported here.
[ENV] Python 3.11.5
[ENV] numpy 1.26.4+computecanada
[ENV] pandas 2.2.3+computecanada
[ENV] matplotlib 3.10.0+computecanada
[ENV] PyYAML 6.0.2+computecanada
[ENV] scipy 1.15.1+computecanada
[ENV] tensorflow 2.15.1+computecanada
[ENV] sionna-no-rt 1.2.1
[ENV] optuna 4.8.0+computecanada
[ENV] Skipping TensorFlow/Sionna import check on this node. Set UPAIR_DEEP_IMPORT_CHECK=1 to test imports explicitly.
[ENV] Ready: REPO=/home/rsadve1/links/scratch/Extended_UPAIR_Narval_b32m16_portable_underUMI
[ENV] Ready: VENV=/home/rsadve1/links/scratch/.vevn_upair_potable
2026-07-02 11:19:05.421832: E external/local_xla/xla/stream_executor/cuda/cuda_dnn.cc:9261] Unable to register cuDNN factory: Attempting to register factory for plugin cuDNN when one has already been registered
2026-07-02 11:19:05.422371: E external/local_xla/xla/stream_executor/cuda/cuda_fft.cc:607] Unable to register cuFFT factory: Attempting to register factory for plugin cuFFT when one has already been registered
2026-07-02 11:19:05.488657: E external/local_xla/xla/stream_executor/cuda/cuda_blas.cc:1515] Unable to register cuBLAS factory: Attempting to register factory for plugin cuBLAS when one has already been registered
2026-07-02 11:19:12.270741: E external/local_xla/xla/stream_executor/cuda/cuda_dnn.cc:9261] Unable to register cuDNN factory: Attempting to register factory for plugin cuDNN when one has already been registered
2026-07-02 11:19:12.270793: E external/local_xla/xla/stream_executor/cuda/cuda_fft.cc:607] Unable to register cuFFT factory: Attempting to register factory for plugin cuFFT when one has already been registered
2026-07-02 11:19:12.272110: E external/local_xla/xla/stream_executor/cuda/cuda_blas.cc:1515] Unable to register cuBLAS factory: Attempting to register factory for plugin cuBLAS when one has already been registered
[GUARD] PASS: all 7 trained checkpoints are unchanged.
[COMPREHENSIVE] loaded Optuna best JSON for main_d256_b4_r2 from /lustre10/scratch/rsadve1/Extended_UPAIR_Narval_b32m16_portable_underUMI/optuna/umiNorm_v1_b32_prb8_u34610_1dmrs_stageB_main_d256_b4_r2_best_params.json
[TRAIN] optimizer lr_schedule=constant learning_rate=0.000964342 weight_decay=1.20835e-07
[TRAIN] seeds active_seed=7 training_seed=7 evaluation_seed=1007
[TRAIN] starting from scratch
2026-07-02 11:20:27.310103: E tensorflow/core/grappler/optimizers/meta_optimizer.cc:961] layout failed: INVALID_ARGUMENT: Size of values 0 does not match size of permutation 4 @ fanin shape inaxial_block_0/dropout/dropout_2/SelectV2-2-TransposeNHWCToNCHW-LayoutOptimizer
WARNING: All log messages before absl::InitializeLog() is called are written to STDERR
I0000 00:00:1783005632.704739 3682589 device_compiler.h:186] Compiled cluster using XLA!  This line is logged at most once for the lifetime of the process.
[TRAIN] step=00001 loss=-1.86459 nmse_prop=0.05355 nmse_ls=0.05355 lr=9.643e-04 step_time=22.670s steps_per_s=0.044 gpu_mem=0.08GiB peak=3.58GiB
[TRAIN] step=00100 loss=-0.95124 nmse_prop=0.13725 nmse_ls=0.14077 lr=9.643e-04 step_time=0.366s steps_per_s=1.257 gpu_mem=0.11GiB peak=3.63GiB
[TRAIN] step=00200 loss=-1.50488 nmse_prop=0.07916 nmse_ls=0.08013 lr=9.643e-04 step_time=0.369s steps_per_s=1.724 gpu_mem=0.11GiB peak=3.63GiB
[TRAIN] step=00300 loss=-0.46803 nmse_prop=0.22091 nmse_ls=0.23487 lr=9.643e-04 step_time=0.362s steps_per_s=1.964 gpu_mem=0.11GiB peak=3.63GiB
[TRAIN] step=00400 loss=-1.34919 nmse_prop=0.09399 nmse_ls=0.09725 lr=9.643e-04 step_time=0.359s steps_per_s=2.112 gpu_mem=0.11GiB peak=3.63GiB
[TRAIN] step=00500 loss=-1.59149 nmse_prop=0.07233 nmse_ls=0.07332 lr=9.643e-04 step_time=0.352s steps_per_s=2.211 gpu_mem=0.11GiB peak=3.63GiB
[TRAIN] step=00600 loss=-0.98812 nmse_prop=0.13457 nmse_ls=0.14718 lr=9.643e-04 step_time=0.335s steps_per_s=2.288 gpu_mem=0.11GiB peak=3.63GiB
[TRAIN] step=00700 loss=-0.43962 nmse_prop=0.22746 nmse_ls=0.26922 lr=9.643e-04 step_time=0.356s steps_per_s=2.345 gpu_mem=0.11GiB peak=3.63GiB
[TRAIN] step=00800 loss=-1.48196 nmse_prop=0.08479 nmse_ls=0.08990 lr=9.643e-04 step_time=0.335s steps_per_s=2.386 gpu_mem=0.11GiB peak=3.63GiB
[TRAIN] step=00900 loss=-2.01508 nmse_prop=0.05142 nmse_ls=0.05047 lr=9.643e-04 step_time=0.359s steps_per_s=2.421 gpu_mem=0.11GiB peak=3.63GiB
[TRAIN] step=01000 loss=-0.93404 nmse_prop=0.14248 nmse_ls=0.22224 lr=9.643e-04 step_time=0.282s steps_per_s=2.450 gpu_mem=0.11GiB peak=3.63GiB
[TRAIN] saved resumable state at step=1000 reason=periodic: /lustre10/scratch/rsadve1/Extended_UPAIR_Narval_b32m16_portable_underUMI/UMI_training/runs_rx16/seed7/1dmrs/main_d256_b4_r2/checkpoints/training_state/ckpt-1000
[TRAIN] step=01100 loss=-0.70481 nmse_prop=0.17668 nmse_ls=0.23440 lr=9.643e-04 step_time=0.344s steps_per_s=2.443 gpu_mem=0.11GiB peak=3.63GiB
[TRAIN] step=01200 loss=-1.74807 nmse_prop=0.06305 nmse_ls=0.06598 lr=9.643e-04 step_time=0.361s steps_per_s=2.467 gpu_mem=0.11GiB peak=3.63GiB
[TRAIN] step=01300 loss=-1.02477 nmse_prop=0.13122 nmse_ls=0.16647 lr=9.643e-04 step_time=0.361s steps_per_s=2.486 gpu_mem=0.11GiB peak=3.63GiB
[TRAIN] step=01400 loss=-1.72691 nmse_prop=0.06967 nmse_ls=0.07889 lr=9.643e-04 step_time=0.309s steps_per_s=2.503 gpu_mem=0.11GiB peak=3.63GiB
[TRAIN] step=01500 loss=-1.53347 nmse_prop=0.08112 nmse_ls=0.09567 lr=9.643e-04 step_time=0.384s steps_per_s=2.518 gpu_mem=0.11GiB peak=3.63GiB
[TRAIN] step=01600 loss=-0.76833 nmse_prop=0.16829 nmse_ls=0.26871 lr=9.643e-04 step_time=0.338s steps_per_s=2.530 gpu_mem=0.11GiB peak=3.63GiB
[TRAIN] step=01700 loss=-1.38184 nmse_prop=0.09369 nmse_ls=0.15453 lr=9.643e-04 step_time=0.317s steps_per_s=2.541 gpu_mem=0.11GiB peak=3.63GiB
[TRAIN] step=01800 loss=-1.08958 nmse_prop=0.12320 nmse_ls=0.18726 lr=9.643e-04 step_time=0.334s steps_per_s=2.552 gpu_mem=0.11GiB peak=3.63GiB
[TRAIN] step=01900 loss=-0.79919 nmse_prop=0.16074 nmse_ls=0.26287 lr=9.643e-04 step_time=0.336s steps_per_s=2.560 gpu_mem=0.11GiB peak=3.63GiB
WARNING:tensorflow:Model's `__init__()` arguments contain non-serializable objects. Please implement a `get_config()` method in the subclassed Model for proper saving and loading. Defaulting to empty config.
WARNING:tensorflow:Model's `__init__()` arguments contain non-serializable objects. Please implement a `get_config()` method in the subclassed Model for proper saving and loading. Defaulting to empty config.
[TRAIN] saved new best weights at step=2000 val_nmse=0.0729195
[TRAIN] step=02000 loss=-0.99809 nmse_prop=0.13555 nmse_ls=0.19446 lr=9.643e-04 step_time=175.891s steps_per_s=2.097 gpu_mem=0.12GiB peak=3.63GiB
[TRAIN] saved resumable state at step=2000 reason=periodic: /lustre10/scratch/rsadve1/Extended_UPAIR_Narval_b32m16_portable_underUMI/UMI_training/runs_rx16/seed7/1dmrs/main_d256_b4_r2/checkpoints/training_state/ckpt-2000
[TRAIN] step=02100 loss=-1.57327 nmse_prop=0.07802 nmse_ls=0.13368 lr=9.643e-04 step_time=0.283s steps_per_s=2.115 gpu_mem=0.12GiB peak=3.64GiB
[TRAIN] step=02200 loss=-0.85168 nmse_prop=0.15697 nmse_ls=0.23707 lr=9.643e-04 step_time=0.358s steps_per_s=2.136 gpu_mem=0.12GiB peak=3.64GiB
[TRAIN] step=02300 loss=-1.63530 nmse_prop=0.07411 nmse_ls=0.09017 lr=9.643e-04 step_time=0.360s steps_per_s=2.156 gpu_mem=0.12GiB peak=3.64GiB
[TRAIN] step=02400 loss=-1.04324 nmse_prop=0.12399 nmse_ls=0.22291 lr=9.643e-04 step_time=0.333s steps_per_s=2.175 gpu_mem=0.12GiB peak=3.64GiB
[TRAIN] step=02500 loss=-1.68948 nmse_prop=0.07135 nmse_ls=0.14106 lr=9.643e-04 step_time=0.284s steps_per_s=2.192 gpu_mem=0.12GiB peak=3.64GiB
[TRAIN] step=02600 loss=-1.38901 nmse_prop=0.09330 nmse_ls=0.15096 lr=9.643e-04 step_time=0.332s steps_per_s=2.209 gpu_mem=0.12GiB peak=3.64GiB
[TRAIN] step=02700 loss=-1.30098 nmse_prop=0.10033 nmse_ls=0.14706 lr=9.643e-04 step_time=0.360s steps_per_s=2.224 gpu_mem=0.12GiB peak=3.64GiB
[TRAIN] step=02800 loss=-0.98625 nmse_prop=0.13914 nmse_ls=0.21793 lr=9.643e-04 step_time=0.359s steps_per_s=2.238 gpu_mem=0.12GiB peak=3.64GiB
[TRAIN] step=02900 loss=-1.81181 nmse_prop=0.06341 nmse_ls=0.09256 lr=9.643e-04 step_time=0.310s steps_per_s=2.253 gpu_mem=0.12GiB peak=3.64GiB
[TRAIN] step=03000 loss=-0.80273 nmse_prop=0.16502 nmse_ls=0.25990 lr=9.643e-04 step_time=0.361s steps_per_s=2.266 gpu_mem=0.12GiB peak=3.64GiB
[TRAIN] saved resumable state at step=3000 reason=periodic: /lustre10/scratch/rsadve1/Extended_UPAIR_Narval_b32m16_portable_underUMI/UMI_training/runs_rx16/seed7/1dmrs/main_d256_b4_r2/checkpoints/training_state/ckpt-3000
[TRAIN] step=03100 loss=-1.19050 nmse_prop=0.11118 nmse_ls=0.21151 lr=9.643e-04 step_time=0.335s steps_per_s=2.269 gpu_mem=0.12GiB peak=3.64GiB
[TRAIN] step=03200 loss=-2.06787 nmse_prop=0.04987 nmse_ls=0.07133 lr=9.643e-04 step_time=0.309s steps_per_s=2.280 gpu_mem=0.12GiB peak=3.64GiB
[TRAIN] step=03300 loss=-1.12096 nmse_prop=0.12056 nmse_ls=0.23529 lr=9.643e-04 step_time=0.338s steps_per_s=2.292 gpu_mem=0.12GiB peak=3.64GiB
[TRAIN] step=03400 loss=-2.16133 nmse_prop=0.05023 nmse_ls=0.06178 lr=9.643e-04 step_time=0.335s steps_per_s=2.302 gpu_mem=0.12GiB peak=3.64GiB
[TRAIN] step=03500 loss=-1.55538 nmse_prop=0.08443 nmse_ls=0.11760 lr=9.643e-04 step_time=0.336s steps_per_s=2.312 gpu_mem=0.12GiB peak=3.64GiB
[TRAIN] step=03600 loss=-1.77957 nmse_prop=0.06518 nmse_ls=0.10122 lr=9.643e-04 step_time=0.336s steps_per_s=2.322 gpu_mem=0.12GiB peak=3.64GiB
[TRAIN] step=03700 loss=-1.22360 nmse_prop=0.10898 nmse_ls=0.21061 lr=9.643e-04 step_time=0.360s steps_per_s=2.330 gpu_mem=0.12GiB peak=3.64GiB
[TRAIN] step=03800 loss=-1.75508 nmse_prop=0.07107 nmse_ls=0.14739 lr=9.643e-04 step_time=0.286s steps_per_s=2.339 gpu_mem=0.12GiB peak=3.64GiB
[TRAIN] step=03900 loss=-1.60921 nmse_prop=0.07700 nmse_ls=0.11673 lr=9.643e-04 step_time=0.364s steps_per_s=2.346 gpu_mem=0.12GiB peak=3.64GiB
WARNING:tensorflow:Model's `__init__()` arguments contain non-serializable objects. Please implement a `get_config()` method in the subclassed Model for proper saving and loading. Defaulting to empty config.
WARNING:tensorflow:Model's `__init__()` arguments contain non-serializable objects. Please implement a `get_config()` method in the subclassed Model for proper saving and loading. Defaulting to empty config.
[TRAIN] saved new best weights at step=4000 val_nmse=0.0716359
[TRAIN] step=04000 loss=-2.18357 nmse_prop=0.04752 nmse_ls=0.06564 lr=9.643e-04 step_time=169.536s steps_per_s=2.141 gpu_mem=0.12GiB peak=3.64GiB
[TRAIN] saved resumable state at step=4000 reason=periodic: /lustre10/scratch/rsadve1/Extended_UPAIR_Narval_b32m16_portable_underUMI/UMI_training/runs_rx16/seed7/1dmrs/main_d256_b4_r2/checkpoints/training_state/ckpt-4000
[TRAIN] step=04100 loss=-1.53242 nmse_prop=0.08183 nmse_ls=0.16110 lr=9.643e-04 step_time=0.309s steps_per_s=2.148 gpu_mem=0.12GiB peak=3.64GiB
[TRAIN] step=04200 loss=-1.42568 nmse_prop=0.09023 nmse_ls=0.16916 lr=9.643e-04 step_time=0.339s steps_per_s=2.159 gpu_mem=0.12GiB peak=3.64GiB
[TRAIN] step=04300 loss=-1.00918 nmse_prop=0.13673 nmse_ls=0.24428 lr=9.643e-04 step_time=0.359s steps_per_s=2.169 gpu_mem=0.12GiB peak=3.64GiB
[TRAIN] step=04400 loss=-0.86415 nmse_prop=0.15144 nmse_ls=0.25547 lr=9.643e-04 step_time=0.359s steps_per_s=2.180 gpu_mem=0.12GiB peak=3.64GiB
[TRAIN] step=04500 loss=-1.93907 nmse_prop=0.05773 nmse_ls=0.07811 lr=9.643e-04 step_time=0.358s steps_per_s=2.190 gpu_mem=0.12GiB peak=3.64GiB
[TRAIN] step=04600 loss=-2.12397 nmse_prop=0.05071 nmse_ls=0.07220 lr=9.643e-04 step_time=0.333s steps_per_s=2.199 gpu_mem=0.12GiB peak=3.64GiB
[TRAIN] step=04700 loss=-1.91172 nmse_prop=0.06041 nmse_ls=0.08003 lr=9.643e-04 step_time=0.374s steps_per_s=2.208 gpu_mem=0.12GiB peak=3.64GiB
[TRAIN] step=04800 loss=-1.08493 nmse_prop=0.12586 nmse_ls=0.22942 lr=9.643e-04 step_time=0.373s steps_per_s=2.216 gpu_mem=0.12GiB peak=3.64GiB
[TRAIN] step=04900 loss=-2.07156 nmse_prop=0.05352 nmse_ls=0.07753 lr=9.643e-04 step_time=0.321s steps_per_s=2.225 gpu_mem=0.12GiB peak=3.64GiB
[TRAIN] step=05000 loss=-1.53735 nmse_prop=0.08061 nmse_ls=0.21811 lr=9.643e-04 step_time=0.293s steps_per_s=2.233 gpu_mem=0.12GiB peak=3.64GiB
[TRAIN] saved resumable state at step=5000 reason=periodic: /lustre10/scratch/rsadve1/Extended_UPAIR_Narval_b32m16_portable_underUMI/UMI_training/runs_rx16/seed7/1dmrs/main_d256_b4_r2/checkpoints/training_state/ckpt-5000
[TRAIN] step=05100 loss=-1.56229 nmse_prop=0.08027 nmse_ls=0.12515 lr=9.643e-04 step_time=0.359s steps_per_s=2.238 gpu_mem=0.12GiB peak=3.64GiB
[TRAIN] step=05200 loss=-2.04809 nmse_prop=0.05455 nmse_ls=0.09529 lr=9.643e-04 step_time=0.310s steps_per_s=2.246 gpu_mem=0.12GiB peak=3.64GiB
[TRAIN] step=05300 loss=-1.67551 nmse_prop=0.07154 nmse_ls=0.13441 lr=9.643e-04 step_time=0.336s steps_per_s=2.253 gpu_mem=0.12GiB peak=3.64GiB
[TRAIN] step=05400 loss=-1.11545 nmse_prop=0.12154 nmse_ls=0.22493 lr=9.643e-04 step_time=0.362s steps_per_s=2.260 gpu_mem=0.12GiB peak=3.64GiB
[TRAIN] step=05500 loss=-1.32751 nmse_prop=0.10059 nmse_ls=0.23408 lr=9.643e-04 step_time=0.321s steps_per_s=2.267 gpu_mem=0.12GiB peak=3.64GiB
[TRAIN] step=05600 loss=-1.62708 nmse_prop=0.07553 nmse_ls=0.15974 lr=9.643e-04 step_time=0.311s steps_per_s=2.273 gpu_mem=0.12GiB peak=3.64GiB
[TRAIN] step=05700 loss=-1.57195 nmse_prop=0.07953 nmse_ls=0.24425 lr=9.643e-04 step_time=0.285s steps_per_s=2.279 gpu_mem=0.12GiB peak=3.64GiB
[TRAIN] step=05800 loss=-1.50367 nmse_prop=0.08402 nmse_ls=0.14174 lr=9.643e-04 step_time=0.360s steps_per_s=2.285 gpu_mem=0.12GiB peak=3.64GiB
[TRAIN] step=05900 loss=-1.92893 nmse_prop=0.05925 nmse_ls=0.09393 lr=9.643e-04 step_time=0.342s steps_per_s=2.292 gpu_mem=0.12GiB peak=3.64GiB
WARNING:tensorflow:Model's `__init__()` arguments contain non-serializable objects. Please implement a `get_config()` method in the subclassed Model for proper saving and loading. Defaulting to empty config.
WARNING:tensorflow:Model's `__init__()` arguments contain non-serializable objects. Please implement a `get_config()` method in the subclassed Model for proper saving and loading. Defaulting to empty config.
[TRAIN] saved new best weights at step=6000 val_nmse=0.0623332
[TRAIN] step=06000 loss=-1.09811 nmse_prop=0.12071 nmse_ls=0.28344 lr=9.643e-04 step_time=168.903s steps_per_s=2.158 gpu_mem=0.12GiB peak=3.64GiB
[TRAIN] saved resumable state at step=6000 reason=periodic: /lustre10/scratch/rsadve1/Extended_UPAIR_Narval_b32m16_portable_underUMI/UMI_training/runs_rx16/seed7/1dmrs/main_d256_b4_r2/checkpoints/training_state/ckpt-6000
[TRAIN] step=06100 loss=-1.64412 nmse_prop=0.07521 nmse_ls=0.12314 lr=9.643e-04 step_time=0.372s steps_per_s=2.165 gpu_mem=0.12GiB peak=3.64GiB
[TRAIN] step=06200 loss=-1.42469 nmse_prop=0.09210 nmse_ls=0.18096 lr=9.643e-04 step_time=0.335s steps_per_s=2.172 gpu_mem=0.12GiB peak=3.64GiB
[TRAIN] step=06300 loss=-2.13176 nmse_prop=0.04741 nmse_ls=0.08392 lr=9.643e-04 step_time=0.310s steps_per_s=2.179 gpu_mem=0.12GiB peak=3.64GiB
[TRAIN] step=06400 loss=-1.86168 nmse_prop=0.06218 nmse_ls=0.08815 lr=9.643e-04 step_time=0.361s steps_per_s=2.186 gpu_mem=0.12GiB peak=3.64GiB
[TRAIN] step=06500 loss=-2.03682 nmse_prop=0.05328 nmse_ls=0.11339 lr=9.643e-04 step_time=0.286s steps_per_s=2.193 gpu_mem=0.12GiB peak=3.64GiB
[TRAIN] step=06600 loss=-1.18395 nmse_prop=0.11243 nmse_ls=0.25879 lr=9.643e-04 step_time=0.336s steps_per_s=2.199 gpu_mem=0.12GiB peak=3.64GiB
[TRAIN] step=06700 loss=-1.58973 nmse_prop=0.07718 nmse_ls=0.14528 lr=9.643e-04 step_time=0.335s steps_per_s=2.205 gpu_mem=0.12GiB peak=3.64GiB
[TRAIN] step=06800 loss=-1.07483 nmse_prop=0.12632 nmse_ls=0.25808 lr=9.643e-04 step_time=0.359s steps_per_s=2.211 gpu_mem=0.12GiB peak=3.64GiB
[TRAIN] step=06900 loss=-1.37508 nmse_prop=0.09808 nmse_ls=0.16879 lr=9.643e-04 step_time=0.362s steps_per_s=2.217 gpu_mem=0.12GiB peak=3.64GiB
[TRAIN] step=07000 loss=-1.24270 nmse_prop=0.10865 nmse_ls=0.20543 lr=9.643e-04 step_time=0.361s steps_per_s=2.222 gpu_mem=0.12GiB peak=3.64GiB
[TRAIN] saved resumable state at step=7000 reason=periodic: /lustre10/scratch/rsadve1/Extended_UPAIR_Narval_b32m16_portable_underUMI/UMI_training/runs_rx16/seed7/1dmrs/main_d256_b4_r2/checkpoints/training_state/ckpt-7000
[TRAIN] step=07100 loss=-1.82531 nmse_prop=0.06718 nmse_ls=0.12288 lr=9.643e-04 step_time=0.318s steps_per_s=2.227 gpu_mem=0.12GiB peak=3.64GiB
[TRAIN] step=07200 loss=-2.23862 nmse_prop=0.04493 nmse_ls=0.06419 lr=9.643e-04 step_time=0.347s steps_per_s=2.232 gpu_mem=0.12GiB peak=3.64GiB
[TRAIN] step=07300 loss=-1.34305 nmse_prop=0.09762 nmse_ls=0.21553 lr=9.643e-04 step_time=0.340s steps_per_s=2.237 gpu_mem=0.12GiB peak=3.64GiB
[TRAIN] step=07400 loss=-1.62334 nmse_prop=0.07487 nmse_ls=0.12718 lr=9.643e-04 step_time=0.360s steps_per_s=2.242 gpu_mem=0.12GiB peak=3.64GiB
[TRAIN] step=07500 loss=-2.50528 nmse_prop=0.03831 nmse_ls=0.06645 lr=9.643e-04 step_time=0.285s steps_per_s=2.247 gpu_mem=0.12GiB peak=3.64GiB
[TRAIN] step=07600 loss=-1.69213 nmse_prop=0.07089 nmse_ls=0.13666 lr=9.643e-04 step_time=0.336s steps_per_s=2.253 gpu_mem=0.12GiB peak=3.64GiB
[TRAIN] step=07700 loss=-1.97138 nmse_prop=0.05552 nmse_ls=0.09691 lr=9.643e-04 step_time=0.335s steps_per_s=2.258 gpu_mem=0.12GiB peak=3.64GiB
[TRAIN] step=07800 loss=-2.45348 nmse_prop=0.03600 nmse_ls=0.07833 lr=9.643e-04 step_time=0.285s steps_per_s=2.263 gpu_mem=0.12GiB peak=3.64GiB
[TRAIN] step=07900 loss=-1.83811 nmse_prop=0.06273 nmse_ls=0.12737 lr=9.643e-04 step_time=0.310s steps_per_s=2.268 gpu_mem=0.12GiB peak=3.64GiB
WARNING:tensorflow:Model's `__init__()` arguments contain non-serializable objects. Please implement a `get_config()` method in the subclassed Model for proper saving and loading. Defaulting to empty config.
WARNING:tensorflow:Model's `__init__()` arguments contain non-serializable objects. Please implement a `get_config()` method in the subclassed Model for proper saving and loading. Defaulting to empty config.
[TRAIN] saved new best weights at step=8000 val_nmse=0.0617669
[TRAIN] step=08000 loss=-2.09641 nmse_prop=0.05037 nmse_ls=0.06951 lr=9.643e-04 step_time=168.691s steps_per_s=2.169 gpu_mem=0.12GiB peak=3.64GiB
[TRAIN] saved resumable state at step=8000 reason=periodic: /lustre10/scratch/rsadve1/Extended_UPAIR_Narval_b32m16_portable_underUMI/UMI_training/runs_rx16/seed7/1dmrs/main_d256_b4_r2/checkpoints/training_state/ckpt-8000
[TRAIN] step=08100 loss=-2.22497 nmse_prop=0.04511 nmse_ls=0.06919 lr=9.643e-04 step_time=0.345s steps_per_s=1.508 gpu_mem=0.12GiB peak=3.64GiB
[TRAIN] step=08200 loss=-1.89824 nmse_prop=0.05941 nmse_ls=0.10581 lr=9.643e-04 step_time=0.334s steps_per_s=1.517 gpu_mem=0.12GiB peak=3.64GiB
[TRAIN] step=08300 loss=-1.36080 nmse_prop=0.09642 nmse_ls=0.17940 lr=9.643e-04 step_time=0.361s steps_per_s=1.525 gpu_mem=0.12GiB peak=3.64GiB
[TRAIN] step=08400 loss=-1.93933 nmse_prop=0.05799 nmse_ls=0.08481 lr=9.643e-04 step_time=0.359s steps_per_s=1.533 gpu_mem=0.12GiB peak=3.64GiB
[TRAIN] step=08500 loss=-2.04718 nmse_prop=0.05507 nmse_ls=0.08726 lr=9.643e-04 step_time=0.341s steps_per_s=1.541 gpu_mem=0.12GiB peak=3.64GiB
[TRAIN] step=08600 loss=-1.54200 nmse_prop=0.08196 nmse_ls=0.14590 lr=9.643e-04 step_time=0.362s steps_per_s=1.548 gpu_mem=0.12GiB peak=3.64GiB
[TRAIN] step=08700 loss=-2.03204 nmse_prop=0.05582 nmse_ls=0.08061 lr=9.643e-04 step_time=0.360s steps_per_s=1.556 gpu_mem=0.12GiB peak=3.64GiB
[TRAIN] step=08800 loss=-1.27377 nmse_prop=0.10504 nmse_ls=0.20582 lr=9.643e-04 step_time=0.366s steps_per_s=1.563 gpu_mem=0.12GiB peak=3.64GiB
[TRAIN] step=08900 loss=-1.73764 nmse_prop=0.06913 nmse_ls=0.16331 lr=9.643e-04 step_time=0.307s steps_per_s=1.571 gpu_mem=0.12GiB peak=3.64GiB
[TRAIN] step=09000 loss=-1.69353 nmse_prop=0.07422 nmse_ls=0.12640 lr=9.643e-04 step_time=0.357s steps_per_s=1.579 gpu_mem=0.12GiB peak=3.64GiB
[TRAIN] saved resumable state at step=9000 reason=periodic: /lustre10/scratch/rsadve1/Extended_UPAIR_Narval_b32m16_portable_underUMI/UMI_training/runs_rx16/seed7/1dmrs/main_d256_b4_r2/checkpoints/training_state/ckpt-9000
[TRAIN] step=09100 loss=-1.79338 nmse_prop=0.06534 nmse_ls=0.10107 lr=9.643e-04 step_time=0.360s steps_per_s=1.572 gpu_mem=0.12GiB peak=3.64GiB
[TRAIN] step=09200 loss=-1.66975 nmse_prop=0.07387 nmse_ls=0.15136 lr=9.643e-04 step_time=0.345s steps_per_s=1.580 gpu_mem=0.12GiB peak=3.64GiB
[TRAIN] step=09300 loss=-2.52143 nmse_prop=0.03478 nmse_ls=0.05264 lr=9.643e-04 step_time=0.309s steps_per_s=1.587 gpu_mem=0.12GiB peak=3.64GiB
[TRAIN] step=09400 loss=-2.08945 nmse_prop=0.04901 nmse_ls=0.14433 lr=9.643e-04 step_time=0.294s steps_per_s=1.594 gpu_mem=0.12GiB peak=3.64GiB
[TRAIN] step=09500 loss=-1.11202 nmse_prop=0.12180 nmse_ls=0.26571 lr=9.643e-04 step_time=0.333s steps_per_s=1.601 gpu_mem=0.12GiB peak=3.64GiB
[TRAIN] step=09600 loss=-1.67620 nmse_prop=0.07374 nmse_ls=0.14153 lr=9.643e-04 step_time=0.333s steps_per_s=1.608 gpu_mem=0.12GiB peak=3.64GiB
[TRAIN] step=09700 loss=-1.33003 nmse_prop=0.10309 nmse_ls=0.19988 lr=9.643e-04 step_time=0.358s steps_per_s=1.615 gpu_mem=0.12GiB peak=3.64GiB
[TRAIN] step=09800 loss=-2.62417 nmse_prop=0.03557 nmse_ls=0.06017 lr=9.643e-04 step_time=0.285s steps_per_s=1.622 gpu_mem=0.12GiB peak=3.64GiB
[TRAIN] step=09900 loss=-2.34417 nmse_prop=0.03907 nmse_ls=0.09253 lr=9.643e-04 step_time=0.285s steps_per_s=1.628 gpu_mem=0.12GiB peak=3.64GiB
[TRAIN] step=10000 loss=-1.47105 nmse_prop=0.08607 nmse_ls=0.19057 lr=9.643e-04 step_time=165.194s steps_per_s=1.592 gpu_mem=0.12GiB peak=3.64GiB
[TRAIN] saved resumable state at step=10000 reason=periodic: /lustre10/scratch/rsadve1/Extended_UPAIR_Narval_b32m16_portable_underUMI/UMI_training/runs_rx16/seed7/1dmrs/main_d256_b4_r2/checkpoints/training_state/ckpt-10000
[TRAIN] step=10100 loss=-1.73522 nmse_prop=0.06731 nmse_ls=0.14495 lr=9.643e-04 step_time=0.334s steps_per_s=1.598 gpu_mem=0.12GiB peak=3.64GiB
[TRAIN] step=10200 loss=-1.72190 nmse_prop=0.07102 nmse_ls=0.11728 lr=9.643e-04 step_time=0.382s steps_per_s=1.605 gpu_mem=0.12GiB peak=3.64GiB
[TRAIN] step=10300 loss=-2.20604 nmse_prop=0.04920 nmse_ls=0.06484 lr=9.643e-04 step_time=0.335s steps_per_s=1.611 gpu_mem=0.12GiB peak=3.64GiB
[TRAIN] step=10400 loss=-2.32452 nmse_prop=0.04402 nmse_ls=0.05961 lr=9.643e-04 step_time=0.351s steps_per_s=1.618 gpu_mem=0.12GiB peak=3.64GiB
[TRAIN] step=10500 loss=-2.29375 nmse_prop=0.04376 nmse_ls=0.05347 lr=9.643e-04 step_time=0.376s steps_per_s=1.624 gpu_mem=0.12GiB peak=3.64GiB
[TRAIN] step=10600 loss=-2.21271 nmse_prop=0.04632 nmse_ls=0.07392 lr=9.643e-04 step_time=0.347s steps_per_s=1.630 gpu_mem=0.12GiB peak=3.64GiB
[TRAIN] step=10700 loss=-2.07397 nmse_prop=0.05231 nmse_ls=0.07189 lr=9.643e-04 step_time=0.365s steps_per_s=1.636 gpu_mem=0.12GiB peak=3.64GiB
[TRAIN] step=10800 loss=-1.27536 nmse_prop=0.10489 nmse_ls=0.22879 lr=9.643e-04 step_time=0.364s steps_per_s=1.642 gpu_mem=0.12GiB peak=3.64GiB
[TRAIN] step=10900 loss=-1.58206 nmse_prop=0.08264 nmse_ls=0.14289 lr=9.643e-04 step_time=0.359s steps_per_s=1.648 gpu_mem=0.12GiB peak=3.64GiB
[TRAIN] step=11000 loss=-1.71696 nmse_prop=0.07423 nmse_ls=0.12071 lr=9.643e-04 step_time=0.369s steps_per_s=1.654 gpu_mem=0.12GiB peak=3.64GiB
[TRAIN] saved resumable state at step=11000 reason=periodic: /lustre10/scratch/rsadve1/Extended_UPAIR_Narval_b32m16_portable_underUMI/UMI_training/runs_rx16/seed7/1dmrs/main_d256_b4_r2/checkpoints/training_state/ckpt-11000
[TRAIN] step=11100 loss=-2.00586 nmse_prop=0.05165 nmse_ls=0.17566 lr=9.643e-04 step_time=0.304s steps_per_s=1.660 gpu_mem=0.12GiB peak=3.64GiB
[TRAIN] step=11200 loss=-1.64323 nmse_prop=0.07408 nmse_ls=0.19982 lr=9.643e-04 step_time=0.331s steps_per_s=1.666 gpu_mem=0.12GiB peak=3.64GiB
[TRAIN] step=11300 loss=-1.90144 nmse_prop=0.05848 nmse_ls=0.11076 lr=9.643e-04 step_time=0.343s steps_per_s=1.672 gpu_mem=0.12GiB peak=3.64GiB
[TRAIN] step=11400 loss=-1.71871 nmse_prop=0.07209 nmse_ls=0.12363 lr=9.643e-04 step_time=0.357s steps_per_s=1.677 gpu_mem=0.12GiB peak=3.64GiB
[TRAIN] step=11500 loss=-2.17724 nmse_prop=0.04773 nmse_ls=0.06219 lr=9.643e-04 step_time=0.359s steps_per_s=1.683 gpu_mem=0.12GiB peak=3.64GiB
[TRAIN] step=11600 loss=-1.67798 nmse_prop=0.07469 nmse_ls=0.12911 lr=9.643e-04 step_time=0.358s steps_per_s=1.688 gpu_mem=0.12GiB peak=3.64GiB
[TRAIN] step=11700 loss=-1.90353 nmse_prop=0.07480 nmse_ls=0.12645 lr=9.643e-04 step_time=0.307s steps_per_s=1.694 gpu_mem=0.12GiB peak=3.64GiB
[TRAIN] step=11800 loss=-1.92045 nmse_prop=0.05813 nmse_ls=0.09555 lr=9.643e-04 step_time=0.369s steps_per_s=1.700 gpu_mem=0.12GiB peak=3.64GiB
[TRAIN] step=11900 loss=-2.06417 nmse_prop=0.05187 nmse_ls=0.07595 lr=9.643e-04 step_time=0.357s steps_per_s=1.705 gpu_mem=0.12GiB peak=3.64GiB
WARNING:tensorflow:Model's `__init__()` arguments contain non-serializable objects. Please implement a `get_config()` method in the subclassed Model for proper saving and loading. Defaulting to empty config.
WARNING:tensorflow:Model's `__init__()` arguments contain non-serializable objects. Please implement a `get_config()` method in the subclassed Model for proper saving and loading. Defaulting to empty config.
[TRAIN] saved new best weights at step=12000 val_nmse=0.0574877
[TRAIN] step=12000 loss=-1.18932 nmse_prop=0.11200 nmse_ls=0.24652 lr=9.643e-04 step_time=165.465s steps_per_s=1.671 gpu_mem=0.12GiB peak=3.64GiB
[TRAIN] saved resumable state at step=12000 reason=periodic: /lustre10/scratch/rsadve1/Extended_UPAIR_Narval_b32m16_portable_underUMI/UMI_training/runs_rx16/seed7/1dmrs/main_d256_b4_r2/checkpoints/training_state/ckpt-12000
[TRAIN] step=12100 loss=-1.68159 nmse_prop=0.07347 nmse_ls=0.12718 lr=9.643e-04 step_time=0.357s steps_per_s=1.676 gpu_mem=0.12GiB peak=3.64GiB
[TRAIN] step=12200 loss=-1.30472 nmse_prop=0.10100 nmse_ls=0.20777 lr=9.643e-04 step_time=0.371s steps_per_s=1.681 gpu_mem=0.12GiB peak=3.64GiB
[TRAIN] step=12300 loss=-1.42738 nmse_prop=0.09303 nmse_ls=0.22736 lr=9.643e-04 step_time=0.349s steps_per_s=1.686 gpu_mem=0.12GiB peak=3.64GiB
[TRAIN] step=12400 loss=-1.40724 nmse_prop=0.09299 nmse_ls=0.21497 lr=9.643e-04 step_time=0.339s steps_per_s=1.692 gpu_mem=0.12GiB peak=3.64GiB
[TRAIN] step=12500 loss=-2.36771 nmse_prop=0.04123 nmse_ls=0.05338 lr=9.643e-04 step_time=0.358s steps_per_s=1.697 gpu_mem=0.12GiB peak=3.64GiB
[TRAIN] step=12600 loss=-2.28024 nmse_prop=0.04481 nmse_ls=0.06912 lr=9.643e-04 step_time=0.345s steps_per_s=1.702 gpu_mem=0.12GiB peak=3.64GiB
[TRAIN] step=12700 loss=-1.91606 nmse_prop=0.05731 nmse_ls=0.16156 lr=9.643e-04 step_time=0.332s steps_per_s=1.707 gpu_mem=0.12GiB peak=3.64GiB
[TRAIN] step=12800 loss=-1.79728 nmse_prop=0.06480 nmse_ls=0.13726 lr=9.643e-04 step_time=0.335s steps_per_s=1.712 gpu_mem=0.12GiB peak=3.64GiB
[TRAIN] step=12900 loss=-2.54396 nmse_prop=0.03544 nmse_ls=0.07839 lr=9.643e-04 step_time=0.282s steps_per_s=1.717 gpu_mem=0.12GiB peak=3.64GiB
[TRAIN] step=13000 loss=-1.82460 nmse_prop=0.06354 nmse_ls=0.12796 lr=9.643e-04 step_time=0.334s steps_per_s=1.722 gpu_mem=0.12GiB peak=3.64GiB
[TRAIN] saved resumable state at step=13000 reason=periodic: /lustre10/scratch/rsadve1/Extended_UPAIR_Narval_b32m16_portable_underUMI/UMI_training/runs_rx16/seed7/1dmrs/main_d256_b4_r2/checkpoints/training_state/ckpt-13000
[TRAIN] step=13100 loss=-2.03394 nmse_prop=0.05286 nmse_ls=0.08583 lr=9.643e-04 step_time=0.364s steps_per_s=1.723 gpu_mem=0.12GiB peak=3.64GiB
[TRAIN] step=13200 loss=-1.92518 nmse_prop=0.05755 nmse_ls=0.09529 lr=9.643e-04 step_time=0.358s steps_per_s=1.728 gpu_mem=0.12GiB peak=3.64GiB
[TRAIN] step=13300 loss=-2.24186 nmse_prop=0.04582 nmse_ls=0.07216 lr=9.643e-04 step_time=0.334s steps_per_s=1.732 gpu_mem=0.12GiB peak=3.64GiB
[TRAIN] step=13400 loss=-1.97458 nmse_prop=0.05608 nmse_ls=0.08980 lr=9.643e-04 step_time=0.361s steps_per_s=1.737 gpu_mem=0.12GiB peak=3.64GiB
[TRAIN] step=13500 loss=-2.51205 nmse_prop=0.03349 nmse_ls=0.06540 lr=9.643e-04 step_time=0.308s steps_per_s=1.742 gpu_mem=0.12GiB peak=3.64GiB
[TRAIN] step=13600 loss=-1.48536 nmse_prop=0.08427 nmse_ls=0.18162 lr=9.643e-04 step_time=0.359s steps_per_s=1.746 gpu_mem=0.12GiB peak=3.64GiB
[TRAIN] step=13700 loss=-2.33348 nmse_prop=0.04143 nmse_ls=0.05955 lr=9.643e-04 step_time=0.371s steps_per_s=1.751 gpu_mem=0.12GiB peak=3.64GiB
[TRAIN] step=13800 loss=-2.21573 nmse_prop=0.04557 nmse_ls=0.06181 lr=9.643e-04 step_time=0.359s steps_per_s=1.756 gpu_mem=0.12GiB peak=3.64GiB
[TRAIN] step=13900 loss=-2.33995 nmse_prop=0.04042 nmse_ls=0.10270 lr=9.643e-04 step_time=0.283s steps_per_s=1.760 gpu_mem=0.12GiB peak=3.64GiB
WARNING:tensorflow:Model's `__init__()` arguments contain non-serializable objects. Please implement a `get_config()` method in the subclassed Model for proper saving and loading. Defaulting to empty config.
WARNING:tensorflow:Model's `__init__()` arguments contain non-serializable objects. Please implement a `get_config()` method in the subclassed Model for proper saving and loading. Defaulting to empty config.
[TRAIN] saved new best weights at step=14000 val_nmse=0.0555515
[TRAIN] step=14000 loss=-2.01906 nmse_prop=0.05672 nmse_ls=0.08898 lr=9.643e-04 step_time=169.221s steps_per_s=1.728 gpu_mem=0.12GiB peak=3.64GiB
[TRAIN] saved resumable state at step=14000 reason=periodic: /lustre10/scratch/rsadve1/Extended_UPAIR_Narval_b32m16_portable_underUMI/UMI_training/runs_rx16/seed7/1dmrs/main_d256_b4_r2/checkpoints/training_state/ckpt-14000
[TRAIN] step=14100 loss=-1.84223 nmse_prop=0.06385 nmse_ls=0.11591 lr=9.643e-04 step_time=0.337s steps_per_s=1.732 gpu_mem=0.12GiB peak=3.64GiB
[TRAIN] step=14200 loss=-2.28405 nmse_prop=0.04349 nmse_ls=0.06054 lr=9.643e-04 step_time=0.358s steps_per_s=1.736 gpu_mem=0.12GiB peak=3.64GiB
[TRAIN] step=14300 loss=-1.18752 nmse_prop=0.11352 nmse_ls=0.26144 lr=9.643e-04 step_time=0.359s steps_per_s=1.740 gpu_mem=0.12GiB peak=3.64GiB
[TRAIN] step=14400 loss=-2.19430 nmse_prop=0.04726 nmse_ls=0.08294 lr=9.643e-04 step_time=0.334s steps_per_s=1.745 gpu_mem=0.12GiB peak=3.64GiB
[TRAIN] step=14500 loss=-1.33351 nmse_prop=0.10090 nmse_ls=0.20489 lr=9.643e-04 step_time=0.359s steps_per_s=1.749 gpu_mem=0.12GiB peak=3.64GiB
[TRAIN] step=14600 loss=-1.90114 nmse_prop=0.05965 nmse_ls=0.12043 lr=9.643e-04 step_time=0.346s steps_per_s=1.754 gpu_mem=0.12GiB peak=3.64GiB
[TRAIN] step=14700 loss=-1.40522 nmse_prop=0.09481 nmse_ls=0.18648 lr=9.643e-04 step_time=0.370s steps_per_s=1.758 gpu_mem=0.12GiB peak=3.64GiB
[TRAIN] step=14800 loss=-1.78507 nmse_prop=0.06665 nmse_ls=0.19212 lr=9.643e-04 step_time=0.310s steps_per_s=1.762 gpu_mem=0.12GiB peak=3.64GiB
[TRAIN] step=14900 loss=-1.72120 nmse_prop=0.07073 nmse_ls=0.12839 lr=9.643e-04 step_time=0.362s steps_per_s=1.766 gpu_mem=0.12GiB peak=3.64GiB
[TRAIN] step=15000 loss=-2.01039 nmse_prop=0.05521 nmse_ls=0.19771 lr=9.643e-04 step_time=0.308s steps_per_s=1.770 gpu_mem=0.12GiB peak=3.64GiB
[TRAIN] saved resumable state at step=15000 reason=periodic: /lustre10/scratch/rsadve1/Extended_UPAIR_Narval_b32m16_portable_underUMI/UMI_training/runs_rx16/seed7/1dmrs/main_d256_b4_r2/checkpoints/training_state/ckpt-15000
[TRAIN] step=15100 loss=-1.76939 nmse_prop=0.07126 nmse_ls=0.12365 lr=9.643e-04 step_time=0.358s steps_per_s=1.774 gpu_mem=0.12GiB peak=3.64GiB
[TRAIN] step=15200 loss=-2.16605 nmse_prop=0.04818 nmse_ls=0.08628 lr=9.643e-04 step_time=0.346s steps_per_s=1.778 gpu_mem=0.12GiB peak=3.64GiB
[TRAIN] step=15300 loss=-2.58729 nmse_prop=0.03360 nmse_ls=0.04518 lr=9.643e-04 step_time=0.333s steps_per_s=1.782 gpu_mem=0.12GiB peak=3.64GiB
[TRAIN] step=15400 loss=-2.17175 nmse_prop=0.04579 nmse_ls=0.11874 lr=9.643e-04 step_time=0.309s steps_per_s=1.786 gpu_mem=0.12GiB peak=3.64GiB
[TRAIN] step=15500 loss=-2.38432 nmse_prop=0.03963 nmse_ls=0.06269 lr=9.643e-04 step_time=0.335s steps_per_s=1.790 gpu_mem=0.12GiB peak=3.64GiB
[TRAIN] step=15600 loss=-2.21005 nmse_prop=0.04620 nmse_ls=0.09555 lr=9.643e-04 step_time=0.308s steps_per_s=1.794 gpu_mem=0.12GiB peak=3.64GiB
[TRAIN] step=15700 loss=-2.35940 nmse_prop=0.04020 nmse_ls=0.06552 lr=9.643e-04 step_time=0.345s steps_per_s=1.798 gpu_mem=0.12GiB peak=3.64GiB
[TRAIN] step=15800 loss=-1.62838 nmse_prop=0.07589 nmse_ls=0.14232 lr=9.643e-04 step_time=0.364s steps_per_s=1.801 gpu_mem=0.12GiB peak=3.64GiB
[TRAIN] step=15900 loss=-1.96308 nmse_prop=0.05714 nmse_ls=0.14927 lr=9.643e-04 step_time=0.310s steps_per_s=1.805 gpu_mem=0.12GiB peak=3.64GiB
WARNING:tensorflow:Model's `__init__()` arguments contain non-serializable objects. Please implement a `get_config()` method in the subclassed Model for proper saving and loading. Defaulting to empty config.
WARNING:tensorflow:Model's `__init__()` arguments contain non-serializable objects. Please implement a `get_config()` method in the subclassed Model for proper saving and loading. Defaulting to empty config.
[TRAIN] saved new best weights at step=16000 val_nmse=0.055189
[TRAIN] step=16000 loss=-1.69622 nmse_prop=0.07134 nmse_ls=0.15761 lr=9.643e-04 step_time=167.804s steps_per_s=1.775 gpu_mem=0.12GiB peak=3.64GiB
[TRAIN] saved resumable state at step=16000 reason=periodic: /lustre10/scratch/rsadve1/Extended_UPAIR_Narval_b32m16_portable_underUMI/UMI_training/runs_rx16/seed7/1dmrs/main_d256_b4_r2/checkpoints/training_state/ckpt-16000
[TRAIN] step=16100 loss=-2.29154 nmse_prop=0.04381 nmse_ls=0.07329 lr=9.643e-04 step_time=0.333s steps_per_s=1.779 gpu_mem=0.12GiB peak=3.64GiB
[TRAIN] step=16200 loss=-2.14523 nmse_prop=0.04676 nmse_ls=0.09757 lr=9.643e-04 step_time=0.349s steps_per_s=1.783 gpu_mem=0.12GiB peak=3.64GiB
[TRAIN] step=16300 loss=-2.22462 nmse_prop=0.04491 nmse_ls=0.06498 lr=9.643e-04 step_time=0.360s steps_per_s=1.786 gpu_mem=0.12GiB peak=3.64GiB
[TRAIN] step=16400 loss=-2.17687 nmse_prop=0.05801 nmse_ls=0.07753 lr=9.643e-04 step_time=0.371s steps_per_s=1.790 gpu_mem=0.12GiB peak=3.64GiB
[TRAIN] step=16500 loss=-2.12895 nmse_prop=0.05285 nmse_ls=0.07912 lr=9.643e-04 step_time=0.371s steps_per_s=1.794 gpu_mem=0.12GiB peak=3.64GiB
[TRAIN] step=16600 loss=-1.56677 nmse_prop=0.07949 nmse_ls=0.16478 lr=9.643e-04 step_time=0.380s steps_per_s=1.797 gpu_mem=0.12GiB peak=3.64GiB
[TRAIN] step=16700 loss=-2.38669 nmse_prop=0.03879 nmse_ls=0.06563 lr=9.643e-04 step_time=0.334s steps_per_s=1.801 gpu_mem=0.12GiB peak=3.64GiB
[TRAIN] step=16800 loss=-2.25143 nmse_prop=0.04371 nmse_ls=0.10763 lr=9.643e-04 step_time=0.309s steps_per_s=1.805 gpu_mem=0.12GiB peak=3.64GiB
[TRAIN] step=16900 loss=-1.58529 nmse_prop=0.07803 nmse_ls=0.15977 lr=9.643e-04 step_time=0.366s steps_per_s=1.808 gpu_mem=0.12GiB peak=3.64GiB
[TRAIN] step=17000 loss=-2.05984 nmse_prop=0.05103 nmse_ls=0.09920 lr=9.643e-04 step_time=0.333s steps_per_s=1.812 gpu_mem=0.12GiB peak=3.64GiB
[TRAIN] saved resumable state at step=17000 reason=periodic: /lustre10/scratch/rsadve1/Extended_UPAIR_Narval_b32m16_portable_underUMI/UMI_training/runs_rx16/seed7/1dmrs/main_d256_b4_r2/checkpoints/training_state/ckpt-17000
[TRAIN] step=17100 loss=-1.99389 nmse_prop=0.05260 nmse_ls=0.14772 lr=9.643e-04 step_time=0.307s steps_per_s=1.806 gpu_mem=0.12GiB peak=3.64GiB
[TRAIN] step=17200 loss=-1.77695 nmse_prop=0.06904 nmse_ls=0.12283 lr=9.643e-04 step_time=0.359s steps_per_s=1.809 gpu_mem=0.12GiB peak=3.64GiB
[TRAIN] step=17300 loss=-1.61623 nmse_prop=0.07782 nmse_ls=0.14436 lr=9.643e-04 step_time=0.360s steps_per_s=1.813 gpu_mem=0.12GiB peak=3.64GiB
[TRAIN] step=17400 loss=-2.00369 nmse_prop=0.05474 nmse_ls=0.19915 lr=9.643e-04 step_time=0.284s steps_per_s=1.816 gpu_mem=0.12GiB peak=3.64GiB
[TRAIN] step=17500 loss=-2.51965 nmse_prop=0.03991 nmse_ls=0.06241 lr=9.643e-04 step_time=0.337s steps_per_s=1.820 gpu_mem=0.12GiB peak=3.64GiB
[TRAIN] step=17600 loss=-1.91601 nmse_prop=0.05916 nmse_ls=0.13126 lr=9.643e-04 step_time=0.336s steps_per_s=1.823 gpu_mem=0.12GiB peak=3.64GiB
[TRAIN] step=17700 loss=-2.19854 nmse_prop=0.04721 nmse_ls=0.07113 lr=9.643e-04 step_time=0.363s steps_per_s=1.826 gpu_mem=0.12GiB peak=3.64GiB
[TRAIN] step=17800 loss=-1.58264 nmse_prop=0.07783 nmse_ls=0.20865 lr=9.643e-04 step_time=0.351s steps_per_s=1.830 gpu_mem=0.12GiB peak=3.64GiB
[TRAIN] step=17900 loss=-2.37618 nmse_prop=0.03953 nmse_ls=0.05859 lr=9.643e-04 step_time=0.364s steps_per_s=1.833 gpu_mem=0.12GiB peak=3.64GiB
WARNING:tensorflow:Model's `__init__()` arguments contain non-serializable objects. Please implement a `get_config()` method in the subclassed Model for proper saving and loading. Defaulting to empty config.
WARNING:tensorflow:Model's `__init__()` arguments contain non-serializable objects. Please implement a `get_config()` method in the subclassed Model for proper saving and loading. Defaulting to empty config.
[TRAIN] saved new best weights at step=18000 val_nmse=0.0521456
[TRAIN] step=18000 loss=-1.76032 nmse_prop=0.06679 nmse_ls=0.14748 lr=9.643e-04 step_time=166.024s steps_per_s=1.806 gpu_mem=0.12GiB peak=3.64GiB
[TRAIN] saved resumable state at step=18000 reason=periodic: /lustre10/scratch/rsadve1/Extended_UPAIR_Narval_b32m16_portable_underUMI/UMI_training/runs_rx16/seed7/1dmrs/main_d256_b4_r2/checkpoints/training_state/ckpt-18000
[TRAIN] step=18100 loss=-1.57047 nmse_prop=0.08201 nmse_ls=0.17550 lr=9.643e-04 step_time=0.366s steps_per_s=1.809 gpu_mem=0.12GiB peak=3.64GiB
[TRAIN] step=18200 loss=-2.02015 nmse_prop=0.05299 nmse_ls=0.09045 lr=9.643e-04 step_time=0.357s steps_per_s=1.812 gpu_mem=0.12GiB peak=3.64GiB
[TRAIN] step=18300 loss=-2.47286 nmse_prop=0.03685 nmse_ls=0.04892 lr=9.643e-04 step_time=0.357s steps_per_s=1.815 gpu_mem=0.12GiB peak=3.64GiB
[TRAIN] step=18400 loss=-1.53646 nmse_prop=0.08287 nmse_ls=0.17573 lr=9.643e-04 step_time=0.369s steps_per_s=1.819 gpu_mem=0.12GiB peak=3.64GiB
[TRAIN] step=18500 loss=-1.96074 nmse_prop=0.05544 nmse_ls=0.09867 lr=9.643e-04 step_time=0.359s steps_per_s=1.822 gpu_mem=0.12GiB peak=3.64GiB
[TRAIN] step=18600 loss=-2.07313 nmse_prop=0.05048 nmse_ls=0.11325 lr=9.643e-04 step_time=0.332s steps_per_s=1.825 gpu_mem=0.12GiB peak=3.64GiB
[TRAIN] step=18700 loss=-1.77267 nmse_prop=0.06669 nmse_ls=0.12645 lr=9.643e-04 step_time=0.357s steps_per_s=1.829 gpu_mem=0.12GiB peak=3.64GiB
[TRAIN] step=18800 loss=-2.11205 nmse_prop=0.05278 nmse_ls=0.08147 lr=9.643e-04 step_time=0.380s steps_per_s=1.832 gpu_mem=0.12GiB peak=3.64GiB
[TRAIN] step=18900 loss=-2.42627 nmse_prop=0.03685 nmse_ls=0.06140 lr=9.643e-04 step_time=0.333s steps_per_s=1.835 gpu_mem=0.12GiB peak=3.64GiB
[TRAIN] step=19000 loss=-2.36584 nmse_prop=0.04039 nmse_ls=0.08455 lr=9.643e-04 step_time=0.308s steps_per_s=1.838 gpu_mem=0.12GiB peak=3.64GiB
[TRAIN] saved resumable state at step=19000 reason=periodic: /lustre10/scratch/rsadve1/Extended_UPAIR_Narval_b32m16_portable_underUMI/UMI_training/runs_rx16/seed7/1dmrs/main_d256_b4_r2/checkpoints/training_state/ckpt-19000
[TRAIN] step=19100 loss=-2.06981 nmse_prop=0.05131 nmse_ls=0.08618 lr=9.643e-04 step_time=0.356s steps_per_s=1.841 gpu_mem=0.12GiB peak=3.64GiB
[TRAIN] step=19200 loss=-2.57427 nmse_prop=0.03523 nmse_ls=0.05731 lr=9.643e-04 step_time=0.307s steps_per_s=1.844 gpu_mem=0.12GiB peak=3.64GiB
[TRAIN] step=19300 loss=-1.93812 nmse_prop=0.05718 nmse_ls=0.09710 lr=9.643e-04 step_time=0.357s steps_per_s=1.847 gpu_mem=0.12GiB peak=3.64GiB
[TRAIN] step=19400 loss=-2.01893 nmse_prop=0.05265 nmse_ls=0.11409 lr=9.643e-04 step_time=0.344s steps_per_s=1.850 gpu_mem=0.12GiB peak=3.64GiB
[TRAIN] step=19500 loss=-1.73231 nmse_prop=0.07069 nmse_ls=0.15206 lr=9.643e-04 step_time=0.333s steps_per_s=1.854 gpu_mem=0.12GiB peak=3.64GiB
[TRAIN] step=19600 loss=-2.44898 nmse_prop=0.03819 nmse_ls=0.09250 lr=9.643e-04 step_time=0.282s steps_per_s=1.857 gpu_mem=0.12GiB peak=3.64GiB
[TRAIN] step=19700 loss=-1.60296 nmse_prop=0.07731 nmse_ls=0.19157 lr=9.643e-04 step_time=0.333s steps_per_s=1.860 gpu_mem=0.12GiB peak=3.64GiB
[TRAIN] step=19800 loss=-2.37418 nmse_prop=0.04014 nmse_ls=0.05293 lr=9.643e-04 step_time=0.357s steps_per_s=1.863 gpu_mem=0.12GiB peak=3.64GiB
[TRAIN] step=19900 loss=-2.51080 nmse_prop=0.03413 nmse_ls=0.07105 lr=9.643e-04 step_time=0.307s steps_per_s=1.866 gpu_mem=0.12GiB peak=3.64GiB
[TRAIN] step=20000 loss=-1.88162 nmse_prop=0.06109 nmse_ls=0.11259 lr=9.643e-04 step_time=164.663s steps_per_s=1.840 gpu_mem=0.12GiB peak=3.64GiB
[TRAIN] saved resumable state at step=20000 reason=periodic: /lustre10/scratch/rsadve1/Extended_UPAIR_Narval_b32m16_portable_underUMI/UMI_training/runs_rx16/seed7/1dmrs/main_d256_b4_r2/checkpoints/training_state/ckpt-20000
[TRAIN] step=20100 loss=-2.27359 nmse_prop=0.04399 nmse_ls=0.06584 lr=9.643e-04 step_time=0.356s steps_per_s=1.843 gpu_mem=0.12GiB peak=3.64GiB
[TRAIN] step=20200 loss=-2.18154 nmse_prop=0.04736 nmse_ls=0.06988 lr=9.643e-04 step_time=0.358s steps_per_s=1.846 gpu_mem=0.12GiB peak=3.64GiB
[TRAIN] step=20300 loss=-1.53873 nmse_prop=0.08292 nmse_ls=0.25541 lr=9.643e-04 step_time=0.307s steps_per_s=1.849 gpu_mem=0.12GiB peak=3.64GiB
[TRAIN] step=20400 loss=-2.37781 nmse_prop=0.03996 nmse_ls=0.05451 lr=9.643e-04 step_time=0.357s steps_per_s=1.852 gpu_mem=0.12GiB peak=3.64GiB
[TRAIN] step=20500 loss=-1.58307 nmse_prop=0.08247 nmse_ls=0.19754 lr=9.643e-04 step_time=0.344s steps_per_s=1.855 gpu_mem=0.12GiB peak=3.64GiB
[TRAIN] step=20600 loss=-2.28764 nmse_prop=0.04390 nmse_ls=0.06217 lr=9.643e-04 step_time=0.357s steps_per_s=1.858 gpu_mem=0.12GiB peak=3.64GiB
[TRAIN] step=20700 loss=-1.66145 nmse_prop=0.07640 nmse_ls=0.15070 lr=9.643e-04 step_time=0.357s steps_per_s=1.861 gpu_mem=0.12GiB peak=3.64GiB
[TRAIN] step=20800 loss=-1.89982 nmse_prop=0.06026 nmse_ls=0.10642 lr=9.643e-04 step_time=0.369s steps_per_s=1.864 gpu_mem=0.12GiB peak=3.64GiB
[TRAIN] step=20900 loss=-1.28691 nmse_prop=0.10520 nmse_ls=0.23674 lr=9.643e-04 step_time=0.357s steps_per_s=1.867 gpu_mem=0.12GiB peak=3.64GiB
[TRAIN] step=21000 loss=-2.08917 nmse_prop=0.05480 nmse_ls=0.10582 lr=9.643e-04 step_time=0.336s steps_per_s=1.869 gpu_mem=0.12GiB peak=3.64GiB
[TRAIN] saved resumable state at step=21000 reason=periodic: /lustre10/scratch/rsadve1/Extended_UPAIR_Narval_b32m16_portable_underUMI/UMI_training/runs_rx16/seed7/1dmrs/main_d256_b4_r2/checkpoints/training_state/ckpt-21000
[TRAIN] step=21100 loss=-2.31260 nmse_prop=0.04896 nmse_ls=0.10344 lr=9.643e-04 step_time=0.305s steps_per_s=1.872 gpu_mem=0.12GiB peak=3.64GiB
[TRAIN] step=21200 loss=-1.50274 nmse_prop=0.08520 nmse_ls=0.23405 lr=9.643e-04 step_time=0.332s steps_per_s=1.875 gpu_mem=0.12GiB peak=3.64GiB
[TRAIN] step=21300 loss=-2.06123 nmse_prop=0.05392 nmse_ls=0.08722 lr=9.643e-04 step_time=0.357s steps_per_s=1.878 gpu_mem=0.12GiB peak=3.64GiB
[TRAIN] step=21400 loss=-1.56634 nmse_prop=0.08135 nmse_ls=0.21530 lr=9.643e-04 step_time=0.334s steps_per_s=1.880 gpu_mem=0.12GiB peak=3.64GiB
[TRAIN] step=21500 loss=-1.93024 nmse_prop=0.05852 nmse_ls=0.12124 lr=9.643e-04 step_time=0.332s steps_per_s=1.883 gpu_mem=0.12GiB peak=3.64GiB
[TRAIN] step=21600 loss=-1.88408 nmse_prop=0.06243 nmse_ls=0.12790 lr=9.643e-04 step_time=0.333s steps_per_s=1.886 gpu_mem=0.12GiB peak=3.64GiB
[TRAIN] step=21700 loss=-2.44580 nmse_prop=0.03808 nmse_ls=0.05362 lr=9.643e-04 step_time=0.357s steps_per_s=1.889 gpu_mem=0.12GiB peak=3.64GiB
[TRAIN] step=21800 loss=-1.93113 nmse_prop=0.05779 nmse_ls=0.10425 lr=9.643e-04 step_time=0.357s steps_per_s=1.891 gpu_mem=0.12GiB peak=3.64GiB
[TRAIN] step=21900 loss=-1.82676 nmse_prop=0.06358 nmse_ls=0.15287 lr=9.643e-04 step_time=0.345s steps_per_s=1.894 gpu_mem=0.12GiB peak=3.64GiB
WARNING:tensorflow:Model's `__init__()` arguments contain non-serializable objects. Please implement a `get_config()` method in the subclassed Model for proper saving and loading. Defaulting to empty config.
WARNING:tensorflow:Model's `__init__()` arguments contain non-serializable objects. Please implement a `get_config()` method in the subclassed Model for proper saving and loading. Defaulting to empty config.
[TRAIN] saved new best weights at step=22000 val_nmse=0.0521319
[TRAIN] step=22000 loss=-1.90440 nmse_prop=0.06087 nmse_ls=0.11301 lr=9.643e-04 step_time=165.287s steps_per_s=1.870 gpu_mem=0.12GiB peak=3.64GiB
[TRAIN] saved resumable state at step=22000 reason=periodic: /lustre10/scratch/rsadve1/Extended_UPAIR_Narval_b32m16_portable_underUMI/UMI_training/runs_rx16/seed7/1dmrs/main_d256_b4_r2/checkpoints/training_state/ckpt-22000
[TRAIN] step=22100 loss=-1.37686 nmse_prop=0.09536 nmse_ls=0.22044 lr=9.643e-04 step_time=0.357s steps_per_s=1.872 gpu_mem=0.12GiB peak=3.64GiB
[TRAIN] step=22200 loss=-2.16412 nmse_prop=0.04929 nmse_ls=0.07575 lr=9.643e-04 step_time=0.357s steps_per_s=1.875 gpu_mem=0.12GiB peak=3.64GiB
[TRAIN] step=22300 loss=-1.46626 nmse_prop=0.08807 nmse_ls=0.20061 lr=9.643e-04 step_time=0.357s steps_per_s=1.878 gpu_mem=0.12GiB peak=3.64GiB
[TRAIN] step=22400 loss=-1.50785 nmse_prop=0.08737 nmse_ls=0.19612 lr=9.643e-04 step_time=0.332s steps_per_s=1.880 gpu_mem=0.12GiB peak=3.64GiB
[TRAIN] step=22500 loss=-1.32127 nmse_prop=0.09791 nmse_ls=0.24180 lr=9.643e-04 step_time=0.357s steps_per_s=1.883 gpu_mem=0.12GiB peak=3.64GiB
[TRAIN] step=22600 loss=-1.18262 nmse_prop=0.11648 nmse_ls=0.26396 lr=9.643e-04 step_time=0.358s steps_per_s=1.886 gpu_mem=0.12GiB peak=3.64GiB
[TRAIN] step=22700 loss=-1.78492 nmse_prop=0.07030 nmse_ls=0.11793 lr=9.643e-04 step_time=0.334s steps_per_s=1.888 gpu_mem=0.12GiB peak=3.64GiB
[TRAIN] step=22800 loss=-2.36764 nmse_prop=0.04009 nmse_ls=0.06870 lr=9.643e-04 step_time=0.332s steps_per_s=1.891 gpu_mem=0.12GiB peak=3.64GiB
[TRAIN] step=22900 loss=-2.17680 nmse_prop=0.04699 nmse_ls=0.07528 lr=9.643e-04 step_time=0.357s steps_per_s=1.893 gpu_mem=0.12GiB peak=3.64GiB
[TRAIN] step=23000 loss=-2.24011 nmse_prop=0.04405 nmse_ls=0.07604 lr=9.643e-04 step_time=0.332s steps_per_s=1.896 gpu_mem=0.12GiB peak=3.64GiB
[TRAIN] saved resumable state at step=23000 reason=periodic: /lustre10/scratch/rsadve1/Extended_UPAIR_Narval_b32m16_portable_underUMI/UMI_training/runs_rx16/seed7/1dmrs/main_d256_b4_r2/checkpoints/training_state/ckpt-23000
[TRAIN] step=23100 loss=-2.16281 nmse_prop=0.06054 nmse_ls=0.07900 lr=9.643e-04 step_time=0.357s steps_per_s=1.898 gpu_mem=0.12GiB peak=3.64GiB
[TRAIN] step=23200 loss=-1.70588 nmse_prop=0.07014 nmse_ls=0.18474 lr=9.643e-04 step_time=0.334s steps_per_s=1.901 gpu_mem=0.12GiB peak=3.64GiB
[TRAIN] step=23300 loss=-1.94551 nmse_prop=0.06038 nmse_ls=0.09783 lr=9.643e-04 step_time=0.370s steps_per_s=1.903 gpu_mem=0.12GiB peak=3.64GiB
[TRAIN] step=23400 loss=-1.74187 nmse_prop=0.06754 nmse_ls=0.13904 lr=9.643e-04 step_time=0.358s steps_per_s=1.906 gpu_mem=0.12GiB peak=3.64GiB
[TRAIN] step=23500 loss=-2.23620 nmse_prop=0.04494 nmse_ls=0.06532 lr=9.643e-04 step_time=0.357s steps_per_s=1.908 gpu_mem=0.12GiB peak=3.64GiB
[TRAIN] step=23600 loss=-1.79814 nmse_prop=0.06395 nmse_ls=0.16022 lr=9.643e-04 step_time=0.332s steps_per_s=1.910 gpu_mem=0.12GiB peak=3.64GiB
[TRAIN] step=23700 loss=-1.49659 nmse_prop=0.08634 nmse_ls=0.19725 lr=9.643e-04 step_time=0.358s steps_per_s=1.913 gpu_mem=0.12GiB peak=3.64GiB
[TRAIN] step=23800 loss=-1.42173 nmse_prop=0.09087 nmse_ls=0.20800 lr=9.643e-04 step_time=0.358s steps_per_s=1.915 gpu_mem=0.12GiB peak=3.64GiB
[TRAIN] step=23900 loss=-2.42674 nmse_prop=0.03686 nmse_ls=0.08594 lr=9.643e-04 step_time=0.310s steps_per_s=1.918 gpu_mem=0.12GiB peak=3.64GiB
[TRAIN] step=24000 loss=-1.74287 nmse_prop=0.06855 nmse_ls=0.18292 lr=9.643e-04 step_time=165.639s steps_per_s=1.895 gpu_mem=0.12GiB peak=3.64GiB
[TRAIN] saved resumable state at step=24000 reason=periodic: /lustre10/scratch/rsadve1/Extended_UPAIR_Narval_b32m16_portable_underUMI/UMI_training/runs_rx16/seed7/1dmrs/main_d256_b4_r2/checkpoints/training_state/ckpt-24000
[TRAIN] step=24100 loss=-2.51708 nmse_prop=0.03586 nmse_ls=0.05227 lr=9.643e-04 step_time=0.333s steps_per_s=1.897 gpu_mem=0.12GiB peak=3.64GiB
[TRAIN] step=24200 loss=-1.81344 nmse_prop=0.06342 nmse_ls=0.13516 lr=9.643e-04 step_time=0.357s steps_per_s=1.899 gpu_mem=0.12GiB peak=3.64GiB
[TRAIN] step=24300 loss=-2.59430 nmse_prop=0.03150 nmse_ls=0.06980 lr=9.643e-04 step_time=0.307s steps_per_s=1.902 gpu_mem=0.12GiB peak=3.64GiB
[TRAIN] step=24400 loss=-1.58813 nmse_prop=0.07884 nmse_ls=0.16696 lr=9.643e-04 step_time=0.379s steps_per_s=1.904 gpu_mem=0.12GiB peak=3.64GiB
[TRAIN] step=24500 loss=-2.58812 nmse_prop=0.03484 nmse_ls=0.06006 lr=9.643e-04 step_time=0.308s steps_per_s=1.907 gpu_mem=0.12GiB peak=3.64GiB
[TRAIN] step=24600 loss=-2.28788 nmse_prop=0.04273 nmse_ls=0.07854 lr=9.643e-04 step_time=0.347s steps_per_s=1.909 gpu_mem=0.12GiB peak=3.64GiB
[TRAIN] step=24700 loss=-2.98865 nmse_prop=0.02344 nmse_ls=0.04485 lr=9.643e-04 step_time=0.282s steps_per_s=1.911 gpu_mem=0.12GiB peak=3.64GiB
[TRAIN] step=24800 loss=-2.34969 nmse_prop=0.04060 nmse_ls=0.05679 lr=9.643e-04 step_time=0.361s steps_per_s=1.914 gpu_mem=0.12GiB peak=3.64GiB
[TRAIN] step=24900 loss=-1.62806 nmse_prop=0.07979 nmse_ls=0.15553 lr=9.643e-04 step_time=0.357s steps_per_s=1.916 gpu_mem=0.12GiB peak=3.64GiB
[TRAIN] step=25000 loss=-2.33641 nmse_prop=0.04376 nmse_ls=0.07321 lr=9.643e-04 step_time=0.333s steps_per_s=1.918 gpu_mem=0.12GiB peak=3.64GiB
[TRAIN] saved resumable state at step=25000 reason=periodic: /lustre10/scratch/rsadve1/Extended_UPAIR_Narval_b32m16_portable_underUMI/UMI_training/runs_rx16/seed7/1dmrs/main_d256_b4_r2/checkpoints/training_state/ckpt-25000
[TRAIN] step=25100 loss=-2.08957 nmse_prop=0.05079 nmse_ls=0.08822 lr=9.643e-04 step_time=0.357s steps_per_s=1.915 gpu_mem=0.12GiB peak=3.64GiB
[TRAIN] step=25200 loss=-2.07500 nmse_prop=0.05022 nmse_ls=0.08878 lr=9.643e-04 step_time=0.358s steps_per_s=1.918 gpu_mem=0.12GiB peak=3.64GiB
[TRAIN] step=25300 loss=-1.99725 nmse_prop=0.05732 nmse_ls=0.11913 lr=9.643e-04 step_time=0.333s steps_per_s=1.920 gpu_mem=0.12GiB peak=3.64GiB
[TRAIN] step=25400 loss=-1.68672 nmse_prop=0.07103 nmse_ls=0.23679 lr=9.643e-04 step_time=0.323s steps_per_s=1.922 gpu_mem=0.12GiB peak=3.64GiB
[TRAIN] step=25500 loss=-2.07706 nmse_prop=0.05408 nmse_ls=0.09085 lr=9.643e-04 step_time=0.360s steps_per_s=1.925 gpu_mem=0.12GiB peak=3.64GiB
[TRAIN] step=25600 loss=-2.26913 nmse_prop=0.04400 nmse_ls=0.06767 lr=9.643e-04 step_time=0.358s steps_per_s=1.927 gpu_mem=0.12GiB peak=3.64GiB
[TRAIN] step=25700 loss=-1.96104 nmse_prop=0.05653 nmse_ls=0.09776 lr=9.643e-04 step_time=0.357s steps_per_s=1.929 gpu_mem=0.12GiB peak=3.64GiB
[TRAIN] step=25800 loss=-2.35198 nmse_prop=0.03994 nmse_ls=0.06128 lr=9.643e-04 step_time=0.367s steps_per_s=1.931 gpu_mem=0.12GiB peak=3.64GiB
[TRAIN] step=25900 loss=-2.29461 nmse_prop=0.04356 nmse_ls=0.06568 lr=9.643e-04 step_time=0.369s steps_per_s=1.933 gpu_mem=0.12GiB peak=3.64GiB
[TRAIN] step=26000 loss=-1.98156 nmse_prop=0.05464 nmse_ls=0.17235 lr=9.643e-04 step_time=237.375s steps_per_s=1.902 gpu_mem=0.12GiB peak=3.64GiB
[TRAIN] saved resumable state at step=26000 reason=periodic: /lustre10/scratch/rsadve1/Extended_UPAIR_Narval_b32m16_portable_underUMI/UMI_training/runs_rx16/seed7/1dmrs/main_d256_b4_r2/checkpoints/training_state/ckpt-26000
[TRAIN] step=26100 loss=-1.83104 nmse_prop=0.06375 nmse_ls=0.12077 lr=9.643e-04 step_time=0.356s steps_per_s=1.776 gpu_mem=0.12GiB peak=3.64GiB
[TRAIN] step=26200 loss=-1.60683 nmse_prop=0.07947 nmse_ls=0.20523 lr=9.643e-04 step_time=0.331s steps_per_s=1.778 gpu_mem=0.12GiB peak=3.64GiB
[TRAIN] step=26300 loss=-1.98965 nmse_prop=0.05558 nmse_ls=0.10089 lr=9.643e-04 step_time=0.357s steps_per_s=1.781 gpu_mem=0.12GiB peak=3.64GiB
[TRAIN] step=26400 loss=-1.88618 nmse_prop=0.05943 nmse_ls=0.12222 lr=9.643e-04 step_time=0.356s steps_per_s=1.783 gpu_mem=0.12GiB peak=3.64GiB
[TRAIN] step=26500 loss=-2.23171 nmse_prop=0.04451 nmse_ls=0.07025 lr=9.643e-04 step_time=0.367s steps_per_s=1.786 gpu_mem=0.12GiB peak=3.64GiB
[TRAIN] step=26600 loss=-2.04068 nmse_prop=0.05270 nmse_ls=0.11578 lr=9.643e-04 step_time=0.331s steps_per_s=1.788 gpu_mem=0.12GiB peak=3.64GiB
[TRAIN] step=26700 loss=-2.48131 nmse_prop=0.03600 nmse_ls=0.04855 lr=9.643e-04 step_time=0.381s steps_per_s=1.790 gpu_mem=0.12GiB peak=3.64GiB
[TRAIN] step=26800 loss=-1.38540 nmse_prop=0.09527 nmse_ls=0.22648 lr=9.643e-04 step_time=0.356s steps_per_s=1.793 gpu_mem=0.12GiB peak=3.64GiB
[TRAIN] step=26900 loss=-2.49771 nmse_prop=0.03741 nmse_ls=0.08875 lr=9.643e-04 step_time=0.282s steps_per_s=1.795 gpu_mem=0.12GiB peak=3.64GiB
[TRAIN] step=27000 loss=-2.51920 nmse_prop=0.03714 nmse_ls=0.07717 lr=9.643e-04 step_time=0.308s steps_per_s=1.797 gpu_mem=0.12GiB peak=3.64GiB
[TRAIN] saved resumable state at step=27000 reason=periodic: /lustre10/scratch/rsadve1/Extended_UPAIR_Narval_b32m16_portable_underUMI/UMI_training/runs_rx16/seed7/1dmrs/main_d256_b4_r2/checkpoints/training_state/ckpt-27000
[TRAIN] step=27100 loss=-1.74843 nmse_prop=0.06754 nmse_ls=0.15020 lr=9.643e-04 step_time=0.356s steps_per_s=1.799 gpu_mem=0.12GiB peak=3.64GiB
[TRAIN] step=27200 loss=-1.21959 nmse_prop=0.11552 nmse_ls=0.24288 lr=9.643e-04 step_time=0.357s steps_per_s=1.802 gpu_mem=0.12GiB peak=3.64GiB
[TRAIN] step=27300 loss=-2.03586 nmse_prop=0.05248 nmse_ls=0.09415 lr=9.643e-04 step_time=0.357s steps_per_s=1.804 gpu_mem=0.12GiB peak=3.64GiB
[TRAIN] step=27400 loss=-1.29576 nmse_prop=0.10260 nmse_ls=0.25831 lr=9.643e-04 step_time=0.370s steps_per_s=1.806 gpu_mem=0.12GiB peak=3.64GiB
[TRAIN] step=27500 loss=-2.97994 nmse_prop=0.02204 nmse_ls=0.04363 lr=9.643e-04 step_time=0.282s steps_per_s=1.808 gpu_mem=0.12GiB peak=3.64GiB
[TRAIN] step=27600 loss=-1.71573 nmse_prop=0.06852 nmse_ls=0.15546 lr=9.643e-04 step_time=0.357s steps_per_s=1.811 gpu_mem=0.12GiB peak=3.64GiB
[TRAIN] step=27700 loss=-2.47000 nmse_prop=0.03881 nmse_ls=0.06572 lr=9.643e-04 step_time=0.306s steps_per_s=1.813 gpu_mem=0.12GiB peak=3.64GiB
[TRAIN] step=27800 loss=-2.77975 nmse_prop=0.02974 nmse_ls=0.07137 lr=9.643e-04 step_time=0.297s steps_per_s=1.815 gpu_mem=0.12GiB peak=3.64GiB
[TRAIN] step=27900 loss=-1.54013 nmse_prop=0.08492 nmse_ls=0.18161 lr=9.643e-04 step_time=0.368s steps_per_s=1.817 gpu_mem=0.12GiB peak=3.64GiB
[TRAIN] step=28000 loss=-2.35842 nmse_prop=0.04228 nmse_ls=0.05868 lr=9.643e-04 step_time=165.147s steps_per_s=1.800 gpu_mem=0.12GiB peak=3.64GiB
[TRAIN] saved resumable state at step=28000 reason=periodic: /lustre10/scratch/rsadve1/Extended_UPAIR_Narval_b32m16_portable_underUMI/UMI_training/runs_rx16/seed7/1dmrs/main_d256_b4_r2/checkpoints/training_state/ckpt-28000
[TRAIN] step=28100 loss=-1.68598 nmse_prop=0.07288 nmse_ls=0.18085 lr=9.643e-04 step_time=0.343s steps_per_s=1.792 gpu_mem=0.12GiB peak=3.64GiB
[TRAIN] step=28200 loss=-2.11706 nmse_prop=0.04954 nmse_ls=0.14196 lr=9.643e-04 step_time=0.307s steps_per_s=1.794 gpu_mem=0.12GiB peak=3.64GiB
[TRAIN] step=28300 loss=-1.32017 nmse_prop=0.10219 nmse_ls=0.25045 lr=9.643e-04 step_time=0.358s steps_per_s=1.796 gpu_mem=0.12GiB peak=3.64GiB
[TRAIN] step=28400 loss=-2.37866 nmse_prop=0.04357 nmse_ls=0.06870 lr=9.643e-04 step_time=0.359s steps_per_s=1.798 gpu_mem=0.12GiB peak=3.64GiB
[TRAIN] step=28500 loss=-1.59896 nmse_prop=0.07658 nmse_ls=0.21613 lr=9.643e-04 step_time=0.346s steps_per_s=1.800 gpu_mem=0.12GiB peak=3.64GiB
[TRAIN] step=28600 loss=-2.26399 nmse_prop=0.04367 nmse_ls=0.06708 lr=9.643e-04 step_time=0.358s steps_per_s=1.802 gpu_mem=0.12GiB peak=3.64GiB
[TRAIN] step=28700 loss=-1.95956 nmse_prop=0.06035 nmse_ls=0.10680 lr=9.643e-04 step_time=0.358s steps_per_s=1.805 gpu_mem=0.12GiB peak=3.64GiB
[TRAIN] step=28800 loss=-1.91833 nmse_prop=0.05804 nmse_ls=0.10800 lr=9.643e-04 step_time=0.357s steps_per_s=1.807 gpu_mem=0.12GiB peak=3.64GiB
[TRAIN] step=28900 loss=-1.53199 nmse_prop=0.08069 nmse_ls=0.22268 lr=9.643e-04 step_time=0.334s steps_per_s=1.809 gpu_mem=0.12GiB peak=3.64GiB
[TRAIN] step=29000 loss=-2.59701 nmse_prop=0.03097 nmse_ls=0.05388 lr=9.643e-04 step_time=0.340s steps_per_s=1.811 gpu_mem=0.12GiB peak=3.64GiB
[TRAIN] saved resumable state at step=29000 reason=periodic: /lustre10/scratch/rsadve1/Extended_UPAIR_Narval_b32m16_portable_underUMI/UMI_training/runs_rx16/seed7/1dmrs/main_d256_b4_r2/checkpoints/training_state/ckpt-29000
[TRAIN] step=29100 loss=-2.02718 nmse_prop=0.05303 nmse_ls=0.16320 lr=9.643e-04 step_time=0.307s steps_per_s=1.808 gpu_mem=0.12GiB peak=3.64GiB
[TRAIN] step=29200 loss=-1.69358 nmse_prop=0.07265 nmse_ls=0.18616 lr=9.643e-04 step_time=0.345s steps_per_s=1.810 gpu_mem=0.12GiB peak=3.64GiB
[TRAIN] step=29300 loss=-2.45367 nmse_prop=0.03781 nmse_ls=0.08144 lr=9.643e-04 step_time=0.307s steps_per_s=1.812 gpu_mem=0.12GiB peak=3.64GiB
[TRAIN] step=29400 loss=-2.17381 nmse_prop=0.04645 nmse_ls=0.07698 lr=9.643e-04 step_time=0.369s steps_per_s=1.814 gpu_mem=0.12GiB peak=3.64GiB
[TRAIN] step=29500 loss=-2.33112 nmse_prop=0.04173 nmse_ls=0.07500 lr=9.643e-04 step_time=0.338s steps_per_s=1.816 gpu_mem=0.12GiB peak=3.64GiB
[TRAIN] step=29600 loss=-2.21093 nmse_prop=0.04548 nmse_ls=0.09018 lr=9.643e-04 step_time=0.333s steps_per_s=1.818 gpu_mem=0.12GiB peak=3.64GiB
[TRAIN] step=29700 loss=-1.86409 nmse_prop=0.06105 nmse_ls=0.19051 lr=9.643e-04 step_time=0.307s steps_per_s=1.820 gpu_mem=0.12GiB peak=3.64GiB
[TRAIN] step=29800 loss=-1.28471 nmse_prop=0.10301 nmse_ls=0.24963 lr=9.643e-04 step_time=0.371s steps_per_s=1.822 gpu_mem=0.12GiB peak=3.64GiB
[TRAIN] step=29900 loss=-1.23541 nmse_prop=0.10855 nmse_ls=0.26732 lr=9.643e-04 step_time=0.359s steps_per_s=1.824 gpu_mem=0.12GiB peak=3.64GiB
WARNING:tensorflow:Model's `__init__()` arguments contain non-serializable objects. Please implement a `get_config()` method in the subclassed Model for proper saving and loading. Defaulting to empty config.
WARNING:tensorflow:Model's `__init__()` arguments contain non-serializable objects. Please implement a `get_config()` method in the subclassed Model for proper saving and loading. Defaulting to empty config.
[TRAIN] saved new best weights at step=30000 val_nmse=0.0505755
[TRAIN] step=30000 loss=-2.30447 nmse_prop=0.04179 nmse_ls=0.07538 lr=9.643e-04 step_time=166.488s steps_per_s=1.808 gpu_mem=0.12GiB peak=3.64GiB
[TRAIN] saved resumable state at step=30000 reason=periodic: /lustre10/scratch/rsadve1/Extended_UPAIR_Narval_b32m16_portable_underUMI/UMI_training/runs_rx16/seed7/1dmrs/main_d256_b4_r2/checkpoints/training_state/ckpt-30000
[TRAIN] step=30100 loss=-1.88403 nmse_prop=0.05933 nmse_ls=0.20088 lr=9.643e-04 step_time=0.944s steps_per_s=1.810 gpu_mem=0.12GiB peak=3.64GiB
[TRAIN] step=30200 loss=-2.41518 nmse_prop=0.03833 nmse_ls=0.07005 lr=9.643e-04 step_time=0.335s steps_per_s=1.812 gpu_mem=0.12GiB peak=3.64GiB
[TRAIN] step=30300 loss=-1.98705 nmse_prop=0.05596 nmse_ls=0.16798 lr=9.643e-04 step_time=0.310s steps_per_s=1.814 gpu_mem=0.12GiB peak=3.64GiB
[TRAIN] step=30400 loss=-2.14104 nmse_prop=0.04853 nmse_ls=0.07608 lr=9.643e-04 step_time=0.361s steps_per_s=1.816 gpu_mem=0.12GiB peak=3.64GiB
[TRAIN] step=30500 loss=-2.17103 nmse_prop=0.04615 nmse_ls=0.07805 lr=9.643e-04 step_time=0.359s steps_per_s=1.818 gpu_mem=0.12GiB peak=3.64GiB
[TRAIN] step=30600 loss=-1.74810 nmse_prop=0.06583 nmse_ls=0.18989 lr=9.643e-04 step_time=0.335s steps_per_s=1.820 gpu_mem=0.12GiB peak=3.64GiB
[TRAIN] step=30700 loss=-2.29665 nmse_prop=0.04167 nmse_ls=0.08016 lr=9.643e-04 step_time=0.335s steps_per_s=1.822 gpu_mem=0.12GiB peak=3.64GiB
[TRAIN] step=30800 loss=-2.30028 nmse_prop=0.04175 nmse_ls=0.06512 lr=9.643e-04 step_time=0.365s steps_per_s=1.824 gpu_mem=0.12GiB peak=3.64GiB
[TRAIN] step=30900 loss=-2.39193 nmse_prop=0.04021 nmse_ls=0.05375 lr=9.643e-04 step_time=0.366s steps_per_s=1.826 gpu_mem=0.12GiB peak=3.64GiB
[TRAIN] step=31000 loss=-2.00577 nmse_prop=0.05593 nmse_ls=0.09344 lr=9.643e-04 step_time=0.372s steps_per_s=1.827 gpu_mem=0.12GiB peak=3.64GiB
[TRAIN] saved resumable state at step=31000 reason=periodic: /lustre10/scratch/rsadve1/Extended_UPAIR_Narval_b32m16_portable_underUMI/UMI_training/runs_rx16/seed7/1dmrs/main_d256_b4_r2/checkpoints/training_state/ckpt-31000
[TRAIN] step=31100 loss=-2.41736 nmse_prop=0.03740 nmse_ls=0.09122 lr=9.643e-04 step_time=0.315s steps_per_s=1.829 gpu_mem=0.12GiB peak=3.64GiB
[TRAIN] step=31200 loss=-1.77082 nmse_prop=0.07055 nmse_ls=0.17273 lr=9.643e-04 step_time=0.361s steps_per_s=1.831 gpu_mem=0.12GiB peak=3.64GiB
[TRAIN] step=31300 loss=-2.31252 nmse_prop=0.04196 nmse_ls=0.06683 lr=9.643e-04 step_time=0.373s steps_per_s=1.833 gpu_mem=0.12GiB peak=3.64GiB
[TRAIN] step=31400 loss=-2.42545 nmse_prop=0.03806 nmse_ls=0.05459 lr=9.643e-04 step_time=0.362s steps_per_s=1.835 gpu_mem=0.12GiB peak=3.64GiB
[TRAIN] step=31500 loss=-1.50460 nmse_prop=0.08521 nmse_ls=0.19368 lr=9.643e-04 step_time=0.360s steps_per_s=1.837 gpu_mem=0.12GiB peak=3.64GiB
[TRAIN] step=31600 loss=-1.73270 nmse_prop=0.06959 nmse_ls=0.13541 lr=9.643e-04 step_time=0.371s steps_per_s=1.838 gpu_mem=0.12GiB peak=3.64GiB
[TRAIN] step=31700 loss=-2.35301 nmse_prop=0.04210 nmse_ls=0.09252 lr=9.643e-04 step_time=0.309s steps_per_s=1.840 gpu_mem=0.12GiB peak=3.64GiB
[TRAIN] step=31800 loss=-2.59770 nmse_prop=0.03672 nmse_ls=0.08408 lr=9.643e-04 step_time=0.286s steps_per_s=1.842 gpu_mem=0.12GiB peak=3.64GiB
[TRAIN] step=31900 loss=-2.38371 nmse_prop=0.04051 nmse_ls=0.05732 lr=9.643e-04 step_time=0.374s steps_per_s=1.844 gpu_mem=0.12GiB peak=3.64GiB
[TRAIN] step=32000 loss=-2.39395 nmse_prop=0.04037 nmse_ls=0.05649 lr=9.643e-04 step_time=165.886s steps_per_s=1.829 gpu_mem=0.12GiB peak=3.64GiB
[TRAIN] saved resumable state at step=32000 reason=periodic: /lustre10/scratch/rsadve1/Extended_UPAIR_Narval_b32m16_portable_underUMI/UMI_training/runs_rx16/seed7/1dmrs/main_d256_b4_r2/checkpoints/training_state/ckpt-32000
[TRAIN] step=32100 loss=-1.16222 nmse_prop=0.11645 nmse_ls=0.28311 lr=9.643e-04 step_time=0.360s steps_per_s=1.829 gpu_mem=0.12GiB peak=3.64GiB
[TRAIN] step=32200 loss=-2.37463 nmse_prop=0.03943 nmse_ls=0.06180 lr=9.643e-04 step_time=0.360s steps_per_s=1.831 gpu_mem=0.12GiB peak=3.64GiB
[TRAIN] step=32300 loss=-2.16489 nmse_prop=0.04741 nmse_ls=0.13135 lr=9.643e-04 step_time=0.310s steps_per_s=1.833 gpu_mem=0.12GiB peak=3.64GiB
[TRAIN] step=32400 loss=-2.42239 nmse_prop=0.04139 nmse_ls=0.06618 lr=9.643e-04 step_time=0.336s steps_per_s=1.834 gpu_mem=0.12GiB peak=3.64GiB
[TRAIN] step=32500 loss=-2.62939 nmse_prop=0.03232 nmse_ls=0.05080 lr=9.643e-04 step_time=0.310s steps_per_s=1.836 gpu_mem=0.12GiB peak=3.64GiB
[TRAIN] step=32600 loss=-2.86821 nmse_prop=0.02634 nmse_ls=0.04658 lr=9.643e-04 step_time=0.310s steps_per_s=1.838 gpu_mem=0.12GiB peak=3.64GiB
[TRAIN] step=32700 loss=-2.09472 nmse_prop=0.05304 nmse_ls=0.09952 lr=9.643e-04 step_time=0.346s steps_per_s=1.840 gpu_mem=0.12GiB peak=3.64GiB
[TRAIN] step=32800 loss=-2.13566 nmse_prop=0.04917 nmse_ls=0.10740 lr=9.643e-04 step_time=0.342s steps_per_s=1.842 gpu_mem=0.12GiB peak=3.64GiB
[TRAIN] step=32900 loss=-1.55170 nmse_prop=0.07976 nmse_ls=0.25472 lr=9.643e-04 step_time=0.340s steps_per_s=1.844 gpu_mem=0.12GiB peak=3.64GiB
[TRAIN] step=33000 loss=-2.33463 nmse_prop=0.03660 nmse_ls=0.15046 lr=9.643e-04 step_time=0.296s steps_per_s=1.845 gpu_mem=0.12GiB peak=3.64GiB
[TRAIN] saved resumable state at step=33000 reason=periodic: /lustre10/scratch/rsadve1/Extended_UPAIR_Narval_b32m16_portable_underUMI/UMI_training/runs_rx16/seed7/1dmrs/main_d256_b4_r2/checkpoints/training_state/ckpt-33000
[TRAIN] step=33100 loss=-2.31663 nmse_prop=0.04134 nmse_ls=0.12232 lr=9.643e-04 step_time=0.310s steps_per_s=1.847 gpu_mem=0.12GiB peak=3.64GiB
[TRAIN] step=33200 loss=-2.21092 nmse_prop=0.04441 nmse_ls=0.08172 lr=9.643e-04 step_time=0.361s steps_per_s=1.849 gpu_mem=0.12GiB peak=3.64GiB
[TRAIN] step=33300 loss=-2.06047 nmse_prop=0.05741 nmse_ls=0.10596 lr=9.643e-04 step_time=0.362s steps_per_s=1.850 gpu_mem=0.12GiB peak=3.64GiB
[TRAIN] step=33400 loss=-2.23688 nmse_prop=0.04236 nmse_ls=0.12952 lr=9.643e-04 step_time=0.311s steps_per_s=1.852 gpu_mem=0.12GiB peak=3.64GiB
[TRAIN] step=33500 loss=-2.24705 nmse_prop=0.04350 nmse_ls=0.07116 lr=9.643e-04 step_time=0.360s steps_per_s=1.854 gpu_mem=0.12GiB peak=3.64GiB
[TRAIN] step=33600 loss=-2.53891 nmse_prop=0.03512 nmse_ls=0.07657 lr=9.643e-04 step_time=0.311s steps_per_s=1.856 gpu_mem=0.12GiB peak=3.64GiB
[TRAIN] step=33700 loss=-2.26059 nmse_prop=0.04643 nmse_ls=0.06687 lr=9.643e-04 step_time=0.363s steps_per_s=1.857 gpu_mem=0.12GiB peak=3.64GiB
[TRAIN] step=33800 loss=-2.09053 nmse_prop=0.04874 nmse_ls=0.11427 lr=9.643e-04 step_time=0.339s steps_per_s=1.859 gpu_mem=0.12GiB peak=3.64GiB
[TRAIN] step=33900 loss=-2.52072 nmse_prop=0.03726 nmse_ls=0.05377 lr=9.643e-04 step_time=0.360s steps_per_s=1.861 gpu_mem=0.12GiB peak=3.64GiB
[TRAIN] step=34000 loss=-2.65228 nmse_prop=0.03197 nmse_ls=0.06067 lr=9.643e-04 step_time=165.640s steps_per_s=1.846 gpu_mem=0.12GiB peak=3.64GiB
[TRAIN] saved resumable state at step=34000 reason=periodic: /lustre10/scratch/rsadve1/Extended_UPAIR_Narval_b32m16_portable_underUMI/UMI_training/runs_rx16/seed7/1dmrs/main_d256_b4_r2/checkpoints/training_state/ckpt-34000
[TRAIN] step=34100 loss=-1.49596 nmse_prop=0.08606 nmse_ls=0.19599 lr=9.643e-04 step_time=0.358s steps_per_s=1.847 gpu_mem=0.12GiB peak=3.64GiB
[TRAIN] step=34200 loss=-1.62338 nmse_prop=0.07604 nmse_ls=0.16731 lr=9.643e-04 step_time=0.360s steps_per_s=1.849 gpu_mem=0.12GiB peak=3.64GiB
[TRAIN] step=34300 loss=-2.07532 nmse_prop=0.05184 nmse_ls=0.11154 lr=9.643e-04 step_time=0.335s steps_per_s=1.851 gpu_mem=0.12GiB peak=3.64GiB
[TRAIN] step=34400 loss=-1.89872 nmse_prop=0.05977 nmse_ls=0.11723 lr=9.643e-04 step_time=0.359s steps_per_s=1.853 gpu_mem=0.12GiB peak=3.64GiB
[TRAIN] step=34500 loss=-1.40591 nmse_prop=0.09246 nmse_ls=0.22576 lr=9.643e-04 step_time=0.382s steps_per_s=1.854 gpu_mem=0.12GiB peak=3.64GiB
[TRAIN] step=34600 loss=-2.07603 nmse_prop=0.05179 nmse_ls=0.08798 lr=9.643e-04 step_time=0.364s steps_per_s=1.856 gpu_mem=0.12GiB peak=3.64GiB
[TRAIN] step=34700 loss=-1.33590 nmse_prop=0.09949 nmse_ls=0.24809 lr=9.643e-04 step_time=0.373s steps_per_s=1.858 gpu_mem=0.12GiB peak=3.64GiB
[TRAIN] step=34800 loss=-2.02504 nmse_prop=0.05273 nmse_ls=0.16777 lr=9.643e-04 step_time=0.315s steps_per_s=1.859 gpu_mem=0.12GiB peak=3.64GiB
[TRAIN] step=34900 loss=-2.02053 nmse_prop=0.05977 nmse_ls=0.12102 lr=9.643e-04 step_time=0.356s steps_per_s=1.861 gpu_mem=0.12GiB peak=3.64GiB
[TRAIN] step=35000 loss=-2.09716 nmse_prop=0.05554 nmse_ls=0.11417 lr=9.643e-04 step_time=0.335s steps_per_s=1.863 gpu_mem=0.12GiB peak=3.64GiB
[TRAIN] saved resumable state at step=35000 reason=periodic: /lustre10/scratch/rsadve1/Extended_UPAIR_Narval_b32m16_portable_underUMI/UMI_training/runs_rx16/seed7/1dmrs/main_d256_b4_r2/checkpoints/training_state/ckpt-35000
[TRAIN] step=35100 loss=-1.73177 nmse_prop=0.07283 nmse_ls=0.14069 lr=9.643e-04 step_time=0.359s steps_per_s=1.864 gpu_mem=0.12GiB peak=3.64GiB
[TRAIN] step=35200 loss=-2.60599 nmse_prop=0.03241 nmse_ls=0.06522 lr=9.643e-04 step_time=0.309s steps_per_s=1.866 gpu_mem=0.12GiB peak=3.64GiB
[TRAIN] step=35300 loss=-1.85092 nmse_prop=0.06107 nmse_ls=0.13140 lr=9.643e-04 step_time=0.371s steps_per_s=1.867 gpu_mem=0.12GiB peak=3.64GiB
[TRAIN] step=35400 loss=-1.91975 nmse_prop=0.05850 nmse_ls=0.10250 lr=9.643e-04 step_time=0.372s steps_per_s=1.869 gpu_mem=0.12GiB peak=3.64GiB
[TRAIN] step=35500 loss=-1.84739 nmse_prop=0.06236 nmse_ls=0.12932 lr=9.643e-04 step_time=0.360s steps_per_s=1.871 gpu_mem=0.12GiB peak=3.64GiB
[TRAIN] step=35600 loss=-2.30285 nmse_prop=0.04395 nmse_ls=0.06727 lr=9.643e-04 step_time=0.373s steps_per_s=1.872 gpu_mem=0.12GiB peak=3.64GiB
[TRAIN] step=35700 loss=-1.72624 nmse_prop=0.06875 nmse_ls=0.16120 lr=9.643e-04 step_time=0.371s steps_per_s=1.874 gpu_mem=0.12GiB peak=3.64GiB
[TRAIN] step=35800 loss=-2.54201 nmse_prop=0.03446 nmse_ls=0.04777 lr=9.643e-04 step_time=0.361s steps_per_s=1.875 gpu_mem=0.12GiB peak=3.64GiB
[TRAIN] step=35900 loss=-1.83456 nmse_prop=0.06251 nmse_ls=0.12737 lr=9.643e-04 step_time=0.360s steps_per_s=1.877 gpu_mem=0.12GiB peak=3.64GiB
WARNING:tensorflow:Model's `__init__()` arguments contain non-serializable objects. Please implement a `get_config()` method in the subclassed Model for proper saving and loading. Defaulting to empty config.
WARNING:tensorflow:Model's `__init__()` arguments contain non-serializable objects. Please implement a `get_config()` method in the subclassed Model for proper saving and loading. Defaulting to empty config.
[TRAIN] saved new best weights at step=36000 val_nmse=0.0496091
[TRAIN] step=36000 loss=-1.89586 nmse_prop=0.05921 nmse_ls=0.15298 lr=9.643e-04 step_time=166.469s steps_per_s=1.863 gpu_mem=0.12GiB peak=3.64GiB
[TRAIN] saved resumable state at step=36000 reason=periodic: /lustre10/scratch/rsadve1/Extended_UPAIR_Narval_b32m16_portable_underUMI/UMI_training/runs_rx16/seed7/1dmrs/main_d256_b4_r2/checkpoints/training_state/ckpt-36000
[TRAIN] step=36100 loss=-1.86123 nmse_prop=0.06326 nmse_ls=0.12975 lr=9.643e-04 step_time=0.359s steps_per_s=1.864 gpu_mem=0.12GiB peak=3.64GiB
[TRAIN] step=36200 loss=-1.54987 nmse_prop=0.08147 nmse_ls=0.19383 lr=9.643e-04 step_time=0.359s steps_per_s=1.866 gpu_mem=0.12GiB peak=3.64GiB
[TRAIN] step=36300 loss=-2.08312 nmse_prop=0.05266 nmse_ls=0.11917 lr=9.643e-04 step_time=0.340s steps_per_s=1.867 gpu_mem=0.12GiB peak=3.64GiB
[TRAIN] step=36400 loss=-1.44261 nmse_prop=0.08936 nmse_ls=0.24857 lr=9.643e-04 step_time=0.363s steps_per_s=1.869 gpu_mem=0.12GiB peak=3.64GiB
[TRAIN] step=36500 loss=-2.44448 nmse_prop=0.04150 nmse_ls=0.07169 lr=9.643e-04 step_time=0.336s steps_per_s=1.870 gpu_mem=0.12GiB peak=3.64GiB
[TRAIN] step=36600 loss=-2.38032 nmse_prop=0.04188 nmse_ls=0.11413 lr=9.643e-04 step_time=0.285s steps_per_s=1.872 gpu_mem=0.12GiB peak=3.64GiB
[TRAIN] step=36700 loss=-2.36603 nmse_prop=0.04086 nmse_ls=0.06339 lr=9.643e-04 step_time=0.359s steps_per_s=1.873 gpu_mem=0.12GiB peak=3.64GiB
[TRAIN] step=36800 loss=-1.79948 nmse_prop=0.06494 nmse_ls=0.17586 lr=9.643e-04 step_time=0.335s steps_per_s=1.875 gpu_mem=0.12GiB peak=3.64GiB
[TRAIN] step=36900 loss=-1.61542 nmse_prop=0.07553 nmse_ls=0.22555 lr=9.643e-04 step_time=0.337s steps_per_s=1.877 gpu_mem=0.12GiB peak=3.64GiB
[TRAIN] step=37000 loss=-2.33170 nmse_prop=0.04030 nmse_ls=0.06495 lr=9.643e-04 step_time=0.361s steps_per_s=1.878 gpu_mem=0.12GiB peak=3.64GiB
[TRAIN] saved resumable state at step=37000 reason=periodic: /lustre10/scratch/rsadve1/Extended_UPAIR_Narval_b32m16_portable_underUMI/UMI_training/runs_rx16/seed7/1dmrs/main_d256_b4_r2/checkpoints/training_state/ckpt-37000
[TRAIN] step=37100 loss=-1.91109 nmse_prop=0.05886 nmse_ls=0.11352 lr=9.643e-04 step_time=0.358s steps_per_s=1.879 gpu_mem=0.12GiB peak=3.64GiB
[TRAIN] step=37200 loss=-1.67115 nmse_prop=0.07390 nmse_ls=0.15801 lr=9.643e-04 step_time=0.361s steps_per_s=1.881 gpu_mem=0.12GiB peak=3.64GiB
[TRAIN] step=37300 loss=-2.78186 nmse_prop=0.02914 nmse_ls=0.04754 lr=9.643e-04 step_time=0.310s steps_per_s=1.882 gpu_mem=0.12GiB peak=3.64GiB
[TRAIN] step=37400 loss=-2.48783 nmse_prop=0.03638 nmse_ls=0.05318 lr=9.643e-04 step_time=0.360s steps_per_s=1.884 gpu_mem=0.12GiB peak=3.64GiB
[TRAIN] step=37500 loss=-1.65424 nmse_prop=0.07493 nmse_ls=0.21680 lr=9.643e-04 step_time=0.334s steps_per_s=1.886 gpu_mem=0.12GiB peak=3.64GiB
[TRAIN] step=37600 loss=-1.77797 nmse_prop=0.06534 nmse_ls=0.15228 lr=9.643e-04 step_time=0.360s steps_per_s=1.887 gpu_mem=0.12GiB peak=3.64GiB
[TRAIN] step=37700 loss=-2.32149 nmse_prop=0.04270 nmse_ls=0.07546 lr=9.643e-04 step_time=0.335s steps_per_s=1.889 gpu_mem=0.12GiB peak=3.64GiB
[TRAIN] step=37800 loss=-2.53109 nmse_prop=0.03701 nmse_ls=0.07830 lr=9.643e-04 step_time=0.310s steps_per_s=1.890 gpu_mem=0.12GiB peak=3.64GiB
[TRAIN] step=37900 loss=-1.66773 nmse_prop=0.07270 nmse_ls=0.21530 lr=9.643e-04 step_time=0.335s steps_per_s=1.892 gpu_mem=0.12GiB peak=3.64GiB
[TRAIN] step=38000 loss=-2.46726 nmse_prop=0.03676 nmse_ls=0.06472 lr=9.643e-04 step_time=166.494s steps_per_s=1.878 gpu_mem=0.12GiB peak=3.64GiB
[TRAIN] saved resumable state at step=38000 reason=periodic: /lustre10/scratch/rsadve1/Extended_UPAIR_Narval_b32m16_portable_underUMI/UMI_training/runs_rx16/seed7/1dmrs/main_d256_b4_r2/checkpoints/training_state/ckpt-38000
[TRAIN] step=38100 loss=-1.71828 nmse_prop=0.07192 nmse_ls=0.14652 lr=9.643e-04 step_time=0.363s steps_per_s=1.879 gpu_mem=0.12GiB peak=3.64GiB
[TRAIN] step=38200 loss=-2.06362 nmse_prop=0.05114 nmse_ls=0.09936 lr=9.643e-04 step_time=0.390s steps_per_s=1.880 gpu_mem=0.12GiB peak=3.64GiB
[TRAIN] step=38300 loss=-1.51427 nmse_prop=0.08788 nmse_ls=0.25510 lr=9.643e-04 step_time=0.360s steps_per_s=1.882 gpu_mem=0.12GiB peak=3.64GiB
[TRAIN] step=38400 loss=-1.71212 nmse_prop=0.07088 nmse_ls=0.15289 lr=9.643e-04 step_time=0.361s steps_per_s=1.883 gpu_mem=0.12GiB peak=3.64GiB
[TRAIN] step=38500 loss=-1.86949 nmse_prop=0.06393 nmse_ls=0.21040 lr=9.643e-04 step_time=0.311s steps_per_s=1.885 gpu_mem=0.12GiB peak=3.64GiB
[TRAIN] step=38600 loss=-1.79568 nmse_prop=0.06476 nmse_ls=0.13882 lr=9.643e-04 step_time=0.373s steps_per_s=1.886 gpu_mem=0.12GiB peak=3.64GiB
[TRAIN] step=38700 loss=-1.66196 nmse_prop=0.07393 nmse_ls=0.17134 lr=9.643e-04 step_time=0.361s steps_per_s=1.888 gpu_mem=0.12GiB peak=3.64GiB
[TRAIN] step=38800 loss=-2.64209 nmse_prop=0.03419 nmse_ls=0.05621 lr=9.643e-04 step_time=0.311s steps_per_s=1.889 gpu_mem=0.12GiB peak=3.64GiB
[TRAIN] step=38900 loss=-1.35756 nmse_prop=0.09633 nmse_ls=0.26980 lr=9.643e-04 step_time=0.364s steps_per_s=1.889 gpu_mem=0.12GiB peak=3.64GiB
[TRAIN] step=39000 loss=-2.62095 nmse_prop=0.03351 nmse_ls=0.04773 lr=9.643e-04 step_time=0.338s steps_per_s=1.890 gpu_mem=0.12GiB peak=3.64GiB
[TRAIN] saved resumable state at step=39000 reason=periodic: /lustre10/scratch/rsadve1/Extended_UPAIR_Narval_b32m16_portable_underUMI/UMI_training/runs_rx16/seed7/1dmrs/main_d256_b4_r2/checkpoints/training_state/ckpt-39000
[TRAIN] step=39100 loss=-2.26181 nmse_prop=0.04317 nmse_ls=0.07358 lr=9.643e-04 step_time=0.359s steps_per_s=1.891 gpu_mem=0.12GiB peak=3.64GiB
[TRAIN] step=39200 loss=-2.20412 nmse_prop=0.04918 nmse_ls=0.09416 lr=9.643e-04 step_time=0.336s steps_per_s=1.892 gpu_mem=0.12GiB peak=3.64GiB
[TRAIN] step=39300 loss=-2.56071 nmse_prop=0.03413 nmse_ls=0.08135 lr=9.643e-04 step_time=0.285s steps_per_s=1.894 gpu_mem=0.12GiB peak=3.64GiB
[TRAIN] step=39400 loss=-2.62029 nmse_prop=0.03149 nmse_ls=0.06957 lr=9.643e-04 step_time=0.310s steps_per_s=1.895 gpu_mem=0.12GiB peak=3.64GiB
[TRAIN] step=39500 loss=-1.78596 nmse_prop=0.06406 nmse_ls=0.15168 lr=9.643e-04 step_time=0.361s steps_per_s=1.897 gpu_mem=0.12GiB peak=3.64GiB
[TRAIN] step=39600 loss=-2.45120 nmse_prop=0.03827 nmse_ls=0.07780 lr=9.643e-04 step_time=0.309s steps_per_s=1.898 gpu_mem=0.12GiB peak=3.64GiB
[TRAIN] step=39700 loss=-2.75892 nmse_prop=0.02746 nmse_ls=0.06017 lr=9.643e-04 step_time=0.309s steps_per_s=1.900 gpu_mem=0.12GiB peak=3.64GiB
[TRAIN] step=39800 loss=-2.84603 nmse_prop=0.02727 nmse_ls=0.04683 lr=9.643e-04 step_time=0.311s steps_per_s=1.901 gpu_mem=0.12GiB peak=3.64GiB
[TRAIN] step=39900 loss=-1.50099 nmse_prop=0.08638 nmse_ls=0.20259 lr=9.643e-04 step_time=0.372s steps_per_s=1.902 gpu_mem=0.12GiB peak=3.64GiB
WARNING:tensorflow:Model's `__init__()` arguments contain non-serializable objects. Please implement a `get_config()` method in the subclassed Model for proper saving and loading. Defaulting to empty config.
WARNING:tensorflow:Model's `__init__()` arguments contain non-serializable objects. Please implement a `get_config()` method in the subclassed Model for proper saving and loading. Defaulting to empty config.
[TRAIN] saved new best weights at step=40000 val_nmse=0.0490766
[TRAIN] step=40000 loss=-1.45988 nmse_prop=0.08832 nmse_ls=0.27606 lr=9.643e-04 step_time=168.009s steps_per_s=1.889 gpu_mem=0.12GiB peak=3.64GiB
[TRAIN] saved resumable state at step=40000 reason=periodic: /lustre10/scratch/rsadve1/Extended_UPAIR_Narval_b32m16_portable_underUMI/UMI_training/runs_rx16/seed7/1dmrs/main_d256_b4_r2/checkpoints/training_state/ckpt-40000
[TRAIN] saved resumable state at step=40000 reason=final: /lustre10/scratch/rsadve1/Extended_UPAIR_Narval_b32m16_portable_underUMI/UMI_training/runs_rx16/seed7/1dmrs/main_d256_b4_r2/checkpoints/training_state/ckpt-40000
[FINAL-TRAIN] COMPLETE main_d256_b4_r2 checkpoint=/lustre10/scratch/rsadve1/Extended_UPAIR_Narval_b32m16_portable_underUMI/UMI_training/runs_rx16/seed7/1dmrs/main_d256_b4_r2/checkpoints/best.weights.h5 sha256=037011b252ffab580bb35fd1464e37ba2b32bd2b90c7249fafd29a67b640b74d
[GUARD] PASS: all 7 trained checkpoints are unchanged.
