[ENV] Reusing portable venv: /home/rsadve1/scratch/.vevn_upair_potable
[ENV] Checking installed package metadata only; TensorFlow/Sionna are not imported here.
[ENV] Python 3.11.5
[ENV] numpy 1.26.4+computecanada
[ENV] pandas 2.2.3+computecanada
[ENV] matplotlib 3.10.0+computecanada
[ENV] PyYAML 6.0.2+computecanada
[ENV] scipy 1.15.1+computecanada
[ENV] tensorflow 2.15.1+computecanada
[ENV] sionna-no-rt 1.2.1
[ENV] optuna 4.8.0+computecanada
[ENV] Skipping TensorFlow/Sionna import check on this node. Set UPAIR_DEEP_IMPORT_CHECK=1 to test imports explicitly.
[ENV] Ready: REPO=/home/rsadve1/scratch/Extended_UPAIR_Narval_b32m16_portable_underUMI
[ENV] Ready: VENV=/home/rsadve1/scratch/.vevn_upair_potable
2026-06-25 23:56:06.875881: E external/local_xla/xla/stream_executor/cuda/cuda_dnn.cc:9261] Unable to register cuDNN factory: Attempting to register factory for plugin cuDNN when one has already been registered
2026-06-25 23:56:06.875977: E external/local_xla/xla/stream_executor/cuda/cuda_fft.cc:607] Unable to register cuFFT factory: Attempting to register factory for plugin cuFFT when one has already been registered
2026-06-25 23:56:06.984860: E external/local_xla/xla/stream_executor/cuda/cuda_blas.cc:1515] Unable to register cuBLAS factory: Attempting to register factory for plugin cuBLAS when one has already been registered
2026-06-25 23:56:58.432304: E external/local_xla/xla/stream_executor/cuda/cuda_dnn.cc:9261] Unable to register cuDNN factory: Attempting to register factory for plugin cuDNN when one has already been registered
2026-06-25 23:56:58.432346: E external/local_xla/xla/stream_executor/cuda/cuda_fft.cc:607] Unable to register cuFFT factory: Attempting to register factory for plugin cuFFT when one has already been registered
2026-06-25 23:56:58.433295: E external/local_xla/xla/stream_executor/cuda/cuda_blas.cc:1515] Unable to register cuBLAS factory: Attempting to register factory for plugin cuBLAS when one has already been registered
[GUARD] PASS: all 7 trained checkpoints are unchanged.
[COMPREHENSIVE] loaded Optuna best JSON for main_d256_b4_r2 from /scratch/rsadve1/Extended_UPAIR_Narval_b32m16_portable_underUMI/optuna/clean_b32_prb8_d256_40k_smart_trueDMRS_u34610_1dmrs_stageB_main_d256_b4_r2_best_params.json
[TRAIN] optimizer lr_schedule=cosine_decay learning_rate=0.000571292 weight_decay=9.65466e-06
[TRAIN] seeds active_seed=7 training_seed=7 evaluation_seed=1007
[TRAIN] starting from scratch
2026-06-25 23:57:54.074327: E tensorflow/core/grappler/optimizers/meta_optimizer.cc:961] layout failed: INVALID_ARGUMENT: Size of values 0 does not match size of permutation 4 @ fanin shape inaxial_block_0/dropout/dropout_2/SelectV2-2-TransposeNHWCToNCHW-LayoutOptimizer
WARNING: All log messages before absl::InitializeLog() is called are written to STDERR
I0000 00:00:1782446277.085301 3658137 device_compiler.h:186] Compiled cluster using XLA!  This line is logged at most once for the lifetime of the process.
[TRAIN] step=00001 loss=-1.58954 nmse_prop=0.06349 nmse_ls=0.06349 lr=5.713e-04 step_time=19.080s steps_per_s=0.052 gpu_mem=0.09GiB peak=7.07GiB
[TRAIN] step=00020 loss=-1.13763 nmse_prop=0.11160 nmse_ls=0.11422 lr=5.634e-04 step_time=6.170s steps_per_s=0.429 gpu_mem=0.15GiB peak=7.17GiB
[TRAIN] step=00040 loss=-0.58671 nmse_prop=0.18275 nmse_ls=0.18741 lr=5.384e-04 step_time=0.474s steps_per_s=0.705 gpu_mem=0.15GiB peak=7.18GiB
[TRAIN] step=00060 loss=-1.86194 nmse_prop=0.04999 nmse_ls=0.04965 lr=4.979e-04 step_time=0.546s steps_per_s=0.896 gpu_mem=0.15GiB peak=7.18GiB
[TRAIN] step=00080 loss=-0.22675 nmse_prop=0.25621 nmse_ls=0.26638 lr=4.445e-04 step_time=0.483s steps_per_s=1.037 gpu_mem=0.15GiB peak=7.18GiB
WARNING:tensorflow:Model's `__init__()` arguments contain non-serializable objects. Please implement a `get_config()` method in the subclassed Model for proper saving and loading. Defaulting to empty config.
WARNING:tensorflow:Model's `__init__()` arguments contain non-serializable objects. Please implement a `get_config()` method in the subclassed Model for proper saving and loading. Defaulting to empty config.
[TRAIN] saved new best weights at step=100 val_nmse=0.0929365
[TRAIN] step=00100 loss=-0.95498 nmse_prop=0.13169 nmse_ls=0.13578 lr=3.815e-04 step_time=30.408s steps_per_s=0.852 gpu_mem=0.16GiB peak=7.18GiB
[TRAIN] saved resumable state at step=100 reason=periodic: /scratch/rsadve1/Extended_UPAIR_Narval_b32m16_portable_underUMI/UMI_training/smoke/seed7/1dmrs/main_d256_b4_r2/checkpoints/training_state/ckpt-100
[TRAIN] step=00120 loss=-1.68917 nmse_prop=0.06035 nmse_ls=0.05983 lr=3.129e-04 step_time=0.462s steps_per_s=0.926 gpu_mem=0.16GiB peak=7.19GiB
[TRAIN] step=00140 loss=-1.85068 nmse_prop=0.05346 nmse_ls=0.05314 lr=2.429e-04 step_time=0.533s steps_per_s=1.004 gpu_mem=0.16GiB peak=7.19GiB
[TRAIN] step=00160 loss=-1.14405 nmse_prop=0.11137 nmse_ls=0.11532 lr=1.760e-04 step_time=0.494s steps_per_s=1.071 gpu_mem=0.16GiB peak=7.19GiB
[TRAIN] step=00180 loss=-1.81036 nmse_prop=0.05504 nmse_ls=0.05481 lr=1.164e-04 step_time=0.466s steps_per_s=1.128 gpu_mem=0.16GiB peak=7.19GiB
[TRAIN] step=00200 loss=-1.53316 nmse_prop=0.07612 nmse_ls=0.07806 lr=6.780e-05 step_time=28.166s steps_per_s=1.013 gpu_mem=0.16GiB peak=7.19GiB
[TRAIN] saved resumable state at step=200 reason=periodic: /scratch/rsadve1/Extended_UPAIR_Narval_b32m16_portable_underUMI/UMI_training/smoke/seed7/1dmrs/main_d256_b4_r2/checkpoints/training_state/ckpt-200
[TRAIN] saved resumable state at step=200 reason=final: /scratch/rsadve1/Extended_UPAIR_Narval_b32m16_portable_underUMI/UMI_training/smoke/seed7/1dmrs/main_d256_b4_r2/checkpoints/training_state/ckpt-200
[SMOKE] PASS main_d256_b4_r2 last_val_nmse=0.0944147
[GUARD] PASS: all 7 trained checkpoints are unchanged.
