[ENV] Reusing portable venv: /home/rsadve1/scratch/.vevn_upair_potable
[ENV] Checking installed package metadata only; TensorFlow/Sionna are not imported here.
[ENV] Python 3.11.5
[ENV] numpy 1.26.4+computecanada
[ENV] pandas 2.2.3+computecanada
[ENV] matplotlib 3.10.0+computecanada
[ENV] PyYAML 6.0.2+computecanada
[ENV] scipy 1.15.1+computecanada
[ENV] tensorflow 2.15.1+computecanada
[ENV] sionna-no-rt 1.2.1
[ENV] optuna 4.8.0+computecanada
[ENV] Skipping TensorFlow/Sionna import check on this node. Set UPAIR_DEEP_IMPORT_CHECK=1 to test imports explicitly.
[ENV] Ready: REPO=/home/rsadve1/scratch/Extended_UPAIR_Narval_b32m16_portable_underUMI
[ENV] Ready: VENV=/home/rsadve1/scratch/.vevn_upair_potable
2026-06-25 23:56:04.696974: E external/local_xla/xla/stream_executor/cuda/cuda_dnn.cc:9261] Unable to register cuDNN factory: Attempting to register factory for plugin cuDNN when one has already been registered
2026-06-25 23:56:04.697013: E external/local_xla/xla/stream_executor/cuda/cuda_fft.cc:607] Unable to register cuFFT factory: Attempting to register factory for plugin cuFFT when one has already been registered
2026-06-25 23:56:04.868706: E external/local_xla/xla/stream_executor/cuda/cuda_blas.cc:1515] Unable to register cuBLAS factory: Attempting to register factory for plugin cuBLAS when one has already been registered
2026-06-25 23:56:54.129052: E external/local_xla/xla/stream_executor/cuda/cuda_dnn.cc:9261] Unable to register cuDNN factory: Attempting to register factory for plugin cuDNN when one has already been registered
2026-06-25 23:56:54.129092: E external/local_xla/xla/stream_executor/cuda/cuda_fft.cc:607] Unable to register cuFFT factory: Attempting to register factory for plugin cuFFT when one has already been registered
2026-06-25 23:56:54.130097: E external/local_xla/xla/stream_executor/cuda/cuda_blas.cc:1515] Unable to register cuBLAS factory: Attempting to register factory for plugin cuBLAS when one has already been registered
[GUARD] PASS: all 7 trained checkpoints are unchanged.
[COMPREHENSIVE] loaded Optuna best JSON for narrow_d192_b4_r2 from /scratch/rsadve1/Extended_UPAIR_Narval_b32m16_portable_underUMI/optuna/clean_b32_prb8_d256_40k_smart_trueDMRS_u34610_1dmrs_stageB_narrow_d192_b4_r2_best_params.json
[TRAIN] optimizer lr_schedule=constant learning_rate=0.000872209 weight_decay=2.3639e-06
[TRAIN] seeds active_seed=7 training_seed=7 evaluation_seed=1007
[TRAIN] starting from scratch
2026-06-25 23:57:45.237559: E tensorflow/core/grappler/optimizers/meta_optimizer.cc:961] layout failed: INVALID_ARGUMENT: Size of values 0 does not match size of permutation 4 @ fanin shape inaxial_block_0/dropout/dropout_2/SelectV2-2-TransposeNHWCToNCHW-LayoutOptimizer
WARNING: All log messages before absl::InitializeLog() is called are written to STDERR
I0000 00:00:1782446267.725841 1560930 device_compiler.h:186] Compiled cluster using XLA!  This line is logged at most once for the lifetime of the process.
[TRAIN] step=00001 loss=-1.59656 nmse_prop=0.06349 nmse_ls=0.06349 lr=8.722e-04 step_time=16.293s steps_per_s=0.061 gpu_mem=0.07GiB peak=5.49GiB
[TRAIN] step=00020 loss=-1.14902 nmse_prop=0.11156 nmse_ls=0.11422 lr=8.722e-04 step_time=5.375s steps_per_s=0.493 gpu_mem=0.13GiB peak=5.59GiB
[TRAIN] step=00040 loss=-0.62239 nmse_prop=0.18137 nmse_ls=0.18741 lr=8.722e-04 step_time=0.447s steps_per_s=0.804 gpu_mem=0.13GiB peak=5.61GiB
[TRAIN] step=00060 loss=-1.83910 nmse_prop=0.05109 nmse_ls=0.04965 lr=8.722e-04 step_time=0.466s steps_per_s=1.020 gpu_mem=0.13GiB peak=5.61GiB
[TRAIN] step=00080 loss=-0.28273 nmse_prop=0.25162 nmse_ls=0.26638 lr=8.722e-04 step_time=0.442s steps_per_s=1.178 gpu_mem=0.13GiB peak=5.61GiB
WARNING:tensorflow:Model's `__init__()` arguments contain non-serializable objects. Please implement a `get_config()` method in the subclassed Model for proper saving and loading. Defaulting to empty config.
WARNING:tensorflow:Model's `__init__()` arguments contain non-serializable objects. Please implement a `get_config()` method in the subclassed Model for proper saving and loading. Defaulting to empty config.
[TRAIN] saved new best weights at step=100 val_nmse=0.0930425
[TRAIN] step=00100 loss=-0.98597 nmse_prop=0.12990 nmse_ls=0.13578 lr=8.722e-04 step_time=25.325s steps_per_s=0.982 gpu_mem=0.14GiB peak=5.61GiB
[TRAIN] saved resumable state at step=100 reason=periodic: /scratch/rsadve1/Extended_UPAIR_Narval_b32m16_portable_underUMI/UMI_training/smoke/seed7/1dmrs/narrow_d192_b4_r2/checkpoints/training_state/ckpt-100
[TRAIN] step=00120 loss=-1.60191 nmse_prop=0.06138 nmse_ls=0.05983 lr=8.722e-04 step_time=0.432s steps_per_s=1.054 gpu_mem=0.14GiB peak=5.61GiB
[TRAIN] step=00140 loss=-1.70086 nmse_prop=0.05488 nmse_ls=0.05314 lr=8.722e-04 step_time=0.474s steps_per_s=1.141 gpu_mem=0.14GiB peak=5.61GiB
[TRAIN] step=00160 loss=-1.15571 nmse_prop=0.11100 nmse_ls=0.11532 lr=8.722e-04 step_time=0.445s steps_per_s=1.215 gpu_mem=0.14GiB peak=5.61GiB
[TRAIN] step=00180 loss=-1.74334 nmse_prop=0.05621 nmse_ls=0.05481 lr=8.722e-04 step_time=0.424s steps_per_s=1.279 gpu_mem=0.14GiB peak=5.61GiB
[TRAIN] step=00200 loss=-1.55817 nmse_prop=0.07616 nmse_ls=0.07806 lr=8.722e-04 step_time=22.141s steps_per_s=1.166 gpu_mem=0.14GiB peak=5.61GiB
[TRAIN] saved resumable state at step=200 reason=periodic: /scratch/rsadve1/Extended_UPAIR_Narval_b32m16_portable_underUMI/UMI_training/smoke/seed7/1dmrs/narrow_d192_b4_r2/checkpoints/training_state/ckpt-200
[TRAIN] saved resumable state at step=200 reason=final: /scratch/rsadve1/Extended_UPAIR_Narval_b32m16_portable_underUMI/UMI_training/smoke/seed7/1dmrs/narrow_d192_b4_r2/checkpoints/training_state/ckpt-200
[SMOKE] PASS narrow_d192_b4_r2 last_val_nmse=0.0939494
[GUARD] PASS: all 7 trained checkpoints are unchanged.
