[ENV] Reusing portable venv: /home/rsadve1/scratch/.vevn_upair_potable
[ENV] Checking installed package metadata only; TensorFlow/Sionna are not imported here.
[ENV] Python 3.11.5
[ENV] numpy 1.26.4+computecanada
[ENV] pandas 2.2.3+computecanada
[ENV] matplotlib 3.10.0+computecanada
[ENV] PyYAML 6.0.2+computecanada
[ENV] scipy 1.15.1+computecanada
[ENV] tensorflow 2.15.1+computecanada
[ENV] sionna-no-rt 1.2.1
[ENV] optuna 4.8.0+computecanada
[ENV] Skipping TensorFlow/Sionna import check on this node. Set UPAIR_DEEP_IMPORT_CHECK=1 to test imports explicitly.
[ENV] Ready: REPO=/home/rsadve1/scratch/Extended_UPAIR_Narval_b32m16_portable_underUMI
[ENV] Ready: VENV=/home/rsadve1/scratch/.vevn_upair_potable
2026-06-25 23:56:04.772773: E external/local_xla/xla/stream_executor/cuda/cuda_dnn.cc:9261] Unable to register cuDNN factory: Attempting to register factory for plugin cuDNN when one has already been registered
2026-06-25 23:56:04.772806: E external/local_xla/xla/stream_executor/cuda/cuda_fft.cc:607] Unable to register cuFFT factory: Attempting to register factory for plugin cuFFT when one has already been registered
2026-06-25 23:56:04.973397: E external/local_xla/xla/stream_executor/cuda/cuda_blas.cc:1515] Unable to register cuBLAS factory: Attempting to register factory for plugin cuBLAS when one has already been registered
2026-06-25 23:56:51.338546: E external/local_xla/xla/stream_executor/cuda/cuda_dnn.cc:9261] Unable to register cuDNN factory: Attempting to register factory for plugin cuDNN when one has already been registered
2026-06-25 23:56:51.338577: E external/local_xla/xla/stream_executor/cuda/cuda_fft.cc:607] Unable to register cuFFT factory: Attempting to register factory for plugin cuFFT when one has already been registered
2026-06-25 23:56:51.339645: E external/local_xla/xla/stream_executor/cuda/cuda_blas.cc:1515] Unable to register cuBLAS factory: Attempting to register factory for plugin cuBLAS when one has already been registered
[GUARD] PASS: all 7 trained checkpoints are unchanged.
[COMPREHENSIVE] loaded Optuna best JSON for shallow_d256_b2_r2 from /scratch/rsadve1/Extended_UPAIR_Narval_b32m16_portable_underUMI/optuna/clean_b32_prb8_d256_40k_smart_trueDMRS_u34610_1dmrs_stageB_shallow_d256_b2_r2_best_params.json
[TRAIN] optimizer lr_schedule=polynomial_decay learning_rate=0.000985301 weight_decay=5.38901e-07
[TRAIN] seeds active_seed=7 training_seed=7 evaluation_seed=1007
[TRAIN] starting from scratch
2026-06-25 23:57:36.164042: E tensorflow/core/grappler/optimizers/meta_optimizer.cc:961] layout failed: INVALID_ARGUMENT: Size of values 0 does not match size of permutation 4 @ fanin shape inaxial_block_0/dropout/dropout_2/SelectV2-2-TransposeNHWCToNCHW-LayoutOptimizer
WARNING: All log messages before absl::InitializeLog() is called are written to STDERR
I0000 00:00:1782446258.047405  373385 device_compiler.h:186] Compiled cluster using XLA!  This line is logged at most once for the lifetime of the process.
[TRAIN] step=00001 loss=-1.60208 nmse_prop=0.06349 nmse_ls=0.06349 lr=9.853e-04 step_time=10.236s steps_per_s=0.098 gpu_mem=0.06GiB peak=3.63GiB
[TRAIN] step=00020 loss=-1.17216 nmse_prop=0.11023 nmse_ls=0.11422 lr=8.673e-04 step_time=3.361s steps_per_s=0.729 gpu_mem=0.12GiB peak=3.73GiB
[TRAIN] step=00040 loss=-0.64950 nmse_prop=0.17886 nmse_ls=0.18741 lr=7.495e-04 step_time=0.422s steps_per_s=1.107 gpu_mem=0.12GiB peak=3.75GiB
[TRAIN] step=00060 loss=-1.84973 nmse_prop=0.05059 nmse_ls=0.04965 lr=6.388e-04 step_time=0.450s steps_per_s=1.342 gpu_mem=0.12GiB peak=3.75GiB
[TRAIN] step=00080 loss=-0.32283 nmse_prop=0.24781 nmse_ls=0.26638 lr=5.356e-04 step_time=0.421s steps_per_s=1.501 gpu_mem=0.12GiB peak=3.75GiB
WARNING:tensorflow:Model's `__init__()` arguments contain non-serializable objects. Please implement a `get_config()` method in the subclassed Model for proper saving and loading. Defaulting to empty config.
WARNING:tensorflow:Model's `__init__()` arguments contain non-serializable objects. Please implement a `get_config()` method in the subclassed Model for proper saving and loading. Defaulting to empty config.
[TRAIN] saved new best weights at step=100 val_nmse=0.0917166
[TRAIN] step=00100 loss=-1.00994 nmse_prop=0.12832 nmse_ls=0.13578 lr=4.405e-04 step_time=18.238s steps_per_s=1.254 gpu_mem=0.12GiB peak=3.75GiB
[TRAIN] saved resumable state at step=100 reason=periodic: /scratch/rsadve1/Extended_UPAIR_Narval_b32m16_portable_underUMI/UMI_training/smoke/seed7/1dmrs/shallow_d256_b2_r2/checkpoints/training_state/ckpt-100
[TRAIN] step=00120 loss=-1.70479 nmse_prop=0.06117 nmse_ls=0.05983 lr=3.544e-04 step_time=0.390s steps_per_s=1.340 gpu_mem=0.12GiB peak=3.75GiB
[TRAIN] step=00140 loss=-1.83447 nmse_prop=0.05459 nmse_ls=0.05314 lr=2.783e-04 step_time=0.445s steps_per_s=1.432 gpu_mem=0.12GiB peak=3.75GiB
[TRAIN] step=00160 loss=-1.18468 nmse_prop=0.10955 nmse_ls=0.11532 lr=2.137e-04 step_time=0.430s steps_per_s=1.505 gpu_mem=0.12GiB peak=3.75GiB
[TRAIN] step=00180 loss=-1.77378 nmse_prop=0.05563 nmse_ls=0.05481 lr=1.634e-04 step_time=0.398s steps_per_s=1.567 gpu_mem=0.12GiB peak=3.75GiB
[TRAIN] step=00200 loss=-1.56075 nmse_prop=0.07542 nmse_ls=0.07806 lr=1.344e-04 step_time=16.047s steps_per_s=1.437 gpu_mem=0.13GiB peak=3.75GiB
[TRAIN] saved resumable state at step=200 reason=periodic: /scratch/rsadve1/Extended_UPAIR_Narval_b32m16_portable_underUMI/UMI_training/smoke/seed7/1dmrs/shallow_d256_b2_r2/checkpoints/training_state/ckpt-200
[TRAIN] saved resumable state at step=200 reason=final: /scratch/rsadve1/Extended_UPAIR_Narval_b32m16_portable_underUMI/UMI_training/smoke/seed7/1dmrs/shallow_d256_b2_r2/checkpoints/training_state/ckpt-200
[SMOKE] PASS shallow_d256_b2_r2 last_val_nmse=0.0931105
[GUARD] PASS: all 7 trained checkpoints are unchanged.
