[ENV] Reusing portable venv: /home/rsadve1/links/scratch/.vevn_upair_potable
[ENV] Checking installed package metadata only; TensorFlow/Sionna are not imported here.
[ENV] Python 3.11.5
[ENV] numpy 1.26.4+computecanada
[ENV] pandas 2.2.3+computecanada
[ENV] matplotlib 3.10.0+computecanada
[ENV] PyYAML 6.0.2+computecanada
[ENV] scipy 1.15.1+computecanada
[ENV] tensorflow 2.15.1+computecanada
[ENV] sionna-no-rt 1.2.1
[ENV] optuna 4.8.0+computecanada
[ENV] Skipping TensorFlow/Sionna import check on this node. Set UPAIR_DEEP_IMPORT_CHECK=1 to test imports explicitly.
[ENV] Ready: REPO=/home/rsadve1/links/scratch/Extended_UPAIR_Narval_b32m16_portable_underUMI
[ENV] Ready: VENV=/home/rsadve1/links/scratch/.vevn_upair_potable
[GPUCHECK] host=rg21807
[GPUCHECK] CUDA_VISIBLE_DEVICES=0
GPU 0: NVIDIA H100 80GB HBM3 (UUID: GPU-62d0db78-1247-9eb5-d544-d31a4997fa7d)
Thu Jul  2 10:44:00 2026       
+-----------------------------------------------------------------------------------------+
| NVIDIA-SMI 580.159.04             Driver Version: 580.159.04     CUDA Version: 13.0     |
+-----------------------------------------+------------------------+----------------------+
| GPU  Name                 Persistence-M | Bus-Id          Disp.A | Volatile Uncorr. ECC |
| Fan  Temp   Perf          Pwr:Usage/Cap |           Memory-Usage | GPU-Util  Compute M. |
|                                         |                        |               MIG M. |
|=========================================+========================+======================|
|   0  NVIDIA H100 80GB HBM3          Off |   00000000:CB:00.0 Off |                    0 |
| N/A   44C    P0             78W /  700W |       0MiB /  81559MiB |      0%      Default |
|                                         |                        |             Disabled |
+-----------------------------------------+------------------------+----------------------+

+-----------------------------------------------------------------------------------------+
| Processes:                                                                              |
|  GPU   GI   CI              PID   Type   Process name                        GPU Memory |
|        ID   ID                                                               Usage      |
|=========================================================================================|
|  No running processes found                                                             |
+-----------------------------------------------------------------------------------------+
2026-07-02 10:44:09.327521: E external/local_xla/xla/stream_executor/cuda/cuda_dnn.cc:9261] Unable to register cuDNN factory: Attempting to register factory for plugin cuDNN when one has already been registered
2026-07-02 10:44:09.328082: E external/local_xla/xla/stream_executor/cuda/cuda_fft.cc:607] Unable to register cuFFT factory: Attempting to register factory for plugin cuFFT when one has already been registered
2026-07-02 10:44:09.409479: E external/local_xla/xla/stream_executor/cuda/cuda_blas.cc:1515] Unable to register cuBLAS factory: Attempting to register factory for plugin cuBLAS when one has already been registered
[GPUCHECK] CUDA_VISIBLE_DEVICES = 0
[GPUCHECK] tf_gpus = [PhysicalDevice(name='/physical_device:GPU:0', device_type='GPU')]
[GPUCHECK] matmul_sum = 33476894.0
[GPUCHECK] sionna_seed_ok = 0.9606213569641113
[GPUCHECK] PASS
2026-07-02 10:44:22.902019: E external/local_xla/xla/stream_executor/cuda/cuda_dnn.cc:9261] Unable to register cuDNN factory: Attempting to register factory for plugin cuDNN when one has already been registered
2026-07-02 10:44:22.902080: E external/local_xla/xla/stream_executor/cuda/cuda_fft.cc:607] Unable to register cuFFT factory: Attempting to register factory for plugin cuFFT when one has already been registered
2026-07-02 10:44:22.903421: E external/local_xla/xla/stream_executor/cuda/cuda_blas.cc:1515] Unable to register cuBLAS factory: Attempting to register factory for plugin cuBLAS when one has already been registered
2026-07-02 10:44:26.369381: E external/local_xla/xla/stream_executor/cuda/cuda_dnn.cc:9261] Unable to register cuDNN factory: Attempting to register factory for plugin cuDNN when one has already been registered
2026-07-02 10:44:26.369456: E external/local_xla/xla/stream_executor/cuda/cuda_fft.cc:607] Unable to register cuFFT factory: Attempting to register factory for plugin cuFFT when one has already been registered
2026-07-02 10:44:26.370778: E external/local_xla/xla/stream_executor/cuda/cuda_blas.cc:1515] Unable to register cuBLAS factory: Attempting to register factory for plugin cuBLAS when one has already been registered
[GUARD] PASS: all 7 trained checkpoints are unchanged.
[I 2026-07-02 10:44:32,958] A new study created in RDB with name: umiNorm_v1_b32_prb8_u34610_1dmrs_stageB_wide_d320_b4_r2
[PREPARE] stage=B variant=wide_d320_b4_r2 study=umiNorm_v1_b32_prb8_u34610_1dmrs_stageB_wide_d320_b4_r2 storage=sqlite:////lustre10/scratch/rsadve1/Extended_UPAIR_Narval_b32m16_portable_underUMI/UMI_training/optuna_db/umiNorm_v1_b32_prb8_u34610_1dmrs_stageB_wide_d320_b4_r2.db
/home/rsadve1/links/scratch/.vevn_upair_potable/lib/python3.11/site-packages/optuna/_experimental.py:33: ExperimentalWarning: Argument ``multivariate`` is an experimental feature. The interface can change in the future.
  optuna_warn(
/home/rsadve1/links/scratch/.vevn_upair_potable/lib/python3.11/site-packages/optuna/_experimental.py:33: ExperimentalWarning: Argument ``group`` is an experimental feature. The interface can change in the future.
  optuna_warn(
[I 2026-07-02 10:44:34,028] Using an existing study with name 'umiNorm_v1_b32_prb8_u34610_1dmrs_stageB_wide_d320_b4_r2' instead of creating a new one.
[OPTUNA] loaded 6 candidates from source study=umiNorm_v1_b32_prb8_u34610_1dmrs_stageA_wide_d320_b4_r2
[OPTUNA] enqueued stage=B source_rank=1 params={'learning_rate': 0.0009643418646698049, 'grad_clip_norm': 0.5, 'nmse_loss_weight': 0.16251789877216094, 'learning_rate_schedule': 'constant', 'residual_scale': 0.22990166745555007, 'weight_decay': 1.2083509754787337e-07, 'dropout': 0.10909540498640775}
[OPTUNA] enqueued stage=B source_rank=2 params={'learning_rate': 0.0008788509854471044, 'nmse_loss_weight': 0.31622756612199476, 'learning_rate_polynomial_power': 1.8150943967789455, 'grad_clip_norm': 0.5, 'learning_rate_decay_fraction': 1.25, 'learning_rate_schedule': 'polynomial_decay', 'residual_scale': 0.5875250819591711, 'learning_rate_final_fraction': 0.02988330276131284, 'weight_decay': 8.507887091089711e-06, 'dropout': 0.029975724725883654}
[OPTUNA] enqueued stage=B source_rank=3 params={'learning_rate': 0.0008750519993093886, 'nmse_loss_weight': 0.0643864199362532, 'learning_rate_polynomial_power': 1.660055250588681, 'grad_clip_norm': 0.5, 'learning_rate_decay_fraction': 1.25, 'learning_rate_schedule': 'polynomial_decay', 'residual_scale': 0.5882632740021015, 'learning_rate_final_fraction': 0.04207132643385709, 'weight_decay': 8.74508633569595e-06, 'dropout': 0.007330371807527297}
[OPTUNA] enqueued stage=B source_rank=4 params={'learning_rate': 0.0011194142556839183, 'nmse_loss_weight': 0.06523425274380522, 'learning_rate_polynomial_power': 1.5259288638269477, 'grad_clip_norm': 0.5, 'learning_rate_decay_fraction': 1.25, 'learning_rate_schedule': 'polynomial_decay', 'residual_scale': 0.6639079530952303, 'learning_rate_final_fraction': 0.03995121225244404, 'weight_decay': 5.778735770825256e-06, 'dropout': 0.007700648798378345}
[OPTUNA] enqueued stage=B source_rank=5 params={'learning_rate': 0.0004568972058255479, 'nmse_loss_weight': 0.05813033561196787, 'grad_clip_norm': 0.5, 'learning_rate_decay_fraction': 0.75, 'learning_rate_schedule': 'cosine_decay', 'residual_scale': 0.6548860289390384, 'learning_rate_final_fraction': 0.02308016679308127, 'weight_decay': 9.040091747332144e-06, 'dropout': 0.05667887955460827}
[OPTUNA] enqueued stage=B source_rank=6 params={'learning_rate': 0.0004983159357242532, 'nmse_loss_weight': 0.12243400701824686, 'grad_clip_norm': 1.0, 'learning_rate_decay_fraction': 0.75, 'learning_rate_schedule': 'cosine_decay', 'residual_scale': 0.3228873595847961, 'learning_rate_final_fraction': 0.012154545064008537, 'weight_decay': 7.693520676908999e-07, 'dropout': 0.007912361628708613}
[OPTUNA-ISO] resume_state stage=B completed_trials=0 pruned_trials=0 finished_trials=0 failed_trials=0 nonfailed_trials=6 n_trials_request=6 max_attempts=6 target_total_trials=6 attempts_to_run=6 steps=12000 trial_process_isolation=1
[OPTUNA-ISO] starting stage=B trial=0 trial_id=1 params={'batch_size_train': 8, 'batch_size_eval': 8, 'learning_rate_schedule': 'constant', 'learning_rate': 0.0009643418646698049, 'learning_rate_decay_fraction': 1.0, 'learning_rate_final_fraction': 0.05, 'learning_rate_polynomial_power': 1.0, 'weight_decay': 1.2083509754787337e-07, 'nmse_loss_weight': 0.16251789877216094, 'grad_clip_norm': 0.5, 'dropout': 0.10909540498640775, 'residual_scale': 0.22990166745555007}
[OPTUNA-ISO] launching worker trial=0 pid=<pending> params={'batch_size_train': 8, 'batch_size_eval': 8, 'learning_rate_schedule': 'constant', 'learning_rate': 0.0009643418646698049, 'learning_rate_decay_fraction': 1.0, 'learning_rate_final_fraction': 0.05, 'learning_rate_polynomial_power': 1.0, 'weight_decay': 1.2083509754787337e-07, 'nmse_loss_weight': 0.16251789877216094, 'grad_clip_norm': 0.5, 'dropout': 0.10909540498640775, 'residual_scale': 0.22990166745555007}
2026-07-02 10:44:36.624556: E external/local_xla/xla/stream_executor/cuda/cuda_dnn.cc:9261] Unable to register cuDNN factory: Attempting to register factory for plugin cuDNN when one has already been registered
2026-07-02 10:44:36.624614: E external/local_xla/xla/stream_executor/cuda/cuda_fft.cc:607] Unable to register cuFFT factory: Attempting to register factory for plugin cuFFT when one has already been registered
2026-07-02 10:44:36.625930: E external/local_xla/xla/stream_executor/cuda/cuda_blas.cc:1515] Unable to register cuBLAS factory: Attempting to register factory for plugin cuBLAS when one has already been registered
[OPTUNA-WORKER] start trial=0 pid=1138022 TF_GPU_ALLOCATOR=cuda_malloc_async TF_FORCE_GPU_ALLOW_GROWTH=true
[OPTUNA-WORKER] visible_gpus=[PhysicalDevice(name='/physical_device:GPU:0', device_type='GPU')]
[TRAIN] optimizer lr_schedule=constant learning_rate=0.000964342 weight_decay=1.20835e-07
[TRAIN] seeds active_seed=7 training_seed=7 evaluation_seed=1007
[TRAIN] starting from scratch
2026-07-02 10:45:22.353668: E tensorflow/core/grappler/optimizers/meta_optimizer.cc:961] layout failed: INVALID_ARGUMENT: Size of values 0 does not match size of permutation 4 @ fanin shape inaxial_block_0/dropout/dropout_2/SelectV2-2-TransposeNHWCToNCHW-LayoutOptimizer
WARNING: All log messages before absl::InitializeLog() is called are written to STDERR
I0000 00:00:1783003529.671666 1138066 device_compiler.h:186] Compiled cluster using XLA!  This line is logged at most once for the lifetime of the process.
[TRAIN] step=00001 loss=-0.22069 nmse_prop=0.11765 nmse_ls=0.11765 lr=9.643e-04 step_time=25.481s steps_per_s=0.039 gpu_mem=0.10GiB peak=2.25GiB
[TRAIN] step=00100 loss=-0.98777 nmse_prop=0.13302 nmse_ls=0.13593 lr=9.643e-04 step_time=0.357s steps_per_s=1.195 gpu_mem=0.12GiB peak=2.28GiB
[TRAIN] step=00200 loss=-0.98995 nmse_prop=0.11403 nmse_ls=0.11453 lr=9.643e-04 step_time=0.359s steps_per_s=1.639 gpu_mem=0.12GiB peak=2.28GiB
[TRAIN] step=00300 loss=-0.45378 nmse_prop=0.21572 nmse_ls=0.22760 lr=9.643e-04 step_time=0.357s steps_per_s=1.867 gpu_mem=0.12GiB peak=2.28GiB
[TRAIN] step=00400 loss=-1.42349 nmse_prop=0.08682 nmse_ls=0.09023 lr=9.643e-04 step_time=0.360s steps_per_s=2.004 gpu_mem=0.12GiB peak=2.28GiB
[TRAIN] step=00500 loss=-1.64807 nmse_prop=0.06958 nmse_ls=0.07026 lr=9.643e-04 step_time=0.332s steps_per_s=2.097 gpu_mem=0.12GiB peak=2.28GiB
[TRAIN] step=00600 loss=-0.94377 nmse_prop=0.13808 nmse_ls=0.14501 lr=9.643e-04 step_time=0.333s steps_per_s=2.165 gpu_mem=0.12GiB peak=2.28GiB
[TRAIN] step=00700 loss=-0.38424 nmse_prop=0.23912 nmse_ls=0.26849 lr=9.643e-04 step_time=0.333s steps_per_s=2.217 gpu_mem=0.12GiB peak=2.28GiB
[TRAIN] step=00800 loss=-1.52094 nmse_prop=0.08133 nmse_ls=0.08376 lr=9.643e-04 step_time=0.333s steps_per_s=2.256 gpu_mem=0.12GiB peak=2.28GiB
[TRAIN] step=00900 loss=-1.37902 nmse_prop=0.07652 nmse_ls=0.07482 lr=9.643e-04 step_time=0.358s steps_per_s=2.288 gpu_mem=0.12GiB peak=2.28GiB
WARNING:tensorflow:Model's `__init__()` arguments contain non-serializable objects. Please implement a `get_config()` method in the subclassed Model for proper saving and loading. Defaulting to empty config.
WARNING:tensorflow:Model's `__init__()` arguments contain non-serializable objects. Please implement a `get_config()` method in the subclassed Model for proper saving and loading. Defaulting to empty config.
[TRAIN] saved new best weights at step=1000 val_nmse=0.10146
[TRAIN] step=01000 loss=-0.70680 nmse_prop=0.17212 nmse_ls=0.21171 lr=9.643e-04 step_time=169.940s steps_per_s=1.662 gpu_mem=0.12GiB peak=2.28GiB
[TRAIN] saved resumable state at step=1000 reason=periodic: /lustre10/scratch/rsadve1/Extended_UPAIR_Narval_b32m16_portable_underUMI/optuna/runs_1dmrs/umiNorm_v1_b32_prb8_u34610_1dmrs_stageB_wide_d320_b4_r2/wide_d320_b4_r2_trial_0000/checkpoints/training_state/ckpt-1000
[OPTUNA-WORKER] trial=0 report step=1000 value=-0.99926556
[TRAIN] step=01100 loss=-0.54343 nmse_prop=0.20400 nmse_ls=0.23057 lr=9.643e-04 step_time=0.358s steps_per_s=1.713 gpu_mem=0.12GiB peak=2.28GiB
[TRAIN] step=01200 loss=-1.77557 nmse_prop=0.06225 nmse_ls=0.06123 lr=9.643e-04 step_time=0.356s steps_per_s=1.760 gpu_mem=0.12GiB peak=2.28GiB
[TRAIN] step=01300 loss=-0.79827 nmse_prop=0.16169 nmse_ls=0.18827 lr=9.643e-04 step_time=0.309s steps_per_s=1.802 gpu_mem=0.12GiB peak=2.28GiB
[TRAIN] step=01400 loss=-1.89259 nmse_prop=0.05799 nmse_ls=0.05740 lr=9.643e-04 step_time=0.334s steps_per_s=1.839 gpu_mem=0.12GiB peak=2.28GiB
[TRAIN] step=01500 loss=-1.37043 nmse_prop=0.09384 nmse_ls=0.09927 lr=9.643e-04 step_time=0.334s steps_per_s=1.873 gpu_mem=0.12GiB peak=2.28GiB
[TRAIN] step=01600 loss=-0.52214 nmse_prop=0.21006 nmse_ls=0.25736 lr=9.643e-04 step_time=0.359s steps_per_s=1.904 gpu_mem=0.12GiB peak=2.28GiB
[TRAIN] step=01700 loss=-1.03633 nmse_prop=0.12874 nmse_ls=0.15556 lr=9.643e-04 step_time=0.334s steps_per_s=1.932 gpu_mem=0.12GiB peak=2.28GiB
[TRAIN] step=01800 loss=-0.81519 nmse_prop=0.15960 nmse_ls=0.19522 lr=9.643e-04 step_time=0.358s steps_per_s=1.957 gpu_mem=0.12GiB peak=2.28GiB
[TRAIN] step=01900 loss=-0.61865 nmse_prop=0.19177 nmse_ls=0.26039 lr=9.643e-04 step_time=0.333s steps_per_s=1.980 gpu_mem=0.12GiB peak=2.28GiB
WARNING:tensorflow:Model's `__init__()` arguments contain non-serializable objects. Please implement a `get_config()` method in the subclassed Model for proper saving and loading. Defaulting to empty config.
WARNING:tensorflow:Model's `__init__()` arguments contain non-serializable objects. Please implement a `get_config()` method in the subclassed Model for proper saving and loading. Defaulting to empty config.
[TRAIN] saved new best weights at step=2000 val_nmse=0.0918888
[TRAIN] step=02000 loss=-0.88803 nmse_prop=0.14887 nmse_ls=0.18992 lr=9.643e-04 step_time=165.843s steps_per_s=1.718 gpu_mem=0.12GiB peak=2.28GiB
[TRAIN] saved resumable state at step=2000 reason=periodic: /lustre10/scratch/rsadve1/Extended_UPAIR_Narval_b32m16_portable_underUMI/optuna/runs_1dmrs/umiNorm_v1_b32_prb8_u34610_1dmrs_stageB_wide_d320_b4_r2/wide_d320_b4_r2_trial_0000/checkpoints/training_state/ckpt-2000
[OPTUNA-WORKER] trial=0 report step=2000 value=-1.0271315
[TRAIN] step=02100 loss=-1.10681 nmse_prop=0.12280 nmse_ls=0.14761 lr=9.643e-04 step_time=0.357s steps_per_s=1.743 gpu_mem=0.12GiB peak=2.28GiB
[TRAIN] step=02200 loss=-0.63970 nmse_prop=0.18975 nmse_ls=0.24460 lr=9.643e-04 step_time=0.360s steps_per_s=1.768 gpu_mem=0.12GiB peak=2.28GiB
[TRAIN] step=02300 loss=-1.70580 nmse_prop=0.06846 nmse_ls=0.07815 lr=9.643e-04 step_time=0.335s steps_per_s=1.791 gpu_mem=0.12GiB peak=2.28GiB
[TRAIN] step=02400 loss=-0.74106 nmse_prop=0.17271 nmse_ls=0.23457 lr=9.643e-04 step_time=0.359s steps_per_s=1.813 gpu_mem=0.12GiB peak=2.28GiB
[TRAIN] step=02500 loss=-1.23028 nmse_prop=0.10844 nmse_ls=0.14557 lr=9.643e-04 step_time=0.334s steps_per_s=1.834 gpu_mem=0.12GiB peak=2.28GiB
[TRAIN] step=02600 loss=-1.15138 nmse_prop=0.11521 nmse_ls=0.15107 lr=9.643e-04 step_time=0.359s steps_per_s=1.853 gpu_mem=0.12GiB peak=2.28GiB
[TRAIN] step=02700 loss=-1.26089 nmse_prop=0.10534 nmse_ls=0.14693 lr=9.643e-04 step_time=0.334s steps_per_s=1.871 gpu_mem=0.12GiB peak=2.28GiB
[TRAIN] step=02800 loss=-1.07203 nmse_prop=0.12290 nmse_ls=0.21467 lr=9.643e-04 step_time=0.311s steps_per_s=1.889 gpu_mem=0.12GiB peak=2.28GiB
[TRAIN] step=02900 loss=-1.69117 nmse_prop=0.06945 nmse_ls=0.08888 lr=9.643e-04 step_time=0.337s steps_per_s=1.905 gpu_mem=0.12GiB peak=2.28GiB
WARNING:tensorflow:Model's `__init__()` arguments contain non-serializable objects. Please implement a `get_config()` method in the subclassed Model for proper saving and loading. Defaulting to empty config.
WARNING:tensorflow:Model's `__init__()` arguments contain non-serializable objects. Please implement a `get_config()` method in the subclassed Model for proper saving and loading. Defaulting to empty config.
[TRAIN] saved new best weights at step=3000 val_nmse=0.0861195
[TRAIN] step=03000 loss=-0.79183 nmse_prop=0.16333 nmse_ls=0.24939 lr=9.643e-04 step_time=166.654s steps_per_s=1.736 gpu_mem=0.12GiB peak=2.28GiB
[TRAIN] saved resumable state at step=3000 reason=periodic: /lustre10/scratch/rsadve1/Extended_UPAIR_Narval_b32m16_portable_underUMI/optuna/runs_1dmrs/umiNorm_v1_b32_prb8_u34610_1dmrs_stageB_wide_d320_b4_r2/wide_d320_b4_r2_trial_0000/checkpoints/training_state/ckpt-3000
[OPTUNA-WORKER] trial=0 report step=3000 value=-1.0486995
[TRAIN] step=03100 loss=-1.06031 nmse_prop=0.12596 nmse_ls=0.20745 lr=9.643e-04 step_time=0.336s steps_per_s=1.752 gpu_mem=0.12GiB peak=2.28GiB
[TRAIN] step=03200 loss=-1.90450 nmse_prop=0.05703 nmse_ls=0.06803 lr=9.643e-04 step_time=0.361s steps_per_s=1.769 gpu_mem=0.12GiB peak=2.28GiB
[TRAIN] step=03300 loss=-0.86794 nmse_prop=0.15277 nmse_ls=0.22895 lr=9.643e-04 step_time=0.360s steps_per_s=1.786 gpu_mem=0.12GiB peak=2.28GiB
[TRAIN] step=03400 loss=-2.14577 nmse_prop=0.04507 nmse_ls=0.04736 lr=9.643e-04 step_time=0.360s steps_per_s=1.801 gpu_mem=0.12GiB peak=2.28GiB
[TRAIN] step=03500 loss=-1.80177 nmse_prop=0.06373 nmse_ls=0.07800 lr=9.643e-04 step_time=0.361s steps_per_s=1.816 gpu_mem=0.12GiB peak=2.28GiB
[TRAIN] step=03600 loss=-1.62882 nmse_prop=0.07276 nmse_ls=0.09850 lr=9.643e-04 step_time=0.362s steps_per_s=1.830 gpu_mem=0.12GiB peak=2.28GiB
[TRAIN] step=03700 loss=-0.87165 nmse_prop=0.15062 nmse_ls=0.22301 lr=9.643e-04 step_time=0.361s steps_per_s=1.844 gpu_mem=0.12GiB peak=2.28GiB
[TRAIN] step=03800 loss=-1.42361 nmse_prop=0.09026 nmse_ls=0.13042 lr=9.643e-04 step_time=0.360s steps_per_s=1.857 gpu_mem=0.12GiB peak=2.28GiB
[TRAIN] step=03900 loss=-1.68108 nmse_prop=0.07249 nmse_ls=0.12137 lr=9.643e-04 step_time=0.284s steps_per_s=1.869 gpu_mem=0.12GiB peak=2.28GiB
WARNING:tensorflow:Model's `__init__()` arguments contain non-serializable objects. Please implement a `get_config()` method in the subclassed Model for proper saving and loading. Defaulting to empty config.
WARNING:tensorflow:Model's `__init__()` arguments contain non-serializable objects. Please implement a `get_config()` method in the subclassed Model for proper saving and loading. Defaulting to empty config.
[TRAIN] saved new best weights at step=4000 val_nmse=0.0761722
[TRAIN] step=04000 loss=-2.01494 nmse_prop=0.05334 nmse_ls=0.06685 lr=9.643e-04 step_time=167.639s steps_per_s=1.744 gpu_mem=0.12GiB peak=2.28GiB
[TRAIN] saved resumable state at step=4000 reason=periodic: /lustre10/scratch/rsadve1/Extended_UPAIR_Narval_b32m16_portable_underUMI/optuna/runs_1dmrs/umiNorm_v1_b32_prb8_u34610_1dmrs_stageB_wide_d320_b4_r2/wide_d320_b4_r2_trial_0000/checkpoints/training_state/ckpt-4000
[OPTUNA-WORKER] trial=0 report step=4000 value=-1.0997169
[TRAIN] step=04100 loss=-1.18173 nmse_prop=0.11232 nmse_ls=0.16432 lr=9.643e-04 step_time=0.358s steps_per_s=1.757 gpu_mem=0.12GiB peak=2.28GiB
[TRAIN] step=04200 loss=-1.27210 nmse_prop=0.10334 nmse_ls=0.16206 lr=9.643e-04 step_time=0.360s steps_per_s=1.769 gpu_mem=0.12GiB peak=2.28GiB
[TRAIN] step=04300 loss=-1.08361 nmse_prop=0.12432 nmse_ls=0.23686 lr=9.643e-04 step_time=0.310s steps_per_s=1.782 gpu_mem=0.12GiB peak=2.28GiB
[TRAIN] step=04400 loss=-1.00854 nmse_prop=0.13168 nmse_ls=0.25212 lr=9.643e-04 step_time=0.309s steps_per_s=1.794 gpu_mem=0.12GiB peak=2.28GiB
[TRAIN] step=04500 loss=-1.93829 nmse_prop=0.05536 nmse_ls=0.07179 lr=9.643e-04 step_time=0.358s steps_per_s=1.805 gpu_mem=0.12GiB peak=2.28GiB
[TRAIN] step=04600 loss=-1.55106 nmse_prop=0.07476 nmse_ls=0.08932 lr=9.643e-04 step_time=0.360s steps_per_s=1.816 gpu_mem=0.12GiB peak=2.28GiB
[TRAIN] step=04700 loss=-1.95485 nmse_prop=0.05558 nmse_ls=0.06901 lr=9.643e-04 step_time=0.360s steps_per_s=1.827 gpu_mem=0.12GiB peak=2.28GiB
[TRAIN] step=04800 loss=-0.88660 nmse_prop=0.14952 nmse_ls=0.23286 lr=9.643e-04 step_time=0.366s steps_per_s=1.838 gpu_mem=0.12GiB peak=2.28GiB
[TRAIN] step=04900 loss=-1.93917 nmse_prop=0.05565 nmse_ls=0.07937 lr=9.643e-04 step_time=0.309s steps_per_s=1.848 gpu_mem=0.12GiB peak=2.28GiB
WARNING:tensorflow:Model's `__init__()` arguments contain non-serializable objects. Please implement a `get_config()` method in the subclassed Model for proper saving and loading. Defaulting to empty config.
WARNING:tensorflow:Model's `__init__()` arguments contain non-serializable objects. Please implement a `get_config()` method in the subclassed Model for proper saving and loading. Defaulting to empty config.
[TRAIN] saved new best weights at step=5000 val_nmse=0.0743674
[TRAIN] step=05000 loss=-1.08235 nmse_prop=0.12556 nmse_ls=0.22763 lr=9.643e-04 step_time=166.623s steps_per_s=1.750 gpu_mem=0.12GiB peak=2.28GiB
[TRAIN] saved resumable state at step=5000 reason=periodic: /lustre10/scratch/rsadve1/Extended_UPAIR_Narval_b32m16_portable_underUMI/optuna/runs_1dmrs/umiNorm_v1_b32_prb8_u34610_1dmrs_stageB_wide_d320_b4_r2/wide_d320_b4_r2_trial_0000/checkpoints/training_state/ckpt-5000
[OPTUNA-WORKER] trial=0 report step=5000 value=-1.1361246
[TRAIN] step=05100 loss=-1.55507 nmse_prop=0.07987 nmse_ls=0.12403 lr=9.643e-04 step_time=0.334s steps_per_s=1.760 gpu_mem=0.12GiB peak=2.28GiB
[TRAIN] step=05200 loss=-1.65512 nmse_prop=0.07347 nmse_ls=0.10107 lr=9.643e-04 step_time=0.361s steps_per_s=1.771 gpu_mem=0.12GiB peak=2.28GiB
[TRAIN] step=05300 loss=-1.55411 nmse_prop=0.07945 nmse_ls=0.13624 lr=9.643e-04 step_time=0.334s steps_per_s=1.781 gpu_mem=0.12GiB peak=2.28GiB
[TRAIN] step=05400 loss=-1.04022 nmse_prop=0.12885 nmse_ls=0.22067 lr=9.643e-04 step_time=0.359s steps_per_s=1.790 gpu_mem=0.12GiB peak=2.28GiB
[TRAIN] step=05500 loss=-1.05227 nmse_prop=0.12967 nmse_ls=0.22906 lr=9.643e-04 step_time=0.340s steps_per_s=1.800 gpu_mem=0.12GiB peak=2.28GiB
[TRAIN] step=05600 loss=-1.36725 nmse_prop=0.09373 nmse_ls=0.15837 lr=9.643e-04 step_time=0.336s steps_per_s=1.809 gpu_mem=0.12GiB peak=2.28GiB
[TRAIN] step=05700 loss=-1.06216 nmse_prop=0.12580 nmse_ls=0.22875 lr=9.643e-04 step_time=0.360s steps_per_s=1.818 gpu_mem=0.12GiB peak=2.28GiB
[TRAIN] step=05800 loss=-1.66241 nmse_prop=0.07395 nmse_ls=0.15038 lr=9.643e-04 step_time=0.283s steps_per_s=1.827 gpu_mem=0.12GiB peak=2.28GiB
[TRAIN] step=05900 loss=-1.89124 nmse_prop=0.05873 nmse_ls=0.08757 lr=9.643e-04 step_time=0.335s steps_per_s=1.836 gpu_mem=0.12GiB peak=2.28GiB
WARNING:tensorflow:Model's `__init__()` arguments contain non-serializable objects. Please implement a `get_config()` method in the subclassed Model for proper saving and loading. Defaulting to empty config.
WARNING:tensorflow:Model's `__init__()` arguments contain non-serializable objects. Please implement a `get_config()` method in the subclassed Model for proper saving and loading. Defaulting to empty config.
[TRAIN] saved new best weights at step=6000 val_nmse=0.0733355
[TRAIN] step=06000 loss=-0.71270 nmse_prop=0.17395 nmse_ls=0.29739 lr=9.643e-04 step_time=174.149s steps_per_s=1.751 gpu_mem=0.12GiB peak=2.28GiB
[TRAIN] saved resumable state at step=6000 reason=periodic: /lustre10/scratch/rsadve1/Extended_UPAIR_Narval_b32m16_portable_underUMI/optuna/runs_1dmrs/umiNorm_v1_b32_prb8_u34610_1dmrs_stageB_wide_d320_b4_r2/wide_d320_b4_r2_trial_0000/checkpoints/training_state/ckpt-6000
[OPTUNA-WORKER] trial=0 report step=6000 value=-1.1642355
[TRAIN] step=06100 loss=-1.53610 nmse_prop=0.08054 nmse_ls=0.12065 lr=9.643e-04 step_time=0.358s steps_per_s=1.758 gpu_mem=0.12GiB peak=2.28GiB
[TRAIN] step=06200 loss=-1.18821 nmse_prop=0.11350 nmse_ls=0.18560 lr=9.643e-04 step_time=0.360s steps_per_s=1.766 gpu_mem=0.12GiB peak=2.28GiB
[TRAIN] step=06300 loss=-1.83812 nmse_prop=0.06220 nmse_ls=0.08663 lr=9.643e-04 step_time=0.362s steps_per_s=1.774 gpu_mem=0.12GiB peak=2.28GiB
[TRAIN] step=06400 loss=-2.18576 nmse_prop=0.04556 nmse_ls=0.07680 lr=9.643e-04 step_time=0.286s steps_per_s=1.783 gpu_mem=0.12GiB peak=2.28GiB
[TRAIN] step=06500 loss=-1.79316 nmse_prop=0.06541 nmse_ls=0.10121 lr=9.643e-04 step_time=0.312s steps_per_s=1.791 gpu_mem=0.12GiB peak=2.28GiB
[TRAIN] step=06600 loss=-1.01892 nmse_prop=0.13217 nmse_ls=0.25593 lr=9.643e-04 step_time=0.335s steps_per_s=1.799 gpu_mem=0.12GiB peak=2.28GiB
[TRAIN] step=06700 loss=-1.35968 nmse_prop=0.09650 nmse_ls=0.14736 lr=9.643e-04 step_time=0.360s steps_per_s=1.806 gpu_mem=0.12GiB peak=2.28GiB
[TRAIN] step=06800 loss=-0.96316 nmse_prop=0.13907 nmse_ls=0.26384 lr=9.643e-04 step_time=0.337s steps_per_s=1.814 gpu_mem=0.12GiB peak=2.28GiB
[TRAIN] step=06900 loss=-1.42518 nmse_prop=0.09042 nmse_ls=0.14995 lr=9.643e-04 step_time=0.360s steps_per_s=1.821 gpu_mem=0.12GiB peak=2.28GiB
WARNING:tensorflow:Model's `__init__()` arguments contain non-serializable objects. Please implement a `get_config()` method in the subclassed Model for proper saving and loading. Defaulting to empty config.
WARNING:tensorflow:Model's `__init__()` arguments contain non-serializable objects. Please implement a `get_config()` method in the subclassed Model for proper saving and loading. Defaulting to empty config.
[TRAIN] saved new best weights at step=7000 val_nmse=0.0680154
[TRAIN] step=07000 loss=-1.32810 nmse_prop=0.09805 nmse_ls=0.19422 lr=9.643e-04 step_time=167.186s steps_per_s=1.752 gpu_mem=0.12GiB peak=2.28GiB
[TRAIN] saved resumable state at step=7000 reason=periodic: /lustre10/scratch/rsadve1/Extended_UPAIR_Narval_b32m16_portable_underUMI/optuna/runs_1dmrs/umiNorm_v1_b32_prb8_u34610_1dmrs_stageB_wide_d320_b4_r2/wide_d320_b4_r2_trial_0000/checkpoints/training_state/ckpt-7000
[OPTUNA-WORKER] trial=0 report step=7000 value=-1.1828372
[TRAIN] step=07100 loss=-1.79476 nmse_prop=0.06299 nmse_ls=0.10505 lr=9.643e-04 step_time=0.332s steps_per_s=1.759 gpu_mem=0.12GiB peak=2.28GiB
[TRAIN] step=07200 loss=-2.00099 nmse_prop=0.05482 nmse_ls=0.06783 lr=9.643e-04 step_time=0.359s steps_per_s=1.766 gpu_mem=0.12GiB peak=2.28GiB
[TRAIN] step=07300 loss=-1.14315 nmse_prop=0.11621 nmse_ls=0.22257 lr=9.643e-04 step_time=0.334s steps_per_s=1.773 gpu_mem=0.12GiB peak=2.28GiB
[TRAIN] step=07400 loss=-1.35737 nmse_prop=0.09429 nmse_ls=0.15019 lr=9.643e-04 step_time=0.335s steps_per_s=1.780 gpu_mem=0.12GiB peak=2.28GiB
[TRAIN] step=07500 loss=-2.36081 nmse_prop=0.03930 nmse_ls=0.04470 lr=9.643e-04 step_time=0.361s steps_per_s=1.787 gpu_mem=0.12GiB peak=2.28GiB
[TRAIN] step=07600 loss=-1.63858 nmse_prop=0.07520 nmse_ls=0.13321 lr=9.643e-04 step_time=0.334s steps_per_s=1.794 gpu_mem=0.12GiB peak=2.28GiB
[TRAIN] step=07700 loss=-1.63587 nmse_prop=0.07431 nmse_ls=0.11555 lr=9.643e-04 step_time=0.332s steps_per_s=1.801 gpu_mem=0.12GiB peak=2.28GiB
[TRAIN] step=07800 loss=-1.82108 nmse_prop=0.06338 nmse_ls=0.08781 lr=9.643e-04 step_time=0.363s steps_per_s=1.807 gpu_mem=0.12GiB peak=2.28GiB
[TRAIN] step=07900 loss=-1.56993 nmse_prop=0.07941 nmse_ls=0.12708 lr=9.643e-04 step_time=0.360s steps_per_s=1.814 gpu_mem=0.12GiB peak=2.28GiB
WARNING:tensorflow:Model's `__init__()` arguments contain non-serializable objects. Please implement a `get_config()` method in the subclassed Model for proper saving and loading. Defaulting to empty config.
WARNING:tensorflow:Model's `__init__()` arguments contain non-serializable objects. Please implement a `get_config()` method in the subclassed Model for proper saving and loading. Defaulting to empty config.
[TRAIN] saved new best weights at step=8000 val_nmse=0.0653175
[TRAIN] step=08000 loss=-1.98501 nmse_prop=0.05422 nmse_ls=0.07173 lr=9.643e-04 step_time=191.542s steps_per_s=1.744 gpu_mem=0.12GiB peak=2.28GiB
[TRAIN] saved resumable state at step=8000 reason=periodic: /lustre10/scratch/rsadve1/Extended_UPAIR_Narval_b32m16_portable_underUMI/optuna/runs_1dmrs/umiNorm_v1_b32_prb8_u34610_1dmrs_stageB_wide_d320_b4_r2/wide_d320_b4_r2_trial_0000/checkpoints/training_state/ckpt-8000
[OPTUNA-WORKER] trial=0 report step=8000 value=-1.2036161
[TRAIN] step=08100 loss=-2.18598 nmse_prop=0.05203 nmse_ls=0.07942 lr=9.643e-04 step_time=0.284s steps_per_s=1.749 gpu_mem=0.12GiB peak=2.28GiB
[TRAIN] step=08200 loss=-1.81737 nmse_prop=0.06248 nmse_ls=0.10929 lr=9.643e-04 step_time=0.311s steps_per_s=1.756 gpu_mem=0.12GiB peak=2.28GiB
[TRAIN] step=08300 loss=-1.24365 nmse_prop=0.11120 nmse_ls=0.20338 lr=9.643e-04 step_time=0.336s steps_per_s=1.762 gpu_mem=0.12GiB peak=2.28GiB
[TRAIN] step=08400 loss=-2.47967 nmse_prop=0.03236 nmse_ls=0.06702 lr=9.643e-04 step_time=0.286s steps_per_s=1.768 gpu_mem=0.12GiB peak=2.28GiB
[TRAIN] step=08500 loss=-2.04440 nmse_prop=0.05171 nmse_ls=0.07317 lr=9.643e-04 step_time=0.337s steps_per_s=1.774 gpu_mem=0.12GiB peak=2.28GiB
[TRAIN] step=08600 loss=-1.76160 nmse_prop=0.06731 nmse_ls=0.14872 lr=9.643e-04 step_time=0.290s steps_per_s=1.781 gpu_mem=0.12GiB peak=2.28GiB
[TRAIN] step=08700 loss=-2.11837 nmse_prop=0.04948 nmse_ls=0.08032 lr=9.643e-04 step_time=0.286s steps_per_s=1.787 gpu_mem=0.12GiB peak=2.28GiB
[TRAIN] step=08800 loss=-1.23692 nmse_prop=0.10793 nmse_ls=0.20047 lr=9.643e-04 step_time=0.360s steps_per_s=1.792 gpu_mem=0.12GiB peak=2.28GiB
[TRAIN] step=08900 loss=-1.34716 nmse_prop=0.09800 nmse_ls=0.16101 lr=9.643e-04 step_time=0.360s steps_per_s=1.798 gpu_mem=0.12GiB peak=2.28GiB
[TRAIN] step=09000 loss=-1.82474 nmse_prop=0.06218 nmse_ls=0.11291 lr=9.643e-04 step_time=166.813s steps_per_s=1.746 gpu_mem=0.12GiB peak=2.28GiB
[TRAIN] saved resumable state at step=9000 reason=periodic: /lustre10/scratch/rsadve1/Extended_UPAIR_Narval_b32m16_portable_underUMI/optuna/runs_1dmrs/umiNorm_v1_b32_prb8_u34610_1dmrs_stageB_wide_d320_b4_r2/wide_d320_b4_r2_trial_0000/checkpoints/training_state/ckpt-9000
[OPTUNA-WORKER] trial=0 report step=9000 value=-1.2137609
[TRAIN] step=09100 loss=-2.00440 nmse_prop=0.05225 nmse_ls=0.08783 lr=9.643e-04 step_time=0.334s steps_per_s=1.750 gpu_mem=0.12GiB peak=2.28GiB
[TRAIN] step=09200 loss=-1.70263 nmse_prop=0.06821 nmse_ls=0.13767 lr=9.643e-04 step_time=0.311s steps_per_s=1.756 gpu_mem=0.12GiB peak=2.28GiB
[TRAIN] step=09300 loss=-2.24904 nmse_prop=0.04367 nmse_ls=0.05637 lr=9.643e-04 step_time=0.362s steps_per_s=1.762 gpu_mem=0.12GiB peak=2.28GiB
[TRAIN] step=09400 loss=-1.43124 nmse_prop=0.09043 nmse_ls=0.14660 lr=9.643e-04 step_time=0.360s steps_per_s=1.768 gpu_mem=0.12GiB peak=2.28GiB
[TRAIN] step=09500 loss=-1.06354 nmse_prop=0.12672 nmse_ls=0.24311 lr=9.643e-04 step_time=0.360s steps_per_s=1.773 gpu_mem=0.12GiB peak=2.28GiB
[TRAIN] step=09600 loss=-1.51280 nmse_prop=0.08409 nmse_ls=0.13850 lr=9.643e-04 step_time=0.365s steps_per_s=1.778 gpu_mem=0.12GiB peak=2.28GiB
[TRAIN] step=09700 loss=-1.15030 nmse_prop=0.11795 nmse_ls=0.20454 lr=9.643e-04 step_time=0.362s steps_per_s=1.784 gpu_mem=0.12GiB peak=2.28GiB
[TRAIN] step=09800 loss=-2.24635 nmse_prop=0.04512 nmse_ls=0.05794 lr=9.643e-04 step_time=0.336s steps_per_s=1.789 gpu_mem=0.12GiB peak=2.28GiB
[TRAIN] step=09900 loss=-1.80312 nmse_prop=0.06613 nmse_ls=0.10438 lr=9.643e-04 step_time=0.335s steps_per_s=1.795 gpu_mem=0.12GiB peak=2.28GiB
[TRAIN] step=10000 loss=-1.42043 nmse_prop=0.09156 nmse_ls=0.19431 lr=9.643e-04 step_time=166.199s steps_per_s=1.747 gpu_mem=0.12GiB peak=2.28GiB
[TRAIN] saved resumable state at step=10000 reason=periodic: /lustre10/scratch/rsadve1/Extended_UPAIR_Narval_b32m16_portable_underUMI/optuna/runs_1dmrs/umiNorm_v1_b32_prb8_u34610_1dmrs_stageB_wide_d320_b4_r2/wide_d320_b4_r2_trial_0000/checkpoints/training_state/ckpt-10000
[OPTUNA-WORKER] trial=0 report step=10000 value=-1.2218867
[TRAIN] step=10100 loss=-1.57675 nmse_prop=0.07858 nmse_ls=0.14376 lr=9.643e-04 step_time=0.333s steps_per_s=1.752 gpu_mem=0.12GiB peak=2.28GiB
[TRAIN] step=10200 loss=-1.61389 nmse_prop=0.07737 nmse_ls=0.11813 lr=9.643e-04 step_time=0.362s steps_per_s=1.758 gpu_mem=0.12GiB peak=2.28GiB
[TRAIN] step=10300 loss=-2.31001 nmse_prop=0.04216 nmse_ls=0.04968 lr=9.643e-04 step_time=0.361s steps_per_s=1.763 gpu_mem=0.12GiB peak=2.28GiB
[TRAIN] step=10400 loss=-2.17100 nmse_prop=0.04671 nmse_ls=0.05815 lr=9.643e-04 step_time=0.360s steps_per_s=1.768 gpu_mem=0.12GiB peak=2.28GiB
[TRAIN] step=10500 loss=-2.34402 nmse_prop=0.04103 nmse_ls=0.05037 lr=9.643e-04 step_time=0.334s steps_per_s=1.773 gpu_mem=0.12GiB peak=2.28GiB
[TRAIN] step=10600 loss=-2.02614 nmse_prop=0.05204 nmse_ls=0.07241 lr=9.643e-04 step_time=0.359s steps_per_s=1.778 gpu_mem=0.12GiB peak=2.28GiB
[TRAIN] step=10700 loss=-2.57433 nmse_prop=0.03008 nmse_ls=0.05511 lr=9.643e-04 step_time=0.284s steps_per_s=1.783 gpu_mem=0.12GiB peak=2.28GiB
[TRAIN] step=10800 loss=-1.20211 nmse_prop=0.11052 nmse_ls=0.23103 lr=9.643e-04 step_time=0.335s steps_per_s=1.788 gpu_mem=0.12GiB peak=2.28GiB
[TRAIN] step=10900 loss=-1.62303 nmse_prop=0.07886 nmse_ls=0.14887 lr=9.643e-04 step_time=0.337s steps_per_s=1.792 gpu_mem=0.12GiB peak=2.28GiB
WARNING:tensorflow:Model's `__init__()` arguments contain non-serializable objects. Please implement a `get_config()` method in the subclassed Model for proper saving and loading. Defaulting to empty config.
WARNING:tensorflow:Model's `__init__()` arguments contain non-serializable objects. Please implement a `get_config()` method in the subclassed Model for proper saving and loading. Defaulting to empty config.
[TRAIN] saved new best weights at step=11000 val_nmse=0.0624092
[TRAIN] step=11000 loss=-1.95843 nmse_prop=0.05662 nmse_ls=0.09962 lr=9.643e-04 step_time=165.859s steps_per_s=1.750 gpu_mem=0.12GiB peak=2.28GiB
[TRAIN] saved resumable state at step=11000 reason=periodic: /lustre10/scratch/rsadve1/Extended_UPAIR_Narval_b32m16_portable_underUMI/optuna/runs_1dmrs/umiNorm_v1_b32_prb8_u34610_1dmrs_stageB_wide_d320_b4_r2/wide_d320_b4_r2_trial_0000/checkpoints/training_state/ckpt-11000
[OPTUNA-WORKER] trial=0 report step=11000 value=-1.2300072
[TRAIN] step=11100 loss=-1.42575 nmse_prop=0.09263 nmse_ls=0.18010 lr=9.643e-04 step_time=0.334s steps_per_s=1.754 gpu_mem=0.12GiB peak=2.28GiB
[TRAIN] step=11200 loss=-1.56861 nmse_prop=0.07960 nmse_ls=0.19113 lr=9.643e-04 step_time=0.312s steps_per_s=1.759 gpu_mem=0.12GiB peak=2.28GiB
[TRAIN] step=11300 loss=-1.72618 nmse_prop=0.06870 nmse_ls=0.11236 lr=9.643e-04 step_time=0.335s steps_per_s=1.764 gpu_mem=0.12GiB peak=2.28GiB
[TRAIN] step=11400 loss=-1.77248 nmse_prop=0.06664 nmse_ls=0.12125 lr=9.643e-04 step_time=0.309s steps_per_s=1.769 gpu_mem=0.12GiB peak=2.28GiB
[TRAIN] step=11500 loss=-2.22555 nmse_prop=0.04453 nmse_ls=0.05728 lr=9.643e-04 step_time=0.360s steps_per_s=1.773 gpu_mem=0.12GiB peak=2.28GiB
[TRAIN] step=11600 loss=-1.57804 nmse_prop=0.08318 nmse_ls=0.13081 lr=9.643e-04 step_time=0.359s steps_per_s=1.778 gpu_mem=0.12GiB peak=2.28GiB
[TRAIN] step=11700 loss=-1.81963 nmse_prop=0.06511 nmse_ls=0.10402 lr=9.643e-04 step_time=0.334s steps_per_s=1.782 gpu_mem=0.12GiB peak=2.28GiB
[TRAIN] step=11800 loss=-1.96622 nmse_prop=0.05523 nmse_ls=0.10698 lr=9.643e-04 step_time=0.309s steps_per_s=1.787 gpu_mem=0.12GiB peak=2.28GiB
[TRAIN] step=11900 loss=-1.99200 nmse_prop=0.05472 nmse_ls=0.07582 lr=9.643e-04 step_time=0.361s steps_per_s=1.791 gpu_mem=0.12GiB peak=2.28GiB
[TRAIN] step=12000 loss=-1.21086 nmse_prop=0.11144 nmse_ls=0.25134 lr=9.643e-04 step_time=166.257s steps_per_s=1.752 gpu_mem=0.12GiB peak=2.28GiB
[TRAIN] saved resumable state at step=12000 reason=periodic: /lustre10/scratch/rsadve1/Extended_UPAIR_Narval_b32m16_portable_underUMI/optuna/runs_1dmrs/umiNorm_v1_b32_prb8_u34610_1dmrs_stageB_wide_d320_b4_r2/wide_d320_b4_r2_trial_0000/checkpoints/training_state/ckpt-12000
[OPTUNA-WORKER] trial=0 report step=12000 value=-1.2408305
[TRAIN] saved resumable state at step=12000 reason=final: /lustre10/scratch/rsadve1/Extended_UPAIR_Narval_b32m16_portable_underUMI/optuna/runs_1dmrs/umiNorm_v1_b32_prb8_u34610_1dmrs_stageB_wide_d320_b4_r2/wide_d320_b4_r2_trial_0000/checkpoints/training_state/ckpt-12000
[OPTUNA-WORKER] complete trial=0 value=-1.2408305
[OPTUNA-ISO] completed trial=0 value=-1.2408305
[OPTUNA] exported best params: /lustre10/scratch/rsadve1/Extended_UPAIR_Narval_b32m16_portable_underUMI/optuna/umiNorm_v1_b32_prb8_u34610_1dmrs_stageB_wide_d320_b4_r2_best_params.json
[OPTUNA-ISO] starting stage=B trial=1 trial_id=2 params={'batch_size_train': 8, 'batch_size_eval': 8, 'learning_rate_schedule': 'polynomial_decay', 'learning_rate': 0.0008788509854471044, 'learning_rate_decay_fraction': 1.25, 'learning_rate_final_fraction': 0.02988330276131284, 'learning_rate_polynomial_power': 1.8150943967789455, 'weight_decay': 8.507887091089711e-06, 'nmse_loss_weight': 0.31622756612199476, 'grad_clip_norm': 0.5, 'dropout': 0.029975724725883654, 'residual_scale': 0.5875250819591711}
[OPTUNA-ISO] launching worker trial=1 pid=<pending> params={'batch_size_train': 8, 'batch_size_eval': 8, 'learning_rate_schedule': 'polynomial_decay', 'learning_rate': 0.0008788509854471044, 'learning_rate_decay_fraction': 1.25, 'learning_rate_final_fraction': 0.02988330276131284, 'learning_rate_polynomial_power': 1.8150943967789455, 'weight_decay': 8.507887091089711e-06, 'nmse_loss_weight': 0.31622756612199476, 'grad_clip_norm': 0.5, 'dropout': 0.029975724725883654, 'residual_scale': 0.5875250819591711}
2026-07-02 12:39:48.050152: E external/local_xla/xla/stream_executor/cuda/cuda_dnn.cc:9261] Unable to register cuDNN factory: Attempting to register factory for plugin cuDNN when one has already been registered
2026-07-02 12:39:48.050668: E external/local_xla/xla/stream_executor/cuda/cuda_fft.cc:607] Unable to register cuFFT factory: Attempting to register factory for plugin cuFFT when one has already been registered
2026-07-02 12:39:48.123872: E external/local_xla/xla/stream_executor/cuda/cuda_blas.cc:1515] Unable to register cuBLAS factory: Attempting to register factory for plugin cuBLAS when one has already been registered
[OPTUNA-WORKER] start trial=1 pid=1213134 TF_GPU_ALLOCATOR=cuda_malloc_async TF_FORCE_GPU_ALLOW_GROWTH=true
[OPTUNA-WORKER] visible_gpus=[PhysicalDevice(name='/physical_device:GPU:0', device_type='GPU')]
[TRAIN] optimizer lr_schedule=polynomial_decay learning_rate=0.000878851 weight_decay=8.50789e-06
[TRAIN] seeds active_seed=7 training_seed=7 evaluation_seed=1007
[TRAIN] starting from scratch
2026-07-02 12:40:25.075450: E tensorflow/core/grappler/optimizers/meta_optimizer.cc:961] layout failed: INVALID_ARGUMENT: Size of values 0 does not match size of permutation 4 @ fanin shape inaxial_block_0/dropout/dropout_2/SelectV2-2-TransposeNHWCToNCHW-LayoutOptimizer
WARNING: All log messages before absl::InitializeLog() is called are written to STDERR
I0000 00:00:1783010428.694282 1213185 device_compiler.h:186] Compiled cluster using XLA!  This line is logged at most once for the lifetime of the process.
[TRAIN] step=00001 loss=-0.20260 nmse_prop=0.11765 nmse_ls=0.11765 lr=8.789e-04 step_time=21.212s steps_per_s=0.047 gpu_mem=0.10GiB peak=2.25GiB
[TRAIN] step=00100 loss=-0.97394 nmse_prop=0.13213 nmse_ls=0.13593 lr=8.687e-04 step_time=0.356s steps_per_s=1.262 gpu_mem=0.12GiB peak=2.28GiB
[TRAIN] step=00200 loss=-0.93608 nmse_prop=0.11465 nmse_ls=0.11453 lr=8.584e-04 step_time=0.355s steps_per_s=1.702 gpu_mem=0.12GiB peak=2.28GiB
[TRAIN] step=00300 loss=-0.45965 nmse_prop=0.21215 nmse_ls=0.22760 lr=8.483e-04 step_time=0.357s steps_per_s=1.923 gpu_mem=0.12GiB peak=2.28GiB
[TRAIN] step=00400 loss=-1.41000 nmse_prop=0.08699 nmse_ls=0.09023 lr=8.381e-04 step_time=0.358s steps_per_s=2.055 gpu_mem=0.12GiB peak=2.28GiB
[TRAIN] step=00500 loss=-1.64319 nmse_prop=0.06952 nmse_ls=0.07026 lr=8.281e-04 step_time=0.332s steps_per_s=2.143 gpu_mem=0.12GiB peak=2.28GiB
[TRAIN] step=00600 loss=-0.94341 nmse_prop=0.13620 nmse_ls=0.14501 lr=8.181e-04 step_time=0.331s steps_per_s=2.209 gpu_mem=0.12GiB peak=2.28GiB
[TRAIN] step=00700 loss=-0.36755 nmse_prop=0.23543 nmse_ls=0.26849 lr=8.081e-04 step_time=0.331s steps_per_s=2.258 gpu_mem=0.12GiB peak=2.28GiB
[TRAIN] step=00800 loss=-1.51545 nmse_prop=0.08072 nmse_ls=0.08376 lr=7.982e-04 step_time=0.331s steps_per_s=2.294 gpu_mem=0.12GiB peak=2.28GiB
[TRAIN] step=00900 loss=-1.35799 nmse_prop=0.07753 nmse_ls=0.07482 lr=7.884e-04 step_time=0.358s steps_per_s=2.324 gpu_mem=0.12GiB peak=2.28GiB
WARNING:tensorflow:Model's `__init__()` arguments contain non-serializable objects. Please implement a `get_config()` method in the subclassed Model for proper saving and loading. Defaulting to empty config.
WARNING:tensorflow:Model's `__init__()` arguments contain non-serializable objects. Please implement a `get_config()` method in the subclassed Model for proper saving and loading. Defaulting to empty config.
[TRAIN] saved new best weights at step=1000 val_nmse=0.100915
[TRAIN] step=01000 loss=-0.70194 nmse_prop=0.16500 nmse_ls=0.21171 lr=7.786e-04 step_time=522.527s steps_per_s=1.055 gpu_mem=0.12GiB peak=2.28GiB
[TRAIN] saved resumable state at step=1000 reason=periodic: /lustre10/scratch/rsadve1/Extended_UPAIR_Narval_b32m16_portable_underUMI/optuna/runs_1dmrs/umiNorm_v1_b32_prb8_u34610_1dmrs_stageB_wide_d320_b4_r2/wide_d320_b4_r2_trial_0001/checkpoints/training_state/ckpt-1000
[OPTUNA-WORKER] trial=1 report step=1000 value=-1.0020743
[TRAIN] step=01100 loss=-0.55539 nmse_prop=0.19773 nmse_ls=0.23057 lr=7.689e-04 step_time=0.355s steps_per_s=1.114 gpu_mem=0.12GiB peak=2.28GiB
[TRAIN] step=01200 loss=-1.76838 nmse_prop=0.06288 nmse_ls=0.06123 lr=7.592e-04 step_time=0.357s steps_per_s=1.168 gpu_mem=0.12GiB peak=2.28GiB
[TRAIN] step=01300 loss=-0.82603 nmse_prop=0.15421 nmse_ls=0.18827 lr=7.496e-04 step_time=0.305s steps_per_s=1.219 gpu_mem=0.12GiB peak=2.28GiB
[TRAIN] step=01400 loss=-1.86395 nmse_prop=0.05796 nmse_ls=0.05740 lr=7.400e-04 step_time=0.331s steps_per_s=1.265 gpu_mem=0.12GiB peak=2.28GiB
[TRAIN] step=01500 loss=-1.37629 nmse_prop=0.09100 nmse_ls=0.09927 lr=7.305e-04 step_time=0.332s steps_per_s=1.309 gpu_mem=0.12GiB peak=2.28GiB
[TRAIN] step=01600 loss=-0.54970 nmse_prop=0.19920 nmse_ls=0.25736 lr=7.211e-04 step_time=0.356s steps_per_s=1.350 gpu_mem=0.12GiB peak=2.28GiB
[TRAIN] step=01700 loss=-1.09030 nmse_prop=0.12042 nmse_ls=0.15556 lr=7.117e-04 step_time=0.333s steps_per_s=1.389 gpu_mem=0.12GiB peak=2.28GiB
[TRAIN] step=01800 loss=-0.85500 nmse_prop=0.15114 nmse_ls=0.19522 lr=7.024e-04 step_time=0.356s steps_per_s=1.424 gpu_mem=0.12GiB peak=2.28GiB
[TRAIN] step=01900 loss=-0.68601 nmse_prop=0.17409 nmse_ls=0.26039 lr=6.931e-04 step_time=0.331s steps_per_s=1.458 gpu_mem=0.12GiB peak=2.28GiB
WARNING:tensorflow:Model's `__init__()` arguments contain non-serializable objects. Please implement a `get_config()` method in the subclassed Model for proper saving and loading. Defaulting to empty config.
WARNING:tensorflow:Model's `__init__()` arguments contain non-serializable objects. Please implement a `get_config()` method in the subclassed Model for proper saving and loading. Defaulting to empty config.
[TRAIN] saved new best weights at step=2000 val_nmse=0.088763
[TRAIN] step=02000 loss=-0.94582 nmse_prop=0.13831 nmse_ls=0.18992 lr=6.839e-04 step_time=206.229s steps_per_s=1.291 gpu_mem=0.12GiB peak=2.28GiB
[TRAIN] saved resumable state at step=2000 reason=periodic: /lustre10/scratch/rsadve1/Extended_UPAIR_Narval_b32m16_portable_underUMI/optuna/runs_1dmrs/umiNorm_v1_b32_prb8_u34610_1dmrs_stageB_wide_d320_b4_r2/wide_d320_b4_r2_trial_0001/checkpoints/training_state/ckpt-2000
[OPTUNA-WORKER] trial=1 report step=2000 value=-1.0375542
[TRAIN] step=02100 loss=-1.14043 nmse_prop=0.11655 nmse_ls=0.14761 lr=6.748e-04 step_time=0.354s steps_per_s=1.321 gpu_mem=0.12GiB peak=2.28GiB
[TRAIN] step=02200 loss=-0.69029 nmse_prop=0.17797 nmse_ls=0.24460 lr=6.657e-04 step_time=0.357s steps_per_s=1.351 gpu_mem=0.12GiB peak=2.28GiB
[TRAIN] step=02300 loss=-1.75962 nmse_prop=0.06563 nmse_ls=0.07815 lr=6.566e-04 step_time=0.332s steps_per_s=1.379 gpu_mem=0.12GiB peak=2.28GiB
[TRAIN] step=02400 loss=-0.79925 nmse_prop=0.15951 nmse_ls=0.23457 lr=6.476e-04 step_time=0.356s steps_per_s=1.406 gpu_mem=0.12GiB peak=2.28GiB
[TRAIN] step=02500 loss=-1.27140 nmse_prop=0.10328 nmse_ls=0.14557 lr=6.387e-04 step_time=0.334s steps_per_s=1.431 gpu_mem=0.12GiB peak=2.28GiB
[TRAIN] step=02600 loss=-1.20849 nmse_prop=0.10819 nmse_ls=0.15107 lr=6.299e-04 step_time=0.357s steps_per_s=1.455 gpu_mem=0.12GiB peak=2.28GiB
[TRAIN] step=02700 loss=-1.30618 nmse_prop=0.10008 nmse_ls=0.14693 lr=6.211e-04 step_time=0.332s steps_per_s=1.478 gpu_mem=0.12GiB peak=2.28GiB
[TRAIN] step=02800 loss=-1.14303 nmse_prop=0.11310 nmse_ls=0.21467 lr=6.123e-04 step_time=0.310s steps_per_s=1.501 gpu_mem=0.12GiB peak=2.28GiB
[TRAIN] step=02900 loss=-1.72421 nmse_prop=0.06730 nmse_ls=0.08888 lr=6.036e-04 step_time=0.335s steps_per_s=1.522 gpu_mem=0.12GiB peak=2.28GiB
WARNING:tensorflow:Model's `__init__()` arguments contain non-serializable objects. Please implement a `get_config()` method in the subclassed Model for proper saving and loading. Defaulting to empty config.
WARNING:tensorflow:Model's `__init__()` arguments contain non-serializable objects. Please implement a `get_config()` method in the subclassed Model for proper saving and loading. Defaulting to empty config.
[TRAIN] saved new best weights at step=3000 val_nmse=0.0823274
[TRAIN] step=03000 loss=-0.88536 nmse_prop=0.14678 nmse_ls=0.24939 lr=5.950e-04 step_time=167.429s steps_per_s=1.420 gpu_mem=0.12GiB peak=2.28GiB
[TRAIN] saved resumable state at step=3000 reason=periodic: /lustre10/scratch/rsadve1/Extended_UPAIR_Narval_b32m16_portable_underUMI/optuna/runs_1dmrs/umiNorm_v1_b32_prb8_u34610_1dmrs_stageB_wide_d320_b4_r2/wide_d320_b4_r2_trial_0001/checkpoints/training_state/ckpt-3000
[OPTUNA-WORKER] trial=1 report step=3000 value=-1.0634707
[TRAIN] step=03100 loss=-1.13835 nmse_prop=0.11527 nmse_ls=0.20745 lr=5.864e-04 step_time=0.331s steps_per_s=1.440 gpu_mem=0.12GiB peak=2.28GiB
[TRAIN] step=03200 loss=-1.95183 nmse_prop=0.05510 nmse_ls=0.06803 lr=5.779e-04 step_time=0.359s steps_per_s=1.460 gpu_mem=0.12GiB peak=2.28GiB
[TRAIN] step=03300 loss=-0.95521 nmse_prop=0.13809 nmse_ls=0.22895 lr=5.694e-04 step_time=0.358s steps_per_s=1.479 gpu_mem=0.12GiB peak=2.28GiB
[TRAIN] step=03400 loss=-2.25532 nmse_prop=0.04280 nmse_ls=0.04736 lr=5.611e-04 step_time=0.358s steps_per_s=1.497 gpu_mem=0.12GiB peak=2.28GiB
[TRAIN] step=03500 loss=-1.85241 nmse_prop=0.06116 nmse_ls=0.07800 lr=5.527e-04 step_time=0.357s steps_per_s=1.515 gpu_mem=0.12GiB peak=2.28GiB
[TRAIN] step=03600 loss=-1.69151 nmse_prop=0.06869 nmse_ls=0.09850 lr=5.444e-04 step_time=0.358s steps_per_s=1.532 gpu_mem=0.12GiB peak=2.28GiB
[TRAIN] step=03700 loss=-0.95942 nmse_prop=0.13758 nmse_ls=0.22301 lr=5.362e-04 step_time=0.356s steps_per_s=1.549 gpu_mem=0.12GiB peak=2.28GiB
[TRAIN] step=03800 loss=-1.49644 nmse_prop=0.08393 nmse_ls=0.13042 lr=5.281e-04 step_time=0.357s steps_per_s=1.564 gpu_mem=0.12GiB peak=2.28GiB
[TRAIN] step=03900 loss=-1.72503 nmse_prop=0.06943 nmse_ls=0.12137 lr=5.200e-04 step_time=0.281s steps_per_s=1.580 gpu_mem=0.12GiB peak=2.28GiB
WARNING:tensorflow:Model's `__init__()` arguments contain non-serializable objects. Please implement a `get_config()` method in the subclassed Model for proper saving and loading. Defaulting to empty config.
WARNING:tensorflow:Model's `__init__()` arguments contain non-serializable objects. Please implement a `get_config()` method in the subclassed Model for proper saving and loading. Defaulting to empty config.
[TRAIN] saved new best weights at step=4000 val_nmse=0.073109
[TRAIN] step=04000 loss=-2.07723 nmse_prop=0.05134 nmse_ls=0.06685 lr=5.119e-04 step_time=176.658s steps_per_s=1.490 gpu_mem=0.12GiB peak=2.28GiB
[TRAIN] saved resumable state at step=4000 reason=periodic: /lustre10/scratch/rsadve1/Extended_UPAIR_Narval_b32m16_portable_underUMI/optuna/runs_1dmrs/umiNorm_v1_b32_prb8_u34610_1dmrs_stageB_wide_d320_b4_r2/wide_d320_b4_r2_trial_0001/checkpoints/training_state/ckpt-4000
[OPTUNA-WORKER] trial=1 report step=4000 value=-1.1206823
[TRAIN] step=04100 loss=-1.24055 nmse_prop=0.10526 nmse_ls=0.16432 lr=5.039e-04 step_time=0.357s steps_per_s=1.505 gpu_mem=0.12GiB peak=2.28GiB
[TRAIN] step=04200 loss=-1.34471 nmse_prop=0.09508 nmse_ls=0.16206 lr=4.960e-04 step_time=0.359s steps_per_s=1.520 gpu_mem=0.12GiB peak=2.28GiB
[TRAIN] step=04300 loss=-1.14454 nmse_prop=0.11710 nmse_ls=0.23686 lr=4.881e-04 step_time=0.307s steps_per_s=1.534 gpu_mem=0.12GiB peak=2.28GiB
[TRAIN] step=04400 loss=-1.03958 nmse_prop=0.12703 nmse_ls=0.25212 lr=4.803e-04 step_time=0.308s steps_per_s=1.548 gpu_mem=0.12GiB peak=2.28GiB
[TRAIN] step=04500 loss=-2.01826 nmse_prop=0.05231 nmse_ls=0.07179 lr=4.726e-04 step_time=0.357s steps_per_s=1.561 gpu_mem=0.12GiB peak=2.28GiB
[TRAIN] step=04600 loss=-1.68813 nmse_prop=0.07259 nmse_ls=0.08932 lr=4.649e-04 step_time=0.359s steps_per_s=1.574 gpu_mem=0.12GiB peak=2.28GiB
[TRAIN] step=04700 loss=-2.00584 nmse_prop=0.05270 nmse_ls=0.06901 lr=4.573e-04 step_time=0.357s steps_per_s=1.587 gpu_mem=0.12GiB peak=2.28GiB
[TRAIN] step=04800 loss=-0.97347 nmse_prop=0.13647 nmse_ls=0.23286 lr=4.497e-04 step_time=0.359s steps_per_s=1.599 gpu_mem=0.12GiB peak=2.28GiB
[TRAIN] step=04900 loss=-1.98697 nmse_prop=0.05472 nmse_ls=0.07937 lr=4.422e-04 step_time=0.307s steps_per_s=1.612 gpu_mem=0.12GiB peak=2.28GiB
WARNING:tensorflow:Model's `__init__()` arguments contain non-serializable objects. Please implement a `get_config()` method in the subclassed Model for proper saving and loading. Defaulting to empty config.
WARNING:tensorflow:Model's `__init__()` arguments contain non-serializable objects. Please implement a `get_config()` method in the subclassed Model for proper saving and loading. Defaulting to empty config.
[TRAIN] saved new best weights at step=5000 val_nmse=0.0714481
[TRAIN] step=05000 loss=-1.14871 nmse_prop=0.11661 nmse_ls=0.22763 lr=4.348e-04 step_time=166.797s steps_per_s=1.540 gpu_mem=0.12GiB peak=2.28GiB
[TRAIN] saved resumable state at step=5000 reason=periodic: /lustre10/scratch/rsadve1/Extended_UPAIR_Narval_b32m16_portable_underUMI/optuna/runs_1dmrs/umiNorm_v1_b32_prb8_u34610_1dmrs_stageB_wide_d320_b4_r2/wide_d320_b4_r2_trial_0001/checkpoints/training_state/ckpt-5000
[OPTUNA-WORKER] trial=1 report step=5000 value=-1.1580345
[TRAIN] step=05100 loss=-1.62062 nmse_prop=0.07553 nmse_ls=0.12403 lr=4.274e-04 step_time=0.332s steps_per_s=1.552 gpu_mem=0.12GiB peak=2.28GiB
[TRAIN] step=05200 loss=-1.72545 nmse_prop=0.07128 nmse_ls=0.10107 lr=4.201e-04 step_time=0.357s steps_per_s=1.564 gpu_mem=0.12GiB peak=2.28GiB
[TRAIN] step=05300 loss=-1.62180 nmse_prop=0.07443 nmse_ls=0.13624 lr=4.128e-04 step_time=0.335s steps_per_s=1.575 gpu_mem=0.12GiB peak=2.28GiB
[TRAIN] step=05400 loss=-1.13303 nmse_prop=0.11693 nmse_ls=0.22067 lr=4.056e-04 step_time=0.357s steps_per_s=1.586 gpu_mem=0.12GiB peak=2.28GiB
[TRAIN] step=05500 loss=-1.11739 nmse_prop=0.12087 nmse_ls=0.22906 lr=3.985e-04 step_time=0.336s steps_per_s=1.597 gpu_mem=0.12GiB peak=2.28GiB
[TRAIN] step=05600 loss=-1.43612 nmse_prop=0.08896 nmse_ls=0.15837 lr=3.914e-04 step_time=0.336s steps_per_s=1.608 gpu_mem=0.12GiB peak=2.28GiB
[TRAIN] step=05700 loss=-1.14977 nmse_prop=0.11471 nmse_ls=0.22875 lr=3.844e-04 step_time=0.359s steps_per_s=1.618 gpu_mem=0.12GiB peak=2.28GiB
[TRAIN] step=05800 loss=-1.66152 nmse_prop=0.07524 nmse_ls=0.15038 lr=3.774e-04 step_time=0.282s steps_per_s=1.628 gpu_mem=0.12GiB peak=2.28GiB
[TRAIN] step=05900 loss=-1.95252 nmse_prop=0.05682 nmse_ls=0.08757 lr=3.705e-04 step_time=0.333s steps_per_s=1.638 gpu_mem=0.12GiB peak=2.28GiB
